{"/home/admin1/apollo graphql/server.js":{"path":"/home/admin1/apollo graphql/server.js","statementMap":{"0":{"start":{"line":19,"column":0},"end":{"line":19,"column":27}},"1":{"start":{"line":20,"column":25},"end":{"line":20,"column":57}},"2":{"start":{"line":21,"column":16},"end":{"line":21,"column":34}},"3":{"start":{"line":22,"column":21},"end":{"line":22,"column":44}},"4":{"start":{"line":24,"column":18},"end":{"line":24,"column":54}},"5":{"start":{"line":25,"column":17},"end":{"line":25,"column":54}},"6":{"start":{"line":26,"column":17},"end":{"line":26,"column":36}},"7":{"start":{"line":27,"column":24},"end":{"line":27,"column":75}},"8":{"start":{"line":28,"column":16},"end":{"line":28,"column":34}},"9":{"start":{"line":30,"column":0},"end":{"line":30,"column":18}},"10":{"start":{"line":33,"column":0},"end":{"line":33,"column":24}},"11":{"start":{"line":35,"column":15},"end":{"line":45,"column":2}},"12":{"start":{"line":38,"column":25},"end":{"line":44,"column":3}},"13":{"start":{"line":47,"column":12},"end":{"line":47,"column":21}},"14":{"start":{"line":50,"column":0},"end":{"line":50,"column":32}},"15":{"start":{"line":53,"column":0},"end":{"line":55,"column":1}},"16":{"start":{"line":54,"column":2},"end":{"line":54,"column":78}}},"fnMap":{"0":{"name":"(anonymous_0)","decl":{"start":{"line":38,"column":11},"end":{"line":38,"column":12}},"loc":{"start":{"line":38,"column":25},"end":{"line":44,"column":3}},"line":38},"1":{"name":"(anonymous_1)","decl":{"start":{"line":53,"column":27},"end":{"line":53,"column":28}},"loc":{"start":{"line":54,"column":2},"end":{"line":54,"column":78}},"line":54}},"branchMap":{},"s":{"0":1,"1":1,"2":1,"3":1,"4":1,"5":1,"6":1,"7":1,"8":1,"9":1,"10":1,"11":1,"12":36,"13":1,"14":1,"15":1,"16":1},"f":{"0":36,"1":1},"b":{},"_coverageSchema":"43e27e138ebf9cfc5966b082cf9a028302ed4184","hash":"b84ffe55361c6d6fe1fcfca9da4a41f272edac92","contentHash":"eec6bc670b3f6674ffa22b6beeca1df4e9977f160d5a8175c42b8a12d96d9d0a"},"/home/admin1/apollo graphql/src/schema.js":{"path":"/home/admin1/apollo graphql/src/schema.js","statementMap":{"0":{"start":{"line":1,"column":16},"end":{"line":1,"column":40}},"1":{"start":{"line":3,"column":17},"end":{"line":107,"column":1}},"2":{"start":{"line":109,"column":0},"end":{"line":109,"column":30}}},"fnMap":{},"branchMap":{},"s":{"0":1,"1":1,"2":1},"f":{},"b":{},"_coverageSchema":"43e27e138ebf9cfc5966b082cf9a028302ed4184","hash":"16cea50de024a173e0de3e1036deaa13e279d792","contentHash":"0424a4c8d6b5806d8c5c28cf7062ecca2fa25aa1f51504687a4b87a6dc978099"},"/home/admin1/apollo graphql/src/resolvers.js":{"path":"/home/admin1/apollo graphql/src/resolvers.js","statementMap":{"0":{"start":{"line":17,"column":18},"end":{"line":17,"column":47}},"1":{"start":{"line":18,"column":19},"end":{"line":18,"column":49}},"2":{"start":{"line":19,"column":19},"end":{"line":19,"column":49}},"3":{"start":{"line":20,"column":26},"end":{"line":20,"column":57}},"4":{"start":{"line":23,"column":21},"end":{"line":23,"column":61}},"5":{"start":{"line":24,"column":14},"end":{"line":24,"column":47}},"6":{"start":{"line":25,"column":20},"end":{"line":25,"column":59}},"7":{"start":{"line":26,"column":22},"end":{"line":26,"column":63}},"8":{"start":{"line":27,"column":23},"end":{"line":27,"column":65}},"9":{"start":{"line":28,"column":17},"end":{"line":28,"column":55}},"10":{"start":{"line":29,"column":20},"end":{"line":29,"column":61}},"11":{"start":{"line":30,"column":20},"end":{"line":30,"column":61}},"12":{"start":{"line":31,"column":16},"end":{"line":31,"column":53}},"13":{"start":{"line":32,"column":19},"end":{"line":32,"column":58}},"14":{"start":{"line":33,"column":17},"end":{"line":33,"column":54}},"15":{"start":{"line":34,"column":23},"end":{"line":34,"column":66}},"16":{"start":{"line":35,"column":28},"end":{"line":35,"column":76}},"17":{"start":{"line":36,"column":14},"end":{"line":36,"column":48}},"18":{"start":{"line":37,"column":16},"end":{"line":37,"column":52}},"19":{"start":{"line":38,"column":16},"end":{"line":38,"column":52}},"20":{"start":{"line":39,"column":18},"end":{"line":39,"column":56}},"21":{"start":{"line":40,"column":20},"end":{"line":40,"column":60}},"22":{"start":{"line":41,"column":14},"end":{"line":41,"column":48}},"23":{"start":{"line":42,"column":18},"end":{"line":42,"column":53}},"24":{"start":{"line":43,"column":20},"end":{"line":43,"column":60}},"25":{"start":{"line":44,"column":23},"end":{"line":44,"column":64}},"26":{"start":{"line":45,"column":20},"end":{"line":45,"column":58}},"27":{"start":{"line":46,"column":18},"end":{"line":46,"column":64}},"28":{"start":{"line":48,"column":21},"end":{"line":48,"column":60}},"29":{"start":{"line":49,"column":21},"end":{"line":49,"column":60}},"30":{"start":{"line":50,"column":13},"end":{"line":50,"column":44}},"31":{"start":{"line":51,"column":15},"end":{"line":51,"column":48}},"32":{"start":{"line":52,"column":24},"end":{"line":52,"column":78}},"33":{"start":{"line":53,"column":27},"end":{"line":53,"column":84}},"34":{"start":{"line":54,"column":24},"end":{"line":54,"column":66}},"35":{"start":{"line":55,"column":26},"end":{"line":55,"column":70}},"36":{"start":{"line":60,"column":14},"end":{"line":60,"column":47}},"37":{"start":{"line":61,"column":27},"end":{"line":61,"column":75}},"38":{"start":{"line":62,"column":33},"end":{"line":62,"column":86}},"39":{"start":{"line":65,"column":0},"end":{"line":175,"column":1}},"40":{"start":{"line":110,"column":12},"end":{"line":136,"column":13}},"41":{"start":{"line":112,"column":33},"end":{"line":112,"column":70}},"42":{"start":{"line":114,"column":16},"end":{"line":127,"column":17}},"43":{"start":{"line":115,"column":39},"end":{"line":115,"column":61}},"44":{"start":{"line":116,"column":33},"end":{"line":116,"column":49}},"45":{"start":{"line":117,"column":32},"end":{"line":117,"column":65}},"46":{"start":{"line":118,"column":20},"end":{"line":118,"column":69}},"47":{"start":{"line":122,"column":33},"end":{"line":122,"column":76}},"48":{"start":{"line":123,"column":20},"end":{"line":123,"column":75}},"49":{"start":{"line":124,"column":33},"end":{"line":124,"column":49}},"50":{"start":{"line":125,"column":32},"end":{"line":125,"column":59}},"51":{"start":{"line":126,"column":20},"end":{"line":126,"column":63}},"52":{"start":{"line":131,"column":16},"end":{"line":131,"column":32}},"53":{"start":{"line":132,"column":16},"end":{"line":135,"column":17}},"54":{"start":{"line":139,"column":12},"end":{"line":153,"column":13}},"55":{"start":{"line":142,"column":28},"end":{"line":142,"column":110}},"56":{"start":{"line":143,"column":29},"end":{"line":143,"column":45}},"57":{"start":{"line":144,"column":28},"end":{"line":144,"column":54}},"58":{"start":{"line":145,"column":16},"end":{"line":145,"column":58}},"59":{"start":{"line":148,"column":16},"end":{"line":148,"column":32}},"60":{"start":{"line":149,"column":16},"end":{"line":152,"column":17}},"61":{"start":{"line":156,"column":12},"end":{"line":171,"column":13}},"62":{"start":{"line":159,"column":40},"end":{"line":159,"column":136}},"63":{"start":{"line":160,"column":29},"end":{"line":160,"column":45}},"64":{"start":{"line":161,"column":28},"end":{"line":161,"column":66}},"65":{"start":{"line":163,"column":16},"end":{"line":163,"column":40}},"66":{"start":{"line":166,"column":16},"end":{"line":166,"column":32}},"67":{"start":{"line":167,"column":16},"end":{"line":170,"column":17}}},"fnMap":{"0":{"name":"(anonymous_0)","decl":{"start":{"line":109,"column":8},"end":{"line":109,"column":9}},"loc":{"start":{"line":109,"column":42},"end":{"line":137,"column":9}},"line":109},"1":{"name":"(anonymous_1)","decl":{"start":{"line":138,"column":8},"end":{"line":138,"column":9}},"loc":{"start":{"line":138,"column":41},"end":{"line":154,"column":9}},"line":138},"2":{"name":"(anonymous_2)","decl":{"start":{"line":155,"column":8},"end":{"line":155,"column":9}},"loc":{"start":{"line":155,"column":50},"end":{"line":172,"column":9}},"line":155}},"branchMap":{"0":{"loc":{"start":{"line":114,"column":16},"end":{"line":127,"column":17}},"type":"if","locations":[{"start":{"line":114,"column":16},"end":{"line":127,"column":17}},{"start":{"line":114,"column":16},"end":{"line":127,"column":17}}],"line":114},"1":{"loc":{"start":{"line":116,"column":33},"end":{"line":116,"column":49}},"type":"binary-expr","locations":[{"start":{"line":116,"column":33},"end":{"line":116,"column":44}},{"start":{"line":116,"column":48},"end":{"line":116,"column":49}}],"line":116},"2":{"loc":{"start":{"line":117,"column":32},"end":{"line":117,"column":65}},"type":"binary-expr","locations":[{"start":{"line":117,"column":32},"end":{"line":117,"column":42}},{"start":{"line":117,"column":46},"end":{"line":117,"column":65}}],"line":117},"3":{"loc":{"start":{"line":124,"column":33},"end":{"line":124,"column":49}},"type":"binary-expr","locations":[{"start":{"line":124,"column":33},"end":{"line":124,"column":44}},{"start":{"line":124,"column":48},"end":{"line":124,"column":49}}],"line":124},"4":{"loc":{"start":{"line":125,"column":32},"end":{"line":125,"column":59}},"type":"binary-expr","locations":[{"start":{"line":125,"column":32},"end":{"line":125,"column":42}},{"start":{"line":125,"column":46},"end":{"line":125,"column":59}}],"line":125},"5":{"loc":{"start":{"line":143,"column":29},"end":{"line":143,"column":45}},"type":"binary-expr","locations":[{"start":{"line":143,"column":29},"end":{"line":143,"column":40}},{"start":{"line":143,"column":44},"end":{"line":143,"column":45}}],"line":143},"6":{"loc":{"start":{"line":144,"column":28},"end":{"line":144,"column":54}},"type":"binary-expr","locations":[{"start":{"line":144,"column":28},"end":{"line":144,"column":38}},{"start":{"line":144,"column":42},"end":{"line":144,"column":54}}],"line":144},"7":{"loc":{"start":{"line":160,"column":29},"end":{"line":160,"column":45}},"type":"binary-expr","locations":[{"start":{"line":160,"column":29},"end":{"line":160,"column":40}},{"start":{"line":160,"column":44},"end":{"line":160,"column":45}}],"line":160},"8":{"loc":{"start":{"line":161,"column":28},"end":{"line":161,"column":66}},"type":"binary-expr","locations":[{"start":{"line":161,"column":28},"end":{"line":161,"column":38}},{"start":{"line":161,"column":42},"end":{"line":161,"column":66}}],"line":161}},"s":{"0":1,"1":1,"2":1,"3":1,"4":1,"5":1,"6":1,"7":1,"8":1,"9":1,"10":1,"11":1,"12":1,"13":1,"14":1,"15":1,"16":1,"17":1,"18":1,"19":1,"20":1,"21":1,"22":1,"23":1,"24":1,"25":1,"26":1,"27":1,"28":1,"29":1,"30":1,"31":1,"32":1,"33":1,"34":1,"35":1,"36":1,"37":1,"38":1,"39":1,"40":0,"41":0,"42":0,"43":0,"44":0,"45":0,"46":0,"47":0,"48":0,"49":0,"50":0,"51":0,"52":0,"53":0,"54":0,"55":0,"56":0,"57":0,"58":0,"59":0,"60":0,"61":0,"62":0,"63":0,"64":0,"65":0,"66":0,"67":0},"f":{"0":0,"1":0,"2":0},"b":{"0":[0,0],"1":[0,0],"2":[0,0],"3":[0,0],"4":[0,0],"5":[0,0],"6":[0,0],"7":[0,0],"8":[0,0]},"_coverageSchema":"43e27e138ebf9cfc5966b082cf9a028302ed4184","hash":"7e5eff6987ecb7e2165a1cbeb07e113939c00274","contentHash":"09571e7facf1c195252e8e8288f34c739e925e0b6ce3a79098a762b892b2f0ec"},"/home/admin1/apollo graphql/model/userModel.js":{"path":"/home/admin1/apollo graphql/model/userModel.js","statementMap":{"0":{"start":{"line":16,"column":17},"end":{"line":16,"column":36}},"1":{"start":{"line":17,"column":13},"end":{"line":17,"column":28}},"2":{"start":{"line":18,"column":17},"end":{"line":58,"column":6}},"3":{"start":{"line":59,"column":0},"end":{"line":59,"column":58}}},"fnMap":{},"branchMap":{},"s":{"0":1,"1":1,"2":1,"3":1},"f":{},"b":{},"_coverageSchema":"43e27e138ebf9cfc5966b082cf9a028302ed4184","hash":"c8d9653745b898d74dd1f0371530b739881bd0a4","contentHash":"3ffc0366581fdddf702ea7eca5b94d3214b720af1e2d849419c8e66072a79e4b"},"/home/admin1/apollo graphql/model/labelModel.js":{"path":"/home/admin1/apollo graphql/model/labelModel.js","statementMap":{"0":{"start":{"line":16,"column":15},"end":{"line":16,"column":34}},"1":{"start":{"line":18,"column":13},"end":{"line":18,"column":28}},"2":{"start":{"line":20,"column":18},"end":{"line":33,"column":6}},"3":{"start":{"line":35,"column":17},"end":{"line":35,"column":58}},"4":{"start":{"line":36,"column":0},"end":{"line":36,"column":28}}},"fnMap":{},"branchMap":{},"s":{"0":1,"1":1,"2":1,"3":1,"4":1},"f":{},"b":{},"_coverageSchema":"43e27e138ebf9cfc5966b082cf9a028302ed4184","hash":"65f57d77ad83d8bd3347ba20c1b2c64a7bb47b0a","contentHash":"81a55acd41b1380e0525b16740e2b843c1cf4896c9a6811a1cb305e98849d4c7"},"/home/admin1/apollo graphql/model/notesModel.js":{"path":"/home/admin1/apollo graphql/model/notesModel.js","statementMap":{"0":{"start":{"line":15,"column":15},"end":{"line":15,"column":34}},"1":{"start":{"line":16,"column":13},"end":{"line":16,"column":28}},"2":{"start":{"line":17,"column":19},"end":{"line":17,"column":42}},"3":{"start":{"line":18,"column":18},"end":{"line":49,"column":6}},"4":{"start":{"line":55,"column":17},"end":{"line":55,"column":58}},"5":{"start":{"line":66,"column":0},"end":{"line":66,"column":28}}},"fnMap":{},"branchMap":{},"s":{"0":1,"1":1,"2":1,"3":1,"4":1,"5":1},"f":{},"b":{},"_coverageSchema":"43e27e138ebf9cfc5966b082cf9a028302ed4184","hash":"09b6cbcbc08f68c8755ecef730e79646f731df67","contentHash":"219bb28cd347d33708bf7e2f8273ccb825483f50148a9cb3785f9f4f6050e36e"},"/home/admin1/apollo graphql/model/collaborate.js":{"path":"/home/admin1/apollo graphql/model/collaborate.js","statementMap":{"0":{"start":{"line":16,"column":15},"end":{"line":16,"column":34}},"1":{"start":{"line":18,"column":13},"end":{"line":18,"column":28}},"2":{"start":{"line":20,"column":25},"end":{"line":37,"column":6}},"3":{"start":{"line":38,"column":22},"end":{"line":38,"column":68}},"4":{"start":{"line":39,"column":0},"end":{"line":39,"column":33}}},"fnMap":{},"branchMap":{},"s":{"0":1,"1":1,"2":1,"3":1,"4":1},"f":{},"b":{},"_coverageSchema":"43e27e138ebf9cfc5966b082cf9a028302ed4184","hash":"e4eca887c712a4e1b4ad1f836e646e7681a74ad3","contentHash":"eb6b15976b3d48825214a081db97fc83deeec48c002ae21954771b347d448864"},"/home/admin1/apollo graphql/src/mutations/user.js":{"path":"/home/admin1/apollo graphql/src/mutations/user.js","statementMap":{"0":{"start":{"line":16,"column":18},"end":{"line":16,"column":50}},"1":{"start":{"line":17,"column":19},"end":{"line":17,"column":52}},"2":{"start":{"line":18,"column":15},"end":{"line":18,"column":32}},"3":{"start":{"line":19,"column":12},"end":{"line":19,"column":35}},"4":{"start":{"line":20,"column":17},"end":{"line":20,"column":71}},"5":{"start":{"line":21,"column":15},"end":{"line":21,"column":54}},"6":{"start":{"line":30,"column":0},"end":{"line":73,"column":1}},"7":{"start":{"line":31,"column":17},"end":{"line":34,"column":5}},"8":{"start":{"line":35,"column":4},"end":{"line":71,"column":5}},"9":{"start":{"line":37,"column":19},"end":{"line":37,"column":64}},"10":{"start":{"line":38,"column":8},"end":{"line":38,"column":25}},"11":{"start":{"line":39,"column":8},"end":{"line":58,"column":9}},"12":{"start":{"line":41,"column":24},"end":{"line":41,"column":79}},"13":{"start":{"line":42,"column":22},"end":{"line":42,"column":101}},"14":{"start":{"line":43,"column":12},"end":{"line":43,"column":40}},"15":{"start":{"line":45,"column":12},"end":{"line":45,"column":37}},"16":{"start":{"line":47,"column":12},"end":{"line":50,"column":13}},"17":{"start":{"line":57,"column":12},"end":{"line":57,"column":43}},"18":{"start":{"line":60,"column":8},"end":{"line":60,"column":24}},"19":{"start":{"line":61,"column":8},"end":{"line":70,"column":9}},"20":{"start":{"line":65,"column":12},"end":{"line":65,"column":26}},"21":{"start":{"line":68,"column":12},"end":{"line":68,"column":41}},"22":{"start":{"line":69,"column":12},"end":{"line":69,"column":25}},"23":{"start":{"line":82,"column":0},"end":{"line":122,"column":1}},"24":{"start":{"line":83,"column":17},"end":{"line":86,"column":5}},"25":{"start":{"line":87,"column":4},"end":{"line":120,"column":5}},"26":{"start":{"line":88,"column":8},"end":{"line":88,"column":34}},"27":{"start":{"line":90,"column":22},"end":{"line":90,"column":65}},"28":{"start":{"line":92,"column":25},"end":{"line":92,"column":108}},"29":{"start":{"line":93,"column":8},"end":{"line":107,"column":9}},"30":{"start":{"line":95,"column":12},"end":{"line":98,"column":13}},"31":{"start":{"line":106,"column":12},"end":{"line":106,"column":65}},"32":{"start":{"line":110,"column":8},"end":{"line":119,"column":9}},"33":{"start":{"line":114,"column":12},"end":{"line":114,"column":26}},"34":{"start":{"line":117,"column":12},"end":{"line":117,"column":41}},"35":{"start":{"line":118,"column":12},"end":{"line":118,"column":25}},"36":{"start":{"line":131,"column":0},"end":{"line":186,"column":1}},"37":{"start":{"line":132,"column":17},"end":{"line":135,"column":5}},"38":{"start":{"line":136,"column":4},"end":{"line":184,"column":5}},"39":{"start":{"line":138,"column":8},"end":{"line":152,"column":9}},"40":{"start":{"line":143,"column":12},"end":{"line":143,"column":54}},"41":{"start":{"line":146,"column":13},"end":{"line":152,"column":9}},"42":{"start":{"line":151,"column":12},"end":{"line":151,"column":62}},"43":{"start":{"line":153,"column":8},"end":{"line":153,"column":34}},"44":{"start":{"line":155,"column":22},"end":{"line":155,"column":77}},"45":{"start":{"line":157,"column":26},"end":{"line":157,"column":60}},"46":{"start":{"line":159,"column":25},"end":{"line":159,"column":115}},"47":{"start":{"line":160,"column":8},"end":{"line":171,"column":9}},"48":{"start":{"line":161,"column":12},"end":{"line":164,"column":13}},"49":{"start":{"line":170,"column":12},"end":{"line":170,"column":51}},"50":{"start":{"line":174,"column":8},"end":{"line":183,"column":9}},"51":{"start":{"line":178,"column":12},"end":{"line":178,"column":26}},"52":{"start":{"line":181,"column":12},"end":{"line":181,"column":41}},"53":{"start":{"line":182,"column":12},"end":{"line":182,"column":25}},"54":{"start":{"line":196,"column":0},"end":{"line":270,"column":1}},"55":{"start":{"line":197,"column":17},"end":{"line":200,"column":5}},"56":{"start":{"line":201,"column":4},"end":{"line":268,"column":5}},"57":{"start":{"line":203,"column":26},"end":{"line":203,"column":73}},"58":{"start":{"line":204,"column":8},"end":{"line":209,"column":9}},"59":{"start":{"line":205,"column":12},"end":{"line":208,"column":13}},"60":{"start":{"line":211,"column":8},"end":{"line":216,"column":9}},"61":{"start":{"line":212,"column":12},"end":{"line":215,"column":13}},"62":{"start":{"line":218,"column":19},"end":{"line":218,"column":64}},"63":{"start":{"line":220,"column":8},"end":{"line":225,"column":9}},"64":{"start":{"line":221,"column":12},"end":{"line":224,"column":13}},"65":{"start":{"line":227,"column":19},"end":{"line":227,"column":55}},"66":{"start":{"line":229,"column":22},"end":{"line":235,"column":10}},"67":{"start":{"line":237,"column":8},"end":{"line":237,"column":43}},"68":{"start":{"line":238,"column":23},"end":{"line":238,"column":43}},"69":{"start":{"line":239,"column":20},"end":{"line":239,"column":77}},"70":{"start":{"line":240,"column":8},"end":{"line":240,"column":35}},"71":{"start":{"line":241,"column":18},"end":{"line":241,"column":113}},"72":{"start":{"line":242,"column":8},"end":{"line":255,"column":9}},"73":{"start":{"line":244,"column":12},"end":{"line":244,"column":38}},"74":{"start":{"line":245,"column":12},"end":{"line":248,"column":14}},"75":{"start":{"line":251,"column":12},"end":{"line":254,"column":13}},"76":{"start":{"line":258,"column":8},"end":{"line":267,"column":9}},"77":{"start":{"line":262,"column":12},"end":{"line":262,"column":26}},"78":{"start":{"line":265,"column":12},"end":{"line":265,"column":41}},"79":{"start":{"line":266,"column":12},"end":{"line":266,"column":25}},"80":{"start":{"line":279,"column":0},"end":{"line":355,"column":1}},"81":{"start":{"line":280,"column":17},"end":{"line":283,"column":5}},"82":{"start":{"line":284,"column":4},"end":{"line":354,"column":5}},"83":{"start":{"line":286,"column":26},"end":{"line":286,"column":73}},"84":{"start":{"line":287,"column":8},"end":{"line":290,"column":9}},"85":{"start":{"line":288,"column":12},"end":{"line":288,"column":51}},"86":{"start":{"line":289,"column":12},"end":{"line":289,"column":54}},"87":{"start":{"line":292,"column":8},"end":{"line":299,"column":9}},"88":{"start":{"line":297,"column":12},"end":{"line":297,"column":61}},"89":{"start":{"line":298,"column":12},"end":{"line":298,"column":64}},"90":{"start":{"line":301,"column":19},"end":{"line":301,"column":64}},"91":{"start":{"line":302,"column":8},"end":{"line":340,"column":9}},"92":{"start":{"line":303,"column":12},"end":{"line":310,"column":13}},"93":{"start":{"line":308,"column":16},"end":{"line":308,"column":50}},"94":{"start":{"line":309,"column":16},"end":{"line":309,"column":53}},"95":{"start":{"line":312,"column":24},"end":{"line":312,"column":77}},"96":{"start":{"line":313,"column":12},"end":{"line":335,"column":13}},"97":{"start":{"line":315,"column":28},"end":{"line":315,"column":111}},"98":{"start":{"line":317,"column":29},"end":{"line":317,"column":94}},"99":{"start":{"line":320,"column":16},"end":{"line":320,"column":80}},"100":{"start":{"line":321,"column":16},"end":{"line":321,"column":44}},"101":{"start":{"line":322,"column":16},"end":{"line":326,"column":17}},"102":{"start":{"line":333,"column":16},"end":{"line":333,"column":51}},"103":{"start":{"line":334,"column":16},"end":{"line":334,"column":54}},"104":{"start":{"line":338,"column":12},"end":{"line":338,"column":42}},"105":{"start":{"line":339,"column":12},"end":{"line":339,"column":45}},"106":{"start":{"line":343,"column":8},"end":{"line":343,"column":25}},"107":{"start":{"line":344,"column":8},"end":{"line":353,"column":9}},"108":{"start":{"line":348,"column":12},"end":{"line":348,"column":26}},"109":{"start":{"line":351,"column":12},"end":{"line":351,"column":41}},"110":{"start":{"line":352,"column":12},"end":{"line":352,"column":25}}},"fnMap":{"0":{"name":"(anonymous_0)","decl":{"start":{"line":30,"column":25},"end":{"line":30,"column":26}},"loc":{"start":{"line":30,"column":58},"end":{"line":73,"column":1}},"line":30},"1":{"name":"(anonymous_1)","decl":{"start":{"line":82,"column":22},"end":{"line":82,"column":23}},"loc":{"start":{"line":82,"column":55},"end":{"line":122,"column":1}},"line":82},"2":{"name":"(anonymous_2)","decl":{"start":{"line":131,"column":24},"end":{"line":131,"column":25}},"loc":{"start":{"line":131,"column":57},"end":{"line":186,"column":1}},"line":131},"3":{"name":"(anonymous_3)","decl":{"start":{"line":196,"column":23},"end":{"line":196,"column":24}},"loc":{"start":{"line":196,"column":56},"end":{"line":270,"column":1}},"line":196},"4":{"name":"(anonymous_4)","decl":{"start":{"line":279,"column":16},"end":{"line":279,"column":17}},"loc":{"start":{"line":279,"column":54},"end":{"line":355,"column":1}},"line":279}},"branchMap":{"0":{"loc":{"start":{"line":39,"column":8},"end":{"line":58,"column":9}},"type":"if","locations":[{"start":{"line":39,"column":8},"end":{"line":58,"column":9}},{"start":{"line":39,"column":8},"end":{"line":58,"column":9}}],"line":39},"1":{"loc":{"start":{"line":61,"column":8},"end":{"line":70,"column":9}},"type":"if","locations":[{"start":{"line":61,"column":8},"end":{"line":70,"column":9}},{"start":{"line":61,"column":8},"end":{"line":70,"column":9}}],"line":61},"2":{"loc":{"start":{"line":61,"column":12},"end":{"line":64,"column":40}},"type":"binary-expr","locations":[{"start":{"line":61,"column":12},"end":{"line":61,"column":41}},{"start":{"line":62,"column":15},"end":{"line":62,"column":41}},{"start":{"line":63,"column":15},"end":{"line":63,"column":39}},{"start":{"line":64,"column":15},"end":{"line":64,"column":40}}],"line":61},"3":{"loc":{"start":{"line":93,"column":8},"end":{"line":107,"column":9}},"type":"if","locations":[{"start":{"line":93,"column":8},"end":{"line":107,"column":9}},{"start":{"line":93,"column":8},"end":{"line":107,"column":9}}],"line":93},"4":{"loc":{"start":{"line":110,"column":8},"end":{"line":119,"column":9}},"type":"if","locations":[{"start":{"line":110,"column":8},"end":{"line":119,"column":9}},{"start":{"line":110,"column":8},"end":{"line":119,"column":9}}],"line":110},"5":{"loc":{"start":{"line":110,"column":12},"end":{"line":113,"column":40}},"type":"binary-expr","locations":[{"start":{"line":110,"column":12},"end":{"line":110,"column":41}},{"start":{"line":111,"column":15},"end":{"line":111,"column":41}},{"start":{"line":112,"column":15},"end":{"line":112,"column":39}},{"start":{"line":113,"column":15},"end":{"line":113,"column":40}}],"line":110},"6":{"loc":{"start":{"line":138,"column":8},"end":{"line":152,"column":9}},"type":"if","locations":[{"start":{"line":138,"column":8},"end":{"line":152,"column":9}},{"start":{"line":138,"column":8},"end":{"line":152,"column":9}}],"line":138},"7":{"loc":{"start":{"line":146,"column":13},"end":{"line":152,"column":9}},"type":"if","locations":[{"start":{"line":146,"column":13},"end":{"line":152,"column":9}},{"start":{"line":146,"column":13},"end":{"line":152,"column":9}}],"line":146},"8":{"loc":{"start":{"line":160,"column":8},"end":{"line":171,"column":9}},"type":"if","locations":[{"start":{"line":160,"column":8},"end":{"line":171,"column":9}},{"start":{"line":160,"column":8},"end":{"line":171,"column":9}}],"line":160},"9":{"loc":{"start":{"line":174,"column":8},"end":{"line":183,"column":9}},"type":"if","locations":[{"start":{"line":174,"column":8},"end":{"line":183,"column":9}},{"start":{"line":174,"column":8},"end":{"line":183,"column":9}}],"line":174},"10":{"loc":{"start":{"line":174,"column":12},"end":{"line":177,"column":40}},"type":"binary-expr","locations":[{"start":{"line":174,"column":12},"end":{"line":174,"column":41}},{"start":{"line":175,"column":15},"end":{"line":175,"column":41}},{"start":{"line":176,"column":15},"end":{"line":176,"column":39}},{"start":{"line":177,"column":15},"end":{"line":177,"column":40}}],"line":174},"11":{"loc":{"start":{"line":204,"column":8},"end":{"line":209,"column":9}},"type":"if","locations":[{"start":{"line":204,"column":8},"end":{"line":209,"column":9}},{"start":{"line":204,"column":8},"end":{"line":209,"column":9}}],"line":204},"12":{"loc":{"start":{"line":211,"column":8},"end":{"line":216,"column":9}},"type":"if","locations":[{"start":{"line":211,"column":8},"end":{"line":216,"column":9}},{"start":{"line":211,"column":8},"end":{"line":216,"column":9}}],"line":211},"13":{"loc":{"start":{"line":220,"column":8},"end":{"line":225,"column":9}},"type":"if","locations":[{"start":{"line":220,"column":8},"end":{"line":225,"column":9}},{"start":{"line":220,"column":8},"end":{"line":225,"column":9}}],"line":220},"14":{"loc":{"start":{"line":242,"column":8},"end":{"line":255,"column":9}},"type":"if","locations":[{"start":{"line":242,"column":8},"end":{"line":255,"column":9}},{"start":{"line":242,"column":8},"end":{"line":255,"column":9}}],"line":242},"15":{"loc":{"start":{"line":258,"column":8},"end":{"line":267,"column":9}},"type":"if","locations":[{"start":{"line":258,"column":8},"end":{"line":267,"column":9}},{"start":{"line":258,"column":8},"end":{"line":267,"column":9}}],"line":258},"16":{"loc":{"start":{"line":258,"column":12},"end":{"line":261,"column":40}},"type":"binary-expr","locations":[{"start":{"line":258,"column":12},"end":{"line":258,"column":41}},{"start":{"line":259,"column":15},"end":{"line":259,"column":41}},{"start":{"line":260,"column":15},"end":{"line":260,"column":39}},{"start":{"line":261,"column":15},"end":{"line":261,"column":40}}],"line":258},"17":{"loc":{"start":{"line":287,"column":8},"end":{"line":290,"column":9}},"type":"if","locations":[{"start":{"line":287,"column":8},"end":{"line":290,"column":9}},{"start":{"line":287,"column":8},"end":{"line":290,"column":9}}],"line":287},"18":{"loc":{"start":{"line":292,"column":8},"end":{"line":299,"column":9}},"type":"if","locations":[{"start":{"line":292,"column":8},"end":{"line":299,"column":9}},{"start":{"line":292,"column":8},"end":{"line":299,"column":9}}],"line":292},"19":{"loc":{"start":{"line":302,"column":8},"end":{"line":340,"column":9}},"type":"if","locations":[{"start":{"line":302,"column":8},"end":{"line":340,"column":9}},{"start":{"line":302,"column":8},"end":{"line":340,"column":9}}],"line":302},"20":{"loc":{"start":{"line":303,"column":12},"end":{"line":310,"column":13}},"type":"if","locations":[{"start":{"line":303,"column":12},"end":{"line":310,"column":13}},{"start":{"line":303,"column":12},"end":{"line":310,"column":13}}],"line":303},"21":{"loc":{"start":{"line":313,"column":12},"end":{"line":335,"column":13}},"type":"if","locations":[{"start":{"line":313,"column":12},"end":{"line":335,"column":13}},{"start":{"line":313,"column":12},"end":{"line":335,"column":13}}],"line":313},"22":{"loc":{"start":{"line":344,"column":8},"end":{"line":353,"column":9}},"type":"if","locations":[{"start":{"line":344,"column":8},"end":{"line":353,"column":9}},{"start":{"line":344,"column":8},"end":{"line":353,"column":9}}],"line":344},"23":{"loc":{"start":{"line":344,"column":12},"end":{"line":347,"column":40}},"type":"binary-expr","locations":[{"start":{"line":344,"column":12},"end":{"line":344,"column":41}},{"start":{"line":345,"column":15},"end":{"line":345,"column":41}},{"start":{"line":346,"column":15},"end":{"line":346,"column":39}},{"start":{"line":347,"column":15},"end":{"line":347,"column":40}}],"line":344}},"s":{"0":1,"1":1,"2":1,"3":1,"4":1,"5":1,"6":1,"7":2,"8":2,"9":2,"10":2,"11":2,"12":1,"13":1,"14":1,"15":1,"16":1,"17":1,"18":1,"19":1,"20":0,"21":1,"22":1,"23":1,"24":0,"25":0,"26":0,"27":0,"28":0,"29":0,"30":0,"31":0,"32":0,"33":0,"34":0,"35":0,"36":1,"37":0,"38":0,"39":0,"40":0,"41":0,"42":0,"43":0,"44":0,"45":0,"46":0,"47":0,"48":0,"49":0,"50":0,"51":0,"52":0,"53":0,"54":1,"55":2,"56":2,"57":2,"58":2,"59":0,"60":2,"61":0,"62":2,"63":2,"64":1,"65":1,"66":1,"67":1,"68":1,"69":1,"70":1,"71":1,"72":1,"73":1,"74":1,"75":0,"76":0,"77":0,"78":0,"79":0,"80":1,"81":3,"82":3,"83":3,"84":3,"85":0,"86":0,"87":3,"88":1,"89":1,"90":2,"91":2,"92":2,"93":1,"94":1,"95":1,"96":1,"97":1,"98":1,"99":1,"100":1,"101":1,"102":0,"103":0,"104":0,"105":0,"106":2,"107":2,"108":0,"109":2,"110":2},"f":{"0":2,"1":0,"2":0,"3":2,"4":3},"b":{"0":[1,1],"1":[0,1],"2":[1,1,1,1],"3":[0,0],"4":[0,0],"5":[0,0,0,0],"6":[0,0],"7":[0,0],"8":[0,0],"9":[0,0],"10":[0,0,0,0],"11":[0,2],"12":[0,2],"13":[1,1],"14":[1,0],"15":[0,0],"16":[0,0,0,0],"17":[0,3],"18":[1,2],"19":[2,0],"20":[1,1],"21":[1,0],"22":[0,2],"23":[2,2,2,2]},"_coverageSchema":"43e27e138ebf9cfc5966b082cf9a028302ed4184","hash":"a86b584e8de101d0fca522810b75f15c105d58b6","contentHash":"98cbd3d8147e5bf3e52ee058a4ae37fd12240f884bfa85ee77ed85f49238a2c3"},"/home/admin1/apollo graphql/services/nodemailer.js":{"path":"/home/admin1/apollo graphql/services/nodemailer.js","statementMap":{"0":{"start":{"line":17,"column":23},"end":{"line":17,"column":44}},"1":{"start":{"line":19,"column":4},"end":{"line":49,"column":1}},"2":{"start":{"line":20,"column":8},"end":{"line":48,"column":5}},"3":{"start":{"line":21,"column":28},"end":{"line":27,"column":10}},"4":{"start":{"line":29,"column":28},"end":{"line":34,"column":9}},"5":{"start":{"line":37,"column":8},"end":{"line":44,"column":11}},"6":{"start":{"line":38,"column":12},"end":{"line":43,"column":73}},"7":{"start":{"line":39,"column":16},"end":{"line":39,"column":60}},"8":{"start":{"line":40,"column":16},"end":{"line":40,"column":65}},"9":{"start":{"line":43,"column":16},"end":{"line":43,"column":73}},"10":{"start":{"line":47,"column":8},"end":{"line":47,"column":41}}},"fnMap":{"0":{"name":"(anonymous_0)","decl":{"start":{"line":19,"column":32},"end":{"line":19,"column":33}},"loc":{"start":{"line":19,"column":48},"end":{"line":49,"column":1}},"line":19},"1":{"name":"(anonymous_1)","decl":{"start":{"line":37,"column":42},"end":{"line":37,"column":43}},"loc":{"start":{"line":37,"column":57},"end":{"line":44,"column":9}},"line":37}},"branchMap":{"0":{"loc":{"start":{"line":38,"column":12},"end":{"line":43,"column":73}},"type":"if","locations":[{"start":{"line":38,"column":12},"end":{"line":43,"column":73}},{"start":{"line":38,"column":12},"end":{"line":43,"column":73}}],"line":38}},"s":{"0":1,"1":1,"2":3,"3":3,"4":3,"5":3,"6":2,"7":0,"8":0,"9":2,"10":0},"f":{"0":3,"1":2},"b":{"0":[0,2]},"_coverageSchema":"43e27e138ebf9cfc5966b082cf9a028302ed4184","hash":"e9ab2410488a9f3178052de2b803285ef31f9159","contentHash":"a9cbae14375cc0fa97e6aac973e8d18d29f1225d7007f63d6f0007c106a44572"},"/home/admin1/apollo graphql/services/logger.js":{"path":"/home/admin1/apollo graphql/services/logger.js","statementMap":{"0":{"start":{"line":1,"column":16},"end":{"line":1,"column":34}},"1":{"start":{"line":2,"column":23},"end":{"line":16,"column":3}},"2":{"start":{"line":18,"column":27},"end":{"line":18,"column":73}},"3":{"start":{"line":19,"column":24},"end":{"line":19,"column":90}},"4":{"start":{"line":20,"column":2},"end":{"line":25,"column":5}}},"fnMap":{},"branchMap":{},"s":{"0":1,"1":1,"2":1,"3":1,"4":1},"f":{},"b":{},"_coverageSchema":"43e27e138ebf9cfc5966b082cf9a028302ed4184","hash":"0a66b05c1f42521e3e6d5c117329a2e3089e3929","contentHash":"84c194a46e23a58f259f21dc56c615dbf6d60f45c78eee4ef0fbba56dc3c4824"},"/home/admin1/apollo graphql/src/mutations/labels.js":{"path":"/home/admin1/apollo graphql/src/mutations/labels.js","statementMap":{"0":{"start":{"line":17,"column":12},"end":{"line":17,"column":35}},"1":{"start":{"line":18,"column":19},"end":{"line":18,"column":52}},"2":{"start":{"line":19,"column":23},"end":{"line":19,"column":85}},"3":{"start":{"line":28,"column":0},"end":{"line":86,"column":1}},"4":{"start":{"line":29,"column":17},"end":{"line":32,"column":5}},"5":{"start":{"line":33,"column":4},"end":{"line":85,"column":5}},"6":{"start":{"line":35,"column":8},"end":{"line":71,"column":9}},"7":{"start":{"line":36,"column":26},"end":{"line":36,"column":61}},"8":{"start":{"line":37,"column":12},"end":{"line":66,"column":13}},"9":{"start":{"line":38,"column":16},"end":{"line":40,"column":17}},"10":{"start":{"line":39,"column":20},"end":{"line":39,"column":84}},"11":{"start":{"line":42,"column":35},"end":{"line":42,"column":112}},"12":{"start":{"line":43,"column":16},"end":{"line":45,"column":17}},"13":{"start":{"line":44,"column":20},"end":{"line":44,"column":58}},"14":{"start":{"line":47,"column":31},"end":{"line":47,"column":101}},"15":{"start":{"line":48,"column":32},"end":{"line":48,"column":53}},"16":{"start":{"line":49,"column":16},"end":{"line":61,"column":17}},"17":{"start":{"line":51,"column":20},"end":{"line":51,"column":58}},"18":{"start":{"line":53,"column":20},"end":{"line":56,"column":21}},"19":{"start":{"line":60,"column":20},"end":{"line":60,"column":60}},"20":{"start":{"line":65,"column":16},"end":{"line":65,"column":56}},"21":{"start":{"line":70,"column":12},"end":{"line":70,"column":49}},"22":{"start":{"line":75,"column":8},"end":{"line":84,"column":9}},"23":{"start":{"line":79,"column":12},"end":{"line":79,"column":26}},"24":{"start":{"line":82,"column":12},"end":{"line":82,"column":41}},"25":{"start":{"line":83,"column":12},"end":{"line":83,"column":25}},"26":{"start":{"line":153,"column":0},"end":{"line":215,"column":1}},"27":{"start":{"line":154,"column":17},"end":{"line":157,"column":5}},"28":{"start":{"line":158,"column":4},"end":{"line":213,"column":5}},"29":{"start":{"line":160,"column":8},"end":{"line":200,"column":9}},"30":{"start":{"line":161,"column":26},"end":{"line":161,"column":81}},"31":{"start":{"line":162,"column":12},"end":{"line":191,"column":13}},"32":{"start":{"line":163,"column":16},"end":{"line":163,"column":36}},"33":{"start":{"line":165,"column":35},"end":{"line":165,"column":120}},"34":{"start":{"line":166,"column":16},"end":{"line":182,"column":17}},"35":{"start":{"line":168,"column":20},"end":{"line":168,"column":58}},"36":{"start":{"line":170,"column":20},"end":{"line":173,"column":21}},"37":{"start":{"line":181,"column":20},"end":{"line":181,"column":61}},"38":{"start":{"line":190,"column":16},"end":{"line":190,"column":42}},"39":{"start":{"line":199,"column":12},"end":{"line":199,"column":50}},"40":{"start":{"line":203,"column":8},"end":{"line":212,"column":9}},"41":{"start":{"line":207,"column":12},"end":{"line":207,"column":26}},"42":{"start":{"line":210,"column":12},"end":{"line":210,"column":41}},"43":{"start":{"line":211,"column":12},"end":{"line":211,"column":25}},"44":{"start":{"line":225,"column":0},"end":{"line":287,"column":1}},"45":{"start":{"line":226,"column":17},"end":{"line":229,"column":5}},"46":{"start":{"line":230,"column":4},"end":{"line":286,"column":5}},"47":{"start":{"line":231,"column":8},"end":{"line":272,"column":9}},"48":{"start":{"line":233,"column":12},"end":{"line":239,"column":13}},"49":{"start":{"line":238,"column":16},"end":{"line":238,"column":53}},"50":{"start":{"line":240,"column":26},"end":{"line":240,"column":81}},"51":{"start":{"line":241,"column":12},"end":{"line":263,"column":13}},"52":{"start":{"line":243,"column":34},"end":{"line":243,"column":159}},"53":{"start":{"line":244,"column":16},"end":{"line":244,"column":40}},"54":{"start":{"line":245,"column":16},"end":{"line":261,"column":17}},"55":{"start":{"line":247,"column":20},"end":{"line":247,"column":58}},"56":{"start":{"line":249,"column":20},"end":{"line":252,"column":21}},"57":{"start":{"line":260,"column":20},"end":{"line":260,"column":58}},"58":{"start":{"line":271,"column":12},"end":{"line":271,"column":49}},"59":{"start":{"line":276,"column":8},"end":{"line":285,"column":9}},"60":{"start":{"line":280,"column":12},"end":{"line":280,"column":26}},"61":{"start":{"line":283,"column":12},"end":{"line":283,"column":41}},"62":{"start":{"line":284,"column":12},"end":{"line":284,"column":25}}},"fnMap":{"0":{"name":"(anonymous_0)","decl":{"start":{"line":28,"column":19},"end":{"line":28,"column":20}},"loc":{"start":{"line":28,"column":56},"end":{"line":86,"column":1}},"line":28},"1":{"name":"(anonymous_1)","decl":{"start":{"line":153,"column":22},"end":{"line":153,"column":23}},"loc":{"start":{"line":153,"column":53},"end":{"line":215,"column":1}},"line":153},"2":{"name":"(anonymous_2)","decl":{"start":{"line":225,"column":22},"end":{"line":225,"column":23}},"loc":{"start":{"line":225,"column":53},"end":{"line":287,"column":1}},"line":225}},"branchMap":{"0":{"loc":{"start":{"line":35,"column":8},"end":{"line":71,"column":9}},"type":"if","locations":[{"start":{"line":35,"column":8},"end":{"line":71,"column":9}},{"start":{"line":35,"column":8},"end":{"line":71,"column":9}}],"line":35},"1":{"loc":{"start":{"line":37,"column":12},"end":{"line":66,"column":13}},"type":"if","locations":[{"start":{"line":37,"column":12},"end":{"line":66,"column":13}},{"start":{"line":37,"column":12},"end":{"line":66,"column":13}}],"line":37},"2":{"loc":{"start":{"line":38,"column":16},"end":{"line":40,"column":17}},"type":"if","locations":[{"start":{"line":38,"column":16},"end":{"line":40,"column":17}},{"start":{"line":38,"column":16},"end":{"line":40,"column":17}}],"line":38},"3":{"loc":{"start":{"line":43,"column":16},"end":{"line":45,"column":17}},"type":"if","locations":[{"start":{"line":43,"column":16},"end":{"line":45,"column":17}},{"start":{"line":43,"column":16},"end":{"line":45,"column":17}}],"line":43},"4":{"loc":{"start":{"line":49,"column":16},"end":{"line":61,"column":17}},"type":"if","locations":[{"start":{"line":49,"column":16},"end":{"line":61,"column":17}},{"start":{"line":49,"column":16},"end":{"line":61,"column":17}}],"line":49},"5":{"loc":{"start":{"line":75,"column":8},"end":{"line":84,"column":9}},"type":"if","locations":[{"start":{"line":75,"column":8},"end":{"line":84,"column":9}},{"start":{"line":75,"column":8},"end":{"line":84,"column":9}}],"line":75},"6":{"loc":{"start":{"line":75,"column":12},"end":{"line":78,"column":40}},"type":"binary-expr","locations":[{"start":{"line":75,"column":12},"end":{"line":75,"column":41}},{"start":{"line":76,"column":15},"end":{"line":76,"column":41}},{"start":{"line":77,"column":15},"end":{"line":77,"column":39}},{"start":{"line":78,"column":15},"end":{"line":78,"column":40}}],"line":75},"7":{"loc":{"start":{"line":160,"column":8},"end":{"line":200,"column":9}},"type":"if","locations":[{"start":{"line":160,"column":8},"end":{"line":200,"column":9}},{"start":{"line":160,"column":8},"end":{"line":200,"column":9}}],"line":160},"8":{"loc":{"start":{"line":162,"column":12},"end":{"line":191,"column":13}},"type":"if","locations":[{"start":{"line":162,"column":12},"end":{"line":191,"column":13}},{"start":{"line":162,"column":12},"end":{"line":191,"column":13}}],"line":162},"9":{"loc":{"start":{"line":166,"column":16},"end":{"line":182,"column":17}},"type":"if","locations":[{"start":{"line":166,"column":16},"end":{"line":182,"column":17}},{"start":{"line":166,"column":16},"end":{"line":182,"column":17}}],"line":166},"10":{"loc":{"start":{"line":203,"column":8},"end":{"line":212,"column":9}},"type":"if","locations":[{"start":{"line":203,"column":8},"end":{"line":212,"column":9}},{"start":{"line":203,"column":8},"end":{"line":212,"column":9}}],"line":203},"11":{"loc":{"start":{"line":203,"column":12},"end":{"line":206,"column":40}},"type":"binary-expr","locations":[{"start":{"line":203,"column":12},"end":{"line":203,"column":41}},{"start":{"line":204,"column":15},"end":{"line":204,"column":41}},{"start":{"line":205,"column":15},"end":{"line":205,"column":39}},{"start":{"line":206,"column":15},"end":{"line":206,"column":40}}],"line":203},"12":{"loc":{"start":{"line":231,"column":8},"end":{"line":272,"column":9}},"type":"if","locations":[{"start":{"line":231,"column":8},"end":{"line":272,"column":9}},{"start":{"line":231,"column":8},"end":{"line":272,"column":9}}],"line":231},"13":{"loc":{"start":{"line":233,"column":12},"end":{"line":239,"column":13}},"type":"if","locations":[{"start":{"line":233,"column":12},"end":{"line":239,"column":13}},{"start":{"line":233,"column":12},"end":{"line":239,"column":13}}],"line":233},"14":{"loc":{"start":{"line":233,"column":16},"end":{"line":233,"column":61}},"type":"binary-expr","locations":[{"start":{"line":233,"column":16},"end":{"line":233,"column":35}},{"start":{"line":233,"column":39},"end":{"line":233,"column":61}}],"line":233},"15":{"loc":{"start":{"line":241,"column":12},"end":{"line":263,"column":13}},"type":"if","locations":[{"start":{"line":241,"column":12},"end":{"line":263,"column":13}},{"start":{"line":241,"column":12},"end":{"line":263,"column":13}}],"line":241},"16":{"loc":{"start":{"line":245,"column":16},"end":{"line":261,"column":17}},"type":"if","locations":[{"start":{"line":245,"column":16},"end":{"line":261,"column":17}},{"start":{"line":245,"column":16},"end":{"line":261,"column":17}}],"line":245},"17":{"loc":{"start":{"line":276,"column":8},"end":{"line":285,"column":9}},"type":"if","locations":[{"start":{"line":276,"column":8},"end":{"line":285,"column":9}},{"start":{"line":276,"column":8},"end":{"line":285,"column":9}}],"line":276},"18":{"loc":{"start":{"line":276,"column":12},"end":{"line":279,"column":40}},"type":"binary-expr","locations":[{"start":{"line":276,"column":12},"end":{"line":276,"column":41}},{"start":{"line":277,"column":15},"end":{"line":277,"column":41}},{"start":{"line":278,"column":15},"end":{"line":278,"column":39}},{"start":{"line":279,"column":15},"end":{"line":279,"column":40}}],"line":276}},"s":{"0":1,"1":1,"2":1,"3":1,"4":3,"5":3,"6":3,"7":3,"8":3,"9":3,"10":1,"11":2,"12":2,"13":0,"14":2,"15":2,"16":2,"17":2,"18":2,"19":0,"20":0,"21":0,"22":1,"23":0,"24":1,"25":1,"26":1,"27":2,"28":2,"29":2,"30":2,"31":2,"32":2,"33":2,"34":2,"35":0,"36":0,"37":2,"38":0,"39":0,"40":2,"41":0,"42":2,"43":2,"44":1,"45":2,"46":2,"47":2,"48":2,"49":0,"50":2,"51":2,"52":2,"53":2,"54":2,"55":0,"56":0,"57":2,"58":0,"59":2,"60":0,"61":2,"62":2},"f":{"0":3,"1":2,"2":2},"b":{"0":[3,0],"1":[3,0],"2":[1,2],"3":[0,2],"4":[2,0],"5":[0,1],"6":[1,1,1,1],"7":[2,0],"8":[2,0],"9":[0,2],"10":[0,2],"11":[2,2,2,2],"12":[2,0],"13":[0,2],"14":[2,2],"15":[2,0],"16":[0,2],"17":[0,2],"18":[2,2,2,2]},"_coverageSchema":"43e27e138ebf9cfc5966b082cf9a028302ed4184","hash":"e3ede35165183ffadc49f08fc188736c810a4b1b","contentHash":"f3ea9dca34a31a30880cb46bae85e856528862e3d7cfc50115539e083d0a061e"},"/home/admin1/apollo graphql/services/authenticationService.js":{"path":"/home/admin1/apollo graphql/services/authenticationService.js","statementMap":{"0":{"start":{"line":1,"column":12},"end":{"line":1,"column":35}},"1":{"start":{"line":2,"column":18},"end":{"line":2,"column":47}},"2":{"start":{"line":4,"column":0},"end":{"line":21,"column":1}},"3":{"start":{"line":5,"column":4},"end":{"line":20,"column":6}},"4":{"start":{"line":6,"column":8},"end":{"line":19,"column":9}},"5":{"start":{"line":7,"column":26},"end":{"line":7,"column":73}},"6":{"start":{"line":8,"column":23},"end":{"line":8,"column":73}},"7":{"start":{"line":9,"column":12},"end":{"line":14,"column":13}},"8":{"start":{"line":10,"column":16},"end":{"line":10,"column":32}},"9":{"start":{"line":13,"column":16},"end":{"line":13,"column":40}},"10":{"start":{"line":17,"column":12},"end":{"line":17,"column":28}},"11":{"start":{"line":18,"column":12},"end":{"line":18,"column":29}}},"fnMap":{"0":{"name":"(anonymous_0)","decl":{"start":{"line":4,"column":25},"end":{"line":4,"column":26}},"loc":{"start":{"line":4,"column":42},"end":{"line":21,"column":1}},"line":4},"1":{"name":"(anonymous_1)","decl":{"start":{"line":5,"column":23},"end":{"line":5,"column":24}},"loc":{"start":{"line":5,"column":50},"end":{"line":20,"column":5}},"line":5}},"branchMap":{"0":{"loc":{"start":{"line":9,"column":12},"end":{"line":14,"column":13}},"type":"if","locations":[{"start":{"line":9,"column":12},"end":{"line":14,"column":13}},{"start":{"line":9,"column":12},"end":{"line":14,"column":13}}],"line":9}},"s":{"0":1,"1":1,"2":1,"3":3,"4":3,"5":3,"6":3,"7":3,"8":3,"9":0,"10":0,"11":0},"f":{"0":3,"1":3},"b":{"0":[3,0]},"_coverageSchema":"43e27e138ebf9cfc5966b082cf9a028302ed4184","hash":"092257a115ca5f4cf7b712d62a121ffcf8e3bd88","contentHash":"26617c3a976cdf6aed3719b014cd26342ad264503e0ad259046cffc243abafca"},"/home/admin1/apollo graphql/src/mutations/notes.js":{"path":"/home/admin1/apollo graphql/src/mutations/notes.js","statementMap":{"0":{"start":{"line":18,"column":12},"end":{"line":18,"column":35}},"1":{"start":{"line":19,"column":19},"end":{"line":19,"column":52}},"2":{"start":{"line":20,"column":18},"end":{"line":20,"column":50}},"3":{"start":{"line":21,"column":30},"end":{"line":21,"column":53}},"4":{"start":{"line":30,"column":0},"end":{"line":91,"column":1}},"5":{"start":{"line":31,"column":17},"end":{"line":34,"column":5}},"6":{"start":{"line":35,"column":4},"end":{"line":90,"column":5}},"7":{"start":{"line":36,"column":8},"end":{"line":77,"column":9}},"8":{"start":{"line":37,"column":26},"end":{"line":37,"column":81}},"9":{"start":{"line":38,"column":12},"end":{"line":70,"column":13}},"10":{"start":{"line":40,"column":34},"end":{"line":40,"column":103}},"11":{"start":{"line":41,"column":16},"end":{"line":41,"column":40}},"12":{"start":{"line":42,"column":16},"end":{"line":47,"column":17}},"13":{"start":{"line":43,"column":20},"end":{"line":46,"column":21}},"14":{"start":{"line":49,"column":16},"end":{"line":49,"column":44}},"15":{"start":{"line":50,"column":31},"end":{"line":50,"column":124}},"16":{"start":{"line":51,"column":31},"end":{"line":51,"column":52}},"17":{"start":{"line":52,"column":16},"end":{"line":63,"column":17}},"18":{"start":{"line":53,"column":20},"end":{"line":56,"column":21}},"19":{"start":{"line":59,"column":20},"end":{"line":62,"column":21}},"20":{"start":{"line":66,"column":16},"end":{"line":69,"column":17}},"21":{"start":{"line":73,"column":12},"end":{"line":76,"column":13}},"22":{"start":{"line":80,"column":8},"end":{"line":89,"column":9}},"23":{"start":{"line":84,"column":12},"end":{"line":84,"column":26}},"24":{"start":{"line":87,"column":12},"end":{"line":87,"column":41}},"25":{"start":{"line":88,"column":12},"end":{"line":88,"column":25}},"26":{"start":{"line":99,"column":0},"end":{"line":155,"column":1}},"27":{"start":{"line":100,"column":17},"end":{"line":103,"column":5}},"28":{"start":{"line":104,"column":4},"end":{"line":153,"column":5}},"29":{"start":{"line":106,"column":8},"end":{"line":140,"column":9}},"30":{"start":{"line":108,"column":26},"end":{"line":108,"column":81}},"31":{"start":{"line":109,"column":12},"end":{"line":132,"column":13}},"32":{"start":{"line":110,"column":34},"end":{"line":110,"column":91}},"33":{"start":{"line":111,"column":16},"end":{"line":124,"column":17}},"34":{"start":{"line":113,"column":20},"end":{"line":116,"column":21}},"35":{"start":{"line":120,"column":20},"end":{"line":123,"column":21}},"36":{"start":{"line":128,"column":16},"end":{"line":131,"column":17}},"37":{"start":{"line":136,"column":12},"end":{"line":139,"column":13}},"38":{"start":{"line":143,"column":8},"end":{"line":152,"column":9}},"39":{"start":{"line":147,"column":12},"end":{"line":147,"column":26}},"40":{"start":{"line":150,"column":12},"end":{"line":150,"column":41}},"41":{"start":{"line":151,"column":12},"end":{"line":151,"column":25}},"42":{"start":{"line":163,"column":0},"end":{"line":222,"column":1}},"43":{"start":{"line":164,"column":17},"end":{"line":167,"column":5}},"44":{"start":{"line":168,"column":4},"end":{"line":221,"column":5}},"45":{"start":{"line":170,"column":8},"end":{"line":207,"column":9}},"46":{"start":{"line":172,"column":12},"end":{"line":177,"column":13}},"47":{"start":{"line":173,"column":16},"end":{"line":176,"column":17}},"48":{"start":{"line":179,"column":26},"end":{"line":179,"column":81}},"49":{"start":{"line":180,"column":12},"end":{"line":199,"column":13}},"50":{"start":{"line":182,"column":33},"end":{"line":182,"column":142}},"51":{"start":{"line":183,"column":16},"end":{"line":183,"column":39}},"52":{"start":{"line":184,"column":16},"end":{"line":197,"column":17}},"53":{"start":{"line":186,"column":20},"end":{"line":189,"column":21}},"54":{"start":{"line":193,"column":20},"end":{"line":196,"column":21}},"55":{"start":{"line":203,"column":12},"end":{"line":206,"column":13}},"56":{"start":{"line":211,"column":8},"end":{"line":220,"column":9}},"57":{"start":{"line":215,"column":12},"end":{"line":215,"column":26}},"58":{"start":{"line":218,"column":12},"end":{"line":218,"column":41}},"59":{"start":{"line":219,"column":12},"end":{"line":219,"column":25}},"60":{"start":{"line":230,"column":0},"end":{"line":291,"column":1}},"61":{"start":{"line":231,"column":17},"end":{"line":234,"column":5}},"62":{"start":{"line":235,"column":4},"end":{"line":290,"column":5}},"63":{"start":{"line":237,"column":8},"end":{"line":275,"column":9}},"64":{"start":{"line":238,"column":26},"end":{"line":238,"column":81}},"65":{"start":{"line":239,"column":12},"end":{"line":267,"column":13}},"66":{"start":{"line":242,"column":28},"end":{"line":242,"column":94}},"67":{"start":{"line":243,"column":16},"end":{"line":243,"column":34}},"68":{"start":{"line":245,"column":16},"end":{"line":250,"column":17}},"69":{"start":{"line":246,"column":20},"end":{"line":249,"column":21}},"70":{"start":{"line":252,"column":31},"end":{"line":252,"column":124}},"71":{"start":{"line":253,"column":16},"end":{"line":266,"column":17}},"72":{"start":{"line":255,"column":20},"end":{"line":258,"column":21}},"73":{"start":{"line":262,"column":20},"end":{"line":265,"column":21}},"74":{"start":{"line":271,"column":12},"end":{"line":274,"column":13}},"75":{"start":{"line":280,"column":8},"end":{"line":289,"column":9}},"76":{"start":{"line":284,"column":12},"end":{"line":284,"column":26}},"77":{"start":{"line":287,"column":12},"end":{"line":287,"column":41}},"78":{"start":{"line":288,"column":12},"end":{"line":288,"column":25}},"79":{"start":{"line":299,"column":0},"end":{"line":364,"column":1}},"80":{"start":{"line":300,"column":17},"end":{"line":303,"column":5}},"81":{"start":{"line":304,"column":4},"end":{"line":363,"column":5}},"82":{"start":{"line":306,"column":8},"end":{"line":349,"column":9}},"83":{"start":{"line":308,"column":12},"end":{"line":313,"column":13}},"84":{"start":{"line":309,"column":16},"end":{"line":312,"column":17}},"85":{"start":{"line":314,"column":26},"end":{"line":314,"column":81}},"86":{"start":{"line":315,"column":12},"end":{"line":341,"column":13}},"87":{"start":{"line":317,"column":29},"end":{"line":317,"column":77}},"88":{"start":{"line":319,"column":16},"end":{"line":333,"column":17}},"89":{"start":{"line":320,"column":20},"end":{"line":320,"column":113}},"90":{"start":{"line":322,"column":20},"end":{"line":325,"column":21}},"91":{"start":{"line":329,"column":20},"end":{"line":332,"column":21}},"92":{"start":{"line":337,"column":16},"end":{"line":340,"column":17}},"93":{"start":{"line":345,"column":12},"end":{"line":348,"column":13}},"94":{"start":{"line":353,"column":8},"end":{"line":362,"column":9}},"95":{"start":{"line":357,"column":12},"end":{"line":357,"column":26}},"96":{"start":{"line":360,"column":12},"end":{"line":360,"column":41}},"97":{"start":{"line":361,"column":12},"end":{"line":361,"column":25}},"98":{"start":{"line":372,"column":0},"end":{"line":438,"column":1}},"99":{"start":{"line":373,"column":17},"end":{"line":376,"column":5}},"100":{"start":{"line":377,"column":4},"end":{"line":437,"column":1}},"101":{"start":{"line":379,"column":4},"end":{"line":424,"column":5}},"102":{"start":{"line":381,"column":22},"end":{"line":381,"column":77}},"103":{"start":{"line":382,"column":8},"end":{"line":415,"column":9}},"104":{"start":{"line":384,"column":31},"end":{"line":384,"column":74}},"105":{"start":{"line":386,"column":12},"end":{"line":391,"column":13}},"106":{"start":{"line":387,"column":16},"end":{"line":390,"column":17}},"107":{"start":{"line":393,"column":30},"end":{"line":393,"column":114}},"108":{"start":{"line":394,"column":12},"end":{"line":407,"column":13}},"109":{"start":{"line":396,"column":16},"end":{"line":399,"column":17}},"110":{"start":{"line":403,"column":16},"end":{"line":406,"column":17}},"111":{"start":{"line":411,"column":12},"end":{"line":414,"column":13}},"112":{"start":{"line":420,"column":8},"end":{"line":423,"column":9}},"113":{"start":{"line":427,"column":4},"end":{"line":436,"column":5}},"114":{"start":{"line":431,"column":8},"end":{"line":431,"column":22}},"115":{"start":{"line":434,"column":8},"end":{"line":434,"column":37}},"116":{"start":{"line":435,"column":8},"end":{"line":435,"column":21}},"117":{"start":{"line":446,"column":0},"end":{"line":512,"column":1}},"118":{"start":{"line":447,"column":17},"end":{"line":450,"column":5}},"119":{"start":{"line":451,"column":4},"end":{"line":511,"column":1}},"120":{"start":{"line":453,"column":4},"end":{"line":498,"column":5}},"121":{"start":{"line":455,"column":22},"end":{"line":455,"column":77}},"122":{"start":{"line":456,"column":8},"end":{"line":489,"column":9}},"123":{"start":{"line":458,"column":29},"end":{"line":458,"column":72}},"124":{"start":{"line":460,"column":12},"end":{"line":466,"column":13}},"125":{"start":{"line":462,"column":16},"end":{"line":465,"column":17}},"126":{"start":{"line":467,"column":28},"end":{"line":467,"column":110}},"127":{"start":{"line":469,"column":12},"end":{"line":481,"column":13}},"128":{"start":{"line":470,"column":16},"end":{"line":473,"column":17}},"129":{"start":{"line":477,"column":16},"end":{"line":480,"column":17}},"130":{"start":{"line":485,"column":12},"end":{"line":488,"column":13}},"131":{"start":{"line":494,"column":8},"end":{"line":497,"column":9}},"132":{"start":{"line":501,"column":4},"end":{"line":510,"column":5}},"133":{"start":{"line":505,"column":8},"end":{"line":505,"column":22}},"134":{"start":{"line":508,"column":8},"end":{"line":508,"column":37}},"135":{"start":{"line":509,"column":8},"end":{"line":509,"column":21}},"136":{"start":{"line":520,"column":0},"end":{"line":587,"column":1}},"137":{"start":{"line":521,"column":17},"end":{"line":524,"column":5}},"138":{"start":{"line":525,"column":4},"end":{"line":586,"column":1}},"139":{"start":{"line":527,"column":4},"end":{"line":573,"column":5}},"140":{"start":{"line":529,"column":22},"end":{"line":529,"column":77}},"141":{"start":{"line":530,"column":8},"end":{"line":564,"column":9}},"142":{"start":{"line":532,"column":29},"end":{"line":532,"column":72}},"143":{"start":{"line":534,"column":12},"end":{"line":540,"column":13}},"144":{"start":{"line":536,"column":16},"end":{"line":539,"column":17}},"145":{"start":{"line":542,"column":28},"end":{"line":542,"column":111}},"146":{"start":{"line":543,"column":12},"end":{"line":556,"column":13}},"147":{"start":{"line":545,"column":16},"end":{"line":548,"column":17}},"148":{"start":{"line":552,"column":16},"end":{"line":555,"column":17}},"149":{"start":{"line":560,"column":12},"end":{"line":563,"column":13}},"150":{"start":{"line":569,"column":8},"end":{"line":572,"column":9}},"151":{"start":{"line":576,"column":4},"end":{"line":585,"column":5}},"152":{"start":{"line":580,"column":8},"end":{"line":580,"column":22}},"153":{"start":{"line":583,"column":8},"end":{"line":583,"column":37}},"154":{"start":{"line":584,"column":8},"end":{"line":584,"column":21}},"155":{"start":{"line":595,"column":0},"end":{"line":659,"column":1}},"156":{"start":{"line":596,"column":17},"end":{"line":599,"column":5}},"157":{"start":{"line":601,"column":4},"end":{"line":658,"column":5}},"158":{"start":{"line":602,"column":8},"end":{"line":645,"column":9}},"159":{"start":{"line":604,"column":26},"end":{"line":604,"column":81}},"160":{"start":{"line":605,"column":12},"end":{"line":636,"column":13}},"161":{"start":{"line":606,"column":35},"end":{"line":606,"column":78}},"162":{"start":{"line":607,"column":16},"end":{"line":613,"column":17}},"163":{"start":{"line":609,"column":20},"end":{"line":612,"column":21}},"164":{"start":{"line":614,"column":34},"end":{"line":614,"column":119}},"165":{"start":{"line":615,"column":16},"end":{"line":628,"column":17}},"166":{"start":{"line":617,"column":20},"end":{"line":620,"column":21}},"167":{"start":{"line":624,"column":20},"end":{"line":627,"column":21}},"168":{"start":{"line":632,"column":16},"end":{"line":635,"column":17}},"169":{"start":{"line":641,"column":12},"end":{"line":644,"column":13}},"170":{"start":{"line":647,"column":8},"end":{"line":647,"column":24}},"171":{"start":{"line":648,"column":8},"end":{"line":657,"column":9}},"172":{"start":{"line":652,"column":12},"end":{"line":652,"column":26}},"173":{"start":{"line":655,"column":12},"end":{"line":655,"column":41}},"174":{"start":{"line":656,"column":12},"end":{"line":656,"column":25}},"175":{"start":{"line":667,"column":0},"end":{"line":759,"column":1}},"176":{"start":{"line":668,"column":17},"end":{"line":671,"column":5}},"177":{"start":{"line":672,"column":4},"end":{"line":758,"column":5}},"178":{"start":{"line":674,"column":4},"end":{"line":745,"column":5}},"179":{"start":{"line":676,"column":22},"end":{"line":676,"column":77}},"180":{"start":{"line":677,"column":8},"end":{"line":737,"column":9}},"181":{"start":{"line":678,"column":23},"end":{"line":678,"column":69}},"182":{"start":{"line":680,"column":12},"end":{"line":685,"column":13}},"183":{"start":{"line":681,"column":16},"end":{"line":684,"column":17}},"184":{"start":{"line":686,"column":12},"end":{"line":729,"column":13}},"185":{"start":{"line":688,"column":16},"end":{"line":691,"column":17}},"186":{"start":{"line":695,"column":35},"end":{"line":695,"column":51}},"187":{"start":{"line":697,"column":30},"end":{"line":699,"column":18}},"188":{"start":{"line":701,"column":28},"end":{"line":703,"column":18}},"189":{"start":{"line":705,"column":28},"end":{"line":705,"column":78}},"190":{"start":{"line":707,"column":16},"end":{"line":724,"column":17}},"191":{"start":{"line":707,"column":29},"end":{"line":707,"column":30}},"192":{"start":{"line":708,"column":32},"end":{"line":708,"column":37}},"193":{"start":{"line":710,"column":20},"end":{"line":714,"column":21}},"194":{"start":{"line":710,"column":33},"end":{"line":710,"column":34}},"195":{"start":{"line":711,"column":24},"end":{"line":713,"column":25}},"196":{"start":{"line":712,"column":28},"end":{"line":712,"column":40}},"197":{"start":{"line":716,"column":20},"end":{"line":723,"column":21}},"198":{"start":{"line":717,"column":38},"end":{"line":721,"column":26}},"199":{"start":{"line":722,"column":24},"end":{"line":722,"column":45}},"200":{"start":{"line":725,"column":16},"end":{"line":727,"column":17}},"201":{"start":{"line":733,"column":12},"end":{"line":736,"column":13}},"202":{"start":{"line":741,"column":8},"end":{"line":744,"column":9}},"203":{"start":{"line":748,"column":8},"end":{"line":757,"column":9}},"204":{"start":{"line":752,"column":12},"end":{"line":752,"column":26}},"205":{"start":{"line":755,"column":12},"end":{"line":755,"column":41}},"206":{"start":{"line":756,"column":12},"end":{"line":756,"column":25}},"207":{"start":{"line":766,"column":0},"end":{"line":827,"column":1}},"208":{"start":{"line":767,"column":17},"end":{"line":770,"column":5}},"209":{"start":{"line":772,"column":4},"end":{"line":826,"column":5}},"210":{"start":{"line":773,"column":8},"end":{"line":813,"column":9}},"211":{"start":{"line":775,"column":26},"end":{"line":775,"column":81}},"212":{"start":{"line":777,"column":23},"end":{"line":777,"column":42}},"213":{"start":{"line":778,"column":12},"end":{"line":778,"column":29}},"214":{"start":{"line":779,"column":12},"end":{"line":804,"column":13}},"215":{"start":{"line":780,"column":27},"end":{"line":780,"column":70}},"216":{"start":{"line":781,"column":16},"end":{"line":803,"column":17}},"217":{"start":{"line":783,"column":38},"end":{"line":783,"column":149}},"218":{"start":{"line":784,"column":20},"end":{"line":799,"column":21}},"219":{"start":{"line":785,"column":24},"end":{"line":785,"column":48}},"220":{"start":{"line":787,"column":24},"end":{"line":790,"column":25}},"221":{"start":{"line":798,"column":24},"end":{"line":798,"column":74}},"222":{"start":{"line":802,"column":20},"end":{"line":802,"column":54}},"223":{"start":{"line":812,"column":12},"end":{"line":812,"column":49}},"224":{"start":{"line":815,"column":8},"end":{"line":815,"column":24}},"225":{"start":{"line":816,"column":8},"end":{"line":825,"column":9}},"226":{"start":{"line":820,"column":12},"end":{"line":820,"column":26}},"227":{"start":{"line":823,"column":12},"end":{"line":823,"column":41}},"228":{"start":{"line":824,"column":12},"end":{"line":824,"column":25}}},"fnMap":{"0":{"name":"(anonymous_0)","decl":{"start":{"line":30,"column":19},"end":{"line":30,"column":20}},"loc":{"start":{"line":30,"column":50},"end":{"line":91,"column":1}},"line":30},"1":{"name":"(anonymous_1)","decl":{"start":{"line":99,"column":21},"end":{"line":99,"column":22}},"loc":{"start":{"line":99,"column":52},"end":{"line":155,"column":1}},"line":99},"2":{"name":"(anonymous_2)","decl":{"start":{"line":163,"column":19},"end":{"line":163,"column":20}},"loc":{"start":{"line":163,"column":50},"end":{"line":222,"column":1}},"line":163},"3":{"name":"(anonymous_3)","decl":{"start":{"line":230,"column":25},"end":{"line":230,"column":26}},"loc":{"start":{"line":230,"column":56},"end":{"line":291,"column":1}},"line":230},"4":{"name":"(anonymous_4)","decl":{"start":{"line":299,"column":30},"end":{"line":299,"column":31}},"loc":{"start":{"line":299,"column":61},"end":{"line":364,"column":1}},"line":299},"5":{"name":"(anonymous_5)","decl":{"start":{"line":372,"column":18},"end":{"line":372,"column":19}},"loc":{"start":{"line":372,"column":49},"end":{"line":438,"column":1}},"line":372},"6":{"name":"(anonymous_6)","decl":{"start":{"line":446,"column":16},"end":{"line":446,"column":17}},"loc":{"start":{"line":446,"column":47},"end":{"line":512,"column":1}},"line":446},"7":{"name":"(anonymous_7)","decl":{"start":{"line":520,"column":18},"end":{"line":520,"column":19}},"loc":{"start":{"line":520,"column":49},"end":{"line":587,"column":1}},"line":520},"8":{"name":"(anonymous_8)","decl":{"start":{"line":595,"column":20},"end":{"line":595,"column":21}},"loc":{"start":{"line":595,"column":51},"end":{"line":659,"column":1}},"line":595},"9":{"name":"(anonymous_9)","decl":{"start":{"line":667,"column":22},"end":{"line":667,"column":23}},"loc":{"start":{"line":667,"column":53},"end":{"line":759,"column":1}},"line":667},"10":{"name":"(anonymous_10)","decl":{"start":{"line":766,"column":22},"end":{"line":766,"column":23}},"loc":{"start":{"line":766,"column":53},"end":{"line":827,"column":1}},"line":766}},"branchMap":{"0":{"loc":{"start":{"line":36,"column":8},"end":{"line":77,"column":9}},"type":"if","locations":[{"start":{"line":36,"column":8},"end":{"line":77,"column":9}},{"start":{"line":36,"column":8},"end":{"line":77,"column":9}}],"line":36},"1":{"loc":{"start":{"line":38,"column":12},"end":{"line":70,"column":13}},"type":"if","locations":[{"start":{"line":38,"column":12},"end":{"line":70,"column":13}},{"start":{"line":38,"column":12},"end":{"line":70,"column":13}}],"line":38},"2":{"loc":{"start":{"line":42,"column":16},"end":{"line":47,"column":17}},"type":"if","locations":[{"start":{"line":42,"column":16},"end":{"line":47,"column":17}},{"start":{"line":42,"column":16},"end":{"line":47,"column":17}}],"line":42},"3":{"loc":{"start":{"line":52,"column":16},"end":{"line":63,"column":17}},"type":"if","locations":[{"start":{"line":52,"column":16},"end":{"line":63,"column":17}},{"start":{"line":52,"column":16},"end":{"line":63,"column":17}}],"line":52},"4":{"loc":{"start":{"line":80,"column":8},"end":{"line":89,"column":9}},"type":"if","locations":[{"start":{"line":80,"column":8},"end":{"line":89,"column":9}},{"start":{"line":80,"column":8},"end":{"line":89,"column":9}}],"line":80},"5":{"loc":{"start":{"line":80,"column":12},"end":{"line":83,"column":40}},"type":"binary-expr","locations":[{"start":{"line":80,"column":12},"end":{"line":80,"column":41}},{"start":{"line":81,"column":15},"end":{"line":81,"column":41}},{"start":{"line":82,"column":15},"end":{"line":82,"column":39}},{"start":{"line":83,"column":15},"end":{"line":83,"column":40}}],"line":80},"6":{"loc":{"start":{"line":106,"column":8},"end":{"line":140,"column":9}},"type":"if","locations":[{"start":{"line":106,"column":8},"end":{"line":140,"column":9}},{"start":{"line":106,"column":8},"end":{"line":140,"column":9}}],"line":106},"7":{"loc":{"start":{"line":109,"column":12},"end":{"line":132,"column":13}},"type":"if","locations":[{"start":{"line":109,"column":12},"end":{"line":132,"column":13}},{"start":{"line":109,"column":12},"end":{"line":132,"column":13}}],"line":109},"8":{"loc":{"start":{"line":111,"column":16},"end":{"line":124,"column":17}},"type":"if","locations":[{"start":{"line":111,"column":16},"end":{"line":124,"column":17}},{"start":{"line":111,"column":16},"end":{"line":124,"column":17}}],"line":111},"9":{"loc":{"start":{"line":143,"column":8},"end":{"line":152,"column":9}},"type":"if","locations":[{"start":{"line":143,"column":8},"end":{"line":152,"column":9}},{"start":{"line":143,"column":8},"end":{"line":152,"column":9}}],"line":143},"10":{"loc":{"start":{"line":143,"column":12},"end":{"line":146,"column":40}},"type":"binary-expr","locations":[{"start":{"line":143,"column":12},"end":{"line":143,"column":41}},{"start":{"line":144,"column":15},"end":{"line":144,"column":41}},{"start":{"line":145,"column":15},"end":{"line":145,"column":39}},{"start":{"line":146,"column":15},"end":{"line":146,"column":40}}],"line":143},"11":{"loc":{"start":{"line":170,"column":8},"end":{"line":207,"column":9}},"type":"if","locations":[{"start":{"line":170,"column":8},"end":{"line":207,"column":9}},{"start":{"line":170,"column":8},"end":{"line":207,"column":9}}],"line":170},"12":{"loc":{"start":{"line":172,"column":12},"end":{"line":177,"column":13}},"type":"if","locations":[{"start":{"line":172,"column":12},"end":{"line":177,"column":13}},{"start":{"line":172,"column":12},"end":{"line":177,"column":13}}],"line":172},"13":{"loc":{"start":{"line":172,"column":16},"end":{"line":172,"column":56}},"type":"binary-expr","locations":[{"start":{"line":172,"column":16},"end":{"line":172,"column":31}},{"start":{"line":172,"column":35},"end":{"line":172,"column":56}}],"line":172},"14":{"loc":{"start":{"line":180,"column":12},"end":{"line":199,"column":13}},"type":"if","locations":[{"start":{"line":180,"column":12},"end":{"line":199,"column":13}},{"start":{"line":180,"column":12},"end":{"line":199,"column":13}}],"line":180},"15":{"loc":{"start":{"line":184,"column":16},"end":{"line":197,"column":17}},"type":"if","locations":[{"start":{"line":184,"column":16},"end":{"line":197,"column":17}},{"start":{"line":184,"column":16},"end":{"line":197,"column":17}}],"line":184},"16":{"loc":{"start":{"line":211,"column":8},"end":{"line":220,"column":9}},"type":"if","locations":[{"start":{"line":211,"column":8},"end":{"line":220,"column":9}},{"start":{"line":211,"column":8},"end":{"line":220,"column":9}}],"line":211},"17":{"loc":{"start":{"line":211,"column":12},"end":{"line":214,"column":40}},"type":"binary-expr","locations":[{"start":{"line":211,"column":12},"end":{"line":211,"column":41}},{"start":{"line":212,"column":15},"end":{"line":212,"column":41}},{"start":{"line":213,"column":15},"end":{"line":213,"column":39}},{"start":{"line":214,"column":15},"end":{"line":214,"column":40}}],"line":211},"18":{"loc":{"start":{"line":237,"column":8},"end":{"line":275,"column":9}},"type":"if","locations":[{"start":{"line":237,"column":8},"end":{"line":275,"column":9}},{"start":{"line":237,"column":8},"end":{"line":275,"column":9}}],"line":237},"19":{"loc":{"start":{"line":239,"column":12},"end":{"line":267,"column":13}},"type":"if","locations":[{"start":{"line":239,"column":12},"end":{"line":267,"column":13}},{"start":{"line":239,"column":12},"end":{"line":267,"column":13}}],"line":239},"20":{"loc":{"start":{"line":245,"column":16},"end":{"line":250,"column":17}},"type":"if","locations":[{"start":{"line":245,"column":16},"end":{"line":250,"column":17}},{"start":{"line":245,"column":16},"end":{"line":250,"column":17}}],"line":245},"21":{"loc":{"start":{"line":253,"column":16},"end":{"line":266,"column":17}},"type":"if","locations":[{"start":{"line":253,"column":16},"end":{"line":266,"column":17}},{"start":{"line":253,"column":16},"end":{"line":266,"column":17}}],"line":253},"22":{"loc":{"start":{"line":280,"column":8},"end":{"line":289,"column":9}},"type":"if","locations":[{"start":{"line":280,"column":8},"end":{"line":289,"column":9}},{"start":{"line":280,"column":8},"end":{"line":289,"column":9}}],"line":280},"23":{"loc":{"start":{"line":280,"column":12},"end":{"line":283,"column":40}},"type":"binary-expr","locations":[{"start":{"line":280,"column":12},"end":{"line":280,"column":41}},{"start":{"line":281,"column":15},"end":{"line":281,"column":41}},{"start":{"line":282,"column":15},"end":{"line":282,"column":39}},{"start":{"line":283,"column":15},"end":{"line":283,"column":40}}],"line":280},"24":{"loc":{"start":{"line":306,"column":8},"end":{"line":349,"column":9}},"type":"if","locations":[{"start":{"line":306,"column":8},"end":{"line":349,"column":9}},{"start":{"line":306,"column":8},"end":{"line":349,"column":9}}],"line":306},"25":{"loc":{"start":{"line":308,"column":12},"end":{"line":313,"column":13}},"type":"if","locations":[{"start":{"line":308,"column":12},"end":{"line":313,"column":13}},{"start":{"line":308,"column":12},"end":{"line":313,"column":13}}],"line":308},"26":{"loc":{"start":{"line":308,"column":16},"end":{"line":308,"column":56}},"type":"binary-expr","locations":[{"start":{"line":308,"column":16},"end":{"line":308,"column":31}},{"start":{"line":308,"column":35},"end":{"line":308,"column":56}}],"line":308},"27":{"loc":{"start":{"line":315,"column":12},"end":{"line":341,"column":13}},"type":"if","locations":[{"start":{"line":315,"column":12},"end":{"line":341,"column":13}},{"start":{"line":315,"column":12},"end":{"line":341,"column":13}}],"line":315},"28":{"loc":{"start":{"line":319,"column":16},"end":{"line":333,"column":17}},"type":"if","locations":[{"start":{"line":319,"column":16},"end":{"line":333,"column":17}},{"start":{"line":319,"column":16},"end":{"line":333,"column":17}}],"line":319},"29":{"loc":{"start":{"line":353,"column":8},"end":{"line":362,"column":9}},"type":"if","locations":[{"start":{"line":353,"column":8},"end":{"line":362,"column":9}},{"start":{"line":353,"column":8},"end":{"line":362,"column":9}}],"line":353},"30":{"loc":{"start":{"line":353,"column":12},"end":{"line":356,"column":40}},"type":"binary-expr","locations":[{"start":{"line":353,"column":12},"end":{"line":353,"column":41}},{"start":{"line":354,"column":15},"end":{"line":354,"column":41}},{"start":{"line":355,"column":15},"end":{"line":355,"column":39}},{"start":{"line":356,"column":15},"end":{"line":356,"column":40}}],"line":353},"31":{"loc":{"start":{"line":379,"column":4},"end":{"line":424,"column":5}},"type":"if","locations":[{"start":{"line":379,"column":4},"end":{"line":424,"column":5}},{"start":{"line":379,"column":4},"end":{"line":424,"column":5}}],"line":379},"32":{"loc":{"start":{"line":382,"column":8},"end":{"line":415,"column":9}},"type":"if","locations":[{"start":{"line":382,"column":8},"end":{"line":415,"column":9}},{"start":{"line":382,"column":8},"end":{"line":415,"column":9}}],"line":382},"33":{"loc":{"start":{"line":386,"column":12},"end":{"line":391,"column":13}},"type":"if","locations":[{"start":{"line":386,"column":12},"end":{"line":391,"column":13}},{"start":{"line":386,"column":12},"end":{"line":391,"column":13}}],"line":386},"34":{"loc":{"start":{"line":394,"column":12},"end":{"line":407,"column":13}},"type":"if","locations":[{"start":{"line":394,"column":12},"end":{"line":407,"column":13}},{"start":{"line":394,"column":12},"end":{"line":407,"column":13}}],"line":394},"35":{"loc":{"start":{"line":427,"column":4},"end":{"line":436,"column":5}},"type":"if","locations":[{"start":{"line":427,"column":4},"end":{"line":436,"column":5}},{"start":{"line":427,"column":4},"end":{"line":436,"column":5}}],"line":427},"36":{"loc":{"start":{"line":427,"column":8},"end":{"line":430,"column":36}},"type":"binary-expr","locations":[{"start":{"line":427,"column":8},"end":{"line":427,"column":37}},{"start":{"line":428,"column":11},"end":{"line":428,"column":37}},{"start":{"line":429,"column":11},"end":{"line":429,"column":35}},{"start":{"line":430,"column":11},"end":{"line":430,"column":36}}],"line":427},"37":{"loc":{"start":{"line":453,"column":4},"end":{"line":498,"column":5}},"type":"if","locations":[{"start":{"line":453,"column":4},"end":{"line":498,"column":5}},{"start":{"line":453,"column":4},"end":{"line":498,"column":5}}],"line":453},"38":{"loc":{"start":{"line":456,"column":8},"end":{"line":489,"column":9}},"type":"if","locations":[{"start":{"line":456,"column":8},"end":{"line":489,"column":9}},{"start":{"line":456,"column":8},"end":{"line":489,"column":9}}],"line":456},"39":{"loc":{"start":{"line":460,"column":12},"end":{"line":466,"column":13}},"type":"if","locations":[{"start":{"line":460,"column":12},"end":{"line":466,"column":13}},{"start":{"line":460,"column":12},"end":{"line":466,"column":13}}],"line":460},"40":{"loc":{"start":{"line":469,"column":12},"end":{"line":481,"column":13}},"type":"if","locations":[{"start":{"line":469,"column":12},"end":{"line":481,"column":13}},{"start":{"line":469,"column":12},"end":{"line":481,"column":13}}],"line":469},"41":{"loc":{"start":{"line":501,"column":4},"end":{"line":510,"column":5}},"type":"if","locations":[{"start":{"line":501,"column":4},"end":{"line":510,"column":5}},{"start":{"line":501,"column":4},"end":{"line":510,"column":5}}],"line":501},"42":{"loc":{"start":{"line":501,"column":8},"end":{"line":504,"column":36}},"type":"binary-expr","locations":[{"start":{"line":501,"column":8},"end":{"line":501,"column":37}},{"start":{"line":502,"column":11},"end":{"line":502,"column":37}},{"start":{"line":503,"column":11},"end":{"line":503,"column":35}},{"start":{"line":504,"column":11},"end":{"line":504,"column":36}}],"line":501},"43":{"loc":{"start":{"line":527,"column":4},"end":{"line":573,"column":5}},"type":"if","locations":[{"start":{"line":527,"column":4},"end":{"line":573,"column":5}},{"start":{"line":527,"column":4},"end":{"line":573,"column":5}}],"line":527},"44":{"loc":{"start":{"line":530,"column":8},"end":{"line":564,"column":9}},"type":"if","locations":[{"start":{"line":530,"column":8},"end":{"line":564,"column":9}},{"start":{"line":530,"column":8},"end":{"line":564,"column":9}}],"line":530},"45":{"loc":{"start":{"line":534,"column":12},"end":{"line":540,"column":13}},"type":"if","locations":[{"start":{"line":534,"column":12},"end":{"line":540,"column":13}},{"start":{"line":534,"column":12},"end":{"line":540,"column":13}}],"line":534},"46":{"loc":{"start":{"line":543,"column":12},"end":{"line":556,"column":13}},"type":"if","locations":[{"start":{"line":543,"column":12},"end":{"line":556,"column":13}},{"start":{"line":543,"column":12},"end":{"line":556,"column":13}}],"line":543},"47":{"loc":{"start":{"line":576,"column":4},"end":{"line":585,"column":5}},"type":"if","locations":[{"start":{"line":576,"column":4},"end":{"line":585,"column":5}},{"start":{"line":576,"column":4},"end":{"line":585,"column":5}}],"line":576},"48":{"loc":{"start":{"line":576,"column":8},"end":{"line":579,"column":36}},"type":"binary-expr","locations":[{"start":{"line":576,"column":8},"end":{"line":576,"column":37}},{"start":{"line":577,"column":11},"end":{"line":577,"column":37}},{"start":{"line":578,"column":11},"end":{"line":578,"column":35}},{"start":{"line":579,"column":11},"end":{"line":579,"column":36}}],"line":576},"49":{"loc":{"start":{"line":602,"column":8},"end":{"line":645,"column":9}},"type":"if","locations":[{"start":{"line":602,"column":8},"end":{"line":645,"column":9}},{"start":{"line":602,"column":8},"end":{"line":645,"column":9}}],"line":602},"50":{"loc":{"start":{"line":605,"column":12},"end":{"line":636,"column":13}},"type":"if","locations":[{"start":{"line":605,"column":12},"end":{"line":636,"column":13}},{"start":{"line":605,"column":12},"end":{"line":636,"column":13}}],"line":605},"51":{"loc":{"start":{"line":607,"column":16},"end":{"line":613,"column":17}},"type":"if","locations":[{"start":{"line":607,"column":16},"end":{"line":613,"column":17}},{"start":{"line":607,"column":16},"end":{"line":613,"column":17}}],"line":607},"52":{"loc":{"start":{"line":615,"column":16},"end":{"line":628,"column":17}},"type":"if","locations":[{"start":{"line":615,"column":16},"end":{"line":628,"column":17}},{"start":{"line":615,"column":16},"end":{"line":628,"column":17}}],"line":615},"53":{"loc":{"start":{"line":648,"column":8},"end":{"line":657,"column":9}},"type":"if","locations":[{"start":{"line":648,"column":8},"end":{"line":657,"column":9}},{"start":{"line":648,"column":8},"end":{"line":657,"column":9}}],"line":648},"54":{"loc":{"start":{"line":648,"column":12},"end":{"line":651,"column":40}},"type":"binary-expr","locations":[{"start":{"line":648,"column":12},"end":{"line":648,"column":41}},{"start":{"line":649,"column":15},"end":{"line":649,"column":41}},{"start":{"line":650,"column":15},"end":{"line":650,"column":39}},{"start":{"line":651,"column":15},"end":{"line":651,"column":40}}],"line":648},"55":{"loc":{"start":{"line":674,"column":4},"end":{"line":745,"column":5}},"type":"if","locations":[{"start":{"line":674,"column":4},"end":{"line":745,"column":5}},{"start":{"line":674,"column":4},"end":{"line":745,"column":5}}],"line":674},"56":{"loc":{"start":{"line":677,"column":8},"end":{"line":737,"column":9}},"type":"if","locations":[{"start":{"line":677,"column":8},"end":{"line":737,"column":9}},{"start":{"line":677,"column":8},"end":{"line":737,"column":9}}],"line":677},"57":{"loc":{"start":{"line":680,"column":12},"end":{"line":685,"column":13}},"type":"if","locations":[{"start":{"line":680,"column":12},"end":{"line":685,"column":13}},{"start":{"line":680,"column":12},"end":{"line":685,"column":13}}],"line":680},"58":{"loc":{"start":{"line":686,"column":12},"end":{"line":729,"column":13}},"type":"if","locations":[{"start":{"line":686,"
[...]
4":0,"125":0,"126":0,"127":0,"128":0,"129":0,"130":0,"131":0,"132":0,"133":0,"134":0,"135":0,"136":0,"137":0,"138":0,"139":0,"140":0},"f":{"0":0,"1":0,"2":1,"3":1,"4":2,"5":2,"6":0,"7":0,"8":0},"b":{"0":[0,0],"1":[0,0],"2":[0,0],"3":[0,0],"4":[0,0],"5":[0,0],"6":[0,0],"7":[0,0],"8":[1,0],"9":[1,0],"10":[1,0],"11":[1,1],"12":[1,0],"13":[1,0],"14":[1,0],"15":[1,1],"16":[2,0],"17":[2,0],"18":[2,0],"19":[2,2],"20":[2,0],"21":[2,0],"22":[2,0],"23":[2,2],"24":[0,0],"25":[0,0],"26":[0,0]},"_coverageSchema":"43e27e138ebf9cfc5966b082cf9a028302ed4184","hash":"d1f1cecc411384ab752c3966550a42c13c05db96","contentHash":"d3dc894a53f738a92c3b18cde03be12189e84a83573bccf6114fd5b5f5698688"},"/home/admin1/apollo graphql/model/issuseModel.js":{"path":"/home/admin1/apollo graphql/model/issuseModel.js","statementMap":{"0":{"start":{"line":16,"column":17},"end":{"line":16,"column":36}},"1":{"start":{"line":17,"column":15},"end":{"line":17,"column":30}},"2":{"start":{"line":18,"column":20},"end":{"line":34,"column":1}},"3":{"start":{"line":36,"column":0},"end":{"line":36,"column":55}}},"fnMap":{},"branchMap":{},"s":{"0":1,"1":1,"2":1,"3":1},"f":{},"b":{},"_coverageSchema":"43e27e138ebf9cfc5966b082cf9a028302ed4184","hash":"176fba1431d93336b6549501a4d592e621738e58","contentHash":"6d865494ab501b5d2c3b711f56db6ebd8516a5ec423124ee17a763cab4ab4ce1"},"/home/admin1/apollo graphql/src/mutations/profileUpload.js":{"path":"/home/admin1/apollo graphql/src/mutations/profileUpload.js","statementMap":{"0":{"start":{"line":15,"column":18},"end":{"line":15,"column":50}},"1":{"start":{"line":16,"column":12},"end":{"line":16,"column":35}},"2":{"start":{"line":17,"column":0},"end":{"line":33,"column":1}},"3":{"start":{"line":18,"column":4},"end":{"line":32,"column":5}},"4":{"start":{"line":19,"column":20},"end":{"line":19,"column":75}},"5":{"start":{"line":20,"column":6},"end":{"line":20,"column":35}},"6":{"start":{"line":21,"column":22},"end":{"line":21,"column":135}},"7":{"start":{"line":22,"column":6},"end":{"line":26,"column":7}},"8":{"start":{"line":23,"column":8},"end":{"line":25,"column":9}},"9":{"start":{"line":29,"column":6},"end":{"line":31,"column":7}}},"fnMap":{"0":{"name":"(anonymous_0)","decl":{"start":{"line":17,"column":20},"end":{"line":17,"column":21}},"loc":{"start":{"line":17,"column":47},"end":{"line":33,"column":1}},"line":17}},"branchMap":{"0":{"loc":{"start":{"line":18,"column":4},"end":{"line":32,"column":5}},"type":"if","locations":[{"start":{"line":18,"column":4},"end":{"line":32,"column":5}},{"start":{"line":18,"column":4},"end":{"line":32,"column":5}}],"line":18},"1":{"loc":{"start":{"line":22,"column":6},"end":{"line":26,"column":7}},"type":"if","locations":[{"start":{"line":22,"column":6},"end":{"line":26,"column":7}},{"start":{"line":22,"column":6},"end":{"line":26,"column":7}}],"line":22}},"s":{"0":1,"1":1,"2":1,"3":0,"4":0,"5":0,"6":0,"7":0,"8":0,"9":0},"f":{"0":0},"b":{"0":[0,0],"1":[0,0]},"_coverageSchema":"43e27e138ebf9cfc5966b082cf9a028302ed4184","hash":"6eacb6db4dba139a98688d7722e306af2eedb03c","contentHash":"99f2b3b967e4a134167960de03d2fd8db9c35f0247678a683bbf3bbea562f759"},"/home/admin1/apollo graphql/src/mutations/addCollaborator.js":{"path":"/home/admin1/apollo graphql/src/mutations/addCollaborator.js","statementMap":{"0":{"start":{"line":18,"column":18},"end":{"line":18,"column":50}},"1":{"start":{"line":19,"column":18},"end":{"line":19,"column":51}},"2":{"start":{"line":20,"column":17},"end":{"line":20,"column":51}},"3":{"start":{"line":21,"column":15},"end":{"line":21,"column":32}},"4":{"start":{"line":22,"column":12},"end":{"line":22,"column":35}},"5":{"start":{"line":23,"column":17},"end":{"line":23,"column":71}},"6":{"start":{"line":32,"column":0},"end":{"line":97,"column":1}},"7":{"start":{"line":34,"column":4},"end":{"line":96,"column":5}},"8":{"start":{"line":35,"column":8},"end":{"line":88,"column":9}},"9":{"start":{"line":36,"column":26},"end":{"line":36,"column":81}},"10":{"start":{"line":37,"column":12},"end":{"line":37,"column":40}},"11":{"start":{"line":38,"column":23},"end":{"line":38,"column":71}},"12":{"start":{"line":39,"column":12},"end":{"line":44,"column":13}},"13":{"start":{"line":40,"column":16},"end":{"line":43,"column":17}},"14":{"start":{"line":45,"column":35},"end":{"line":45,"column":86}},"15":{"start":{"line":46,"column":12},"end":{"line":51,"column":13}},"16":{"start":{"line":47,"column":16},"end":{"line":50,"column":17}},"17":{"start":{"line":52,"column":23},"end":{"line":52,"column":67}},"18":{"start":{"line":53,"column":12},"end":{"line":58,"column":13}},"19":{"start":{"line":54,"column":16},"end":{"line":57,"column":17}},"20":{"start":{"line":59,"column":24},"end":{"line":59,"column":130}},"21":{"start":{"line":60,"column":12},"end":{"line":60,"column":31}},"22":{"start":{"line":61,"column":12},"end":{"line":66,"column":13}},"23":{"start":{"line":62,"column":16},"end":{"line":65,"column":17}},"24":{"start":{"line":67,"column":27},"end":{"line":71,"column":14}},"25":{"start":{"line":72,"column":23},"end":{"line":72,"column":38}},"26":{"start":{"line":73,"column":12},"end":{"line":86,"column":13}},"27":{"start":{"line":74,"column":26},"end":{"line":74,"column":85}},"28":{"start":{"line":75,"column":16},"end":{"line":75,"column":56}},"29":{"start":{"line":76,"column":16},"end":{"line":79,"column":17}},"30":{"start":{"line":82,"column":16},"end":{"line":85,"column":17}},"31":{"start":{"line":89,"column":8},"end":{"line":92,"column":9}},"32":{"start":{"line":94,"column":8},"end":{"line":94,"column":29}},"33":{"start":{"line":95,"column":8},"end":{"line":95,"column":33}},"34":{"start":{"line":107,"column":0},"end":{"line":161,"column":1}},"35":{"start":{"line":109,"column":4},"end":{"line":160,"column":5}},"36":{"start":{"line":110,"column":8},"end":{"line":152,"column":9}},"37":{"start":{"line":111,"column":26},"end":{"line":111,"column":81}},"38":{"start":{"line":112,"column":12},"end":{"line":112,"column":40}},"39":{"start":{"line":113,"column":23},"end":{"line":113,"column":71}},"40":{"start":{"line":114,"column":12},"end":{"line":119,"column":13}},"41":{"start":{"line":115,"column":16},"end":{"line":118,"column":17}},"42":{"start":{"line":120,"column":35},"end":{"line":120,"column":86}},"43":{"start":{"line":121,"column":12},"end":{"line":126,"column":13}},"44":{"start":{"line":122,"column":16},"end":{"line":125,"column":17}},"45":{"start":{"line":127,"column":23},"end":{"line":127,"column":67}},"46":{"start":{"line":128,"column":12},"end":{"line":133,"column":13}},"47":{"start":{"line":129,"column":16},"end":{"line":132,"column":17}},"48":{"start":{"line":134,"column":24},"end":{"line":134,"column":142}},"49":{"start":{"line":135,"column":12},"end":{"line":135,"column":31}},"50":{"start":{"line":136,"column":12},"end":{"line":150,"column":13}},"51":{"start":{"line":137,"column":26},"end":{"line":137,"column":98}},"52":{"start":{"line":138,"column":16},"end":{"line":138,"column":56}},"53":{"start":{"line":139,"column":16},"end":{"line":142,"column":17}},"54":{"start":{"line":146,"column":16},"end":{"line":149,"column":17}},"55":{"start":{"line":153,"column":8},"end":{"line":156,"column":9}},"56":{"start":{"line":158,"column":8},"end":{"line":158,"column":24}},"57":{"start":{"line":159,"column":8},"end":{"line":159,"column":38}}},"fnMap":{"0":{"name":"(anonymous_0)","decl":{"start":{"line":32,"column":26},"end":{"line":32,"column":27}},"loc":{"start":{"line":32,"column":59},"end":{"line":97,"column":1}},"line":32},"1":{"name":"(anonymous_1)","decl":{"start":{"line":107,"column":29},"end":{"line":107,"column":30}},"loc":{"start":{"line":107,"column":62},"end":{"line":161,"column":1}},"line":107}},"branchMap":{"0":{"loc":{"start":{"line":35,"column":8},"end":{"line":88,"column":9}},"type":"if","locations":[{"start":{"line":35,"column":8},"end":{"line":88,"column":9}},{"start":{"line":35,"column":8},"end":{"line":88,"column":9}}],"line":35},"1":{"loc":{"start":{"line":39,"column":12},"end":{"line":44,"column":13}},"type":"if","locations":[{"start":{"line":39,"column":12},"end":{"line":44,"column":13}},{"start":{"line":39,"column":12},"end":{"line":44,"column":13}}],"line":39},"2":{"loc":{"start":{"line":46,"column":12},"end":{"line":51,"column":13}},"type":"if","locations":[{"start":{"line":46,"column":12},"end":{"line":51,"column":13}},{"start":{"line":46,"column":12},"end":{"line":51,"column":13}}],"line":46},"3":{"loc":{"start":{"line":53,"column":12},"end":{"line":58,"column":13}},"type":"if","locations":[{"start":{"line":53,"column":12},"end":{"line":58,"column":13}},{"start":{"line":53,"column":12},"end":{"line":58,"column":13}}],"line":53},"4":{"loc":{"start":{"line":61,"column":12},"end":{"line":66,"column":13}},"type":"if","locations":[{"start":{"line":61,"column":12},"end":{"line":66,"column":13}},{"start":{"line":61,"column":12},"end":{"line":66,"column":13}}],"line":61},"5":{"loc":{"start":{"line":73,"column":12},"end":{"line":86,"column":13}},"type":"if","locations":[{"start":{"line":73,"column":12},"end":{"line":86,"column":13}},{"start":{"line":73,"column":12},"end":{"line":86,"column":13}}],"line":73},"6":{"loc":{"start":{"line":110,"column":8},"end":{"line":152,"column":9}},"type":"if","locations":[{"start":{"line":110,"column":8},"end":{"line":152,"column":9}},{"start":{"line":110,"column":8},"end":{"line":152,"column":9}}],"line":110},"7":{"loc":{"start":{"line":114,"column":12},"end":{"line":119,"column":13}},"type":"if","locations":[{"start":{"line":114,"column":12},"end":{"line":119,"column":13}},{"start":{"line":114,"column":12},"end":{"line":119,"column":13}}],"line":114},"8":{"loc":{"start":{"line":121,"column":12},"end":{"line":126,"column":13}},"type":"if","locations":[{"start":{"line":121,"column":12},"end":{"line":126,"column":13}},{"start":{"line":121,"column":12},"end":{"line":126,"column":13}}],"line":121},"9":{"loc":{"start":{"line":128,"column":12},"end":{"line":133,"column":13}},"type":"if","locations":[{"start":{"line":128,"column":12},"end":{"line":133,"column":13}},{"start":{"line":128,"column":12},"end":{"line":133,"column":13}}],"line":128},"10":{"loc":{"start":{"line":136,"column":12},"end":{"line":150,"column":13}},"type":"if","locations":[{"start":{"line":136,"column":12},"end":{"line":150,"column":13}},{"start":{"line":136,"column":12},"end":{"line":150,"column":13}}],"line":136}},"s":{"0":1,"1":1,"2":1,"3":1,"4":1,"5":1,"6":1,"7":1,"8":1,"9":1,"10":1,"11":1,"12":1,"13":0,"14":1,"15":1,"16":0,"17":1,"18":1,"19":0,"20":1,"21":1,"22":1,"23":0,"24":1,"25":1,"26":1,"27":1,"28":1,"29":1,"30":0,"31":0,"32":0,"33":0,"34":1,"35":1,"36":1,"37":1,"38":1,"39":1,"40":1,"41":0,"42":1,"43":1,"44":0,"45":1,"46":1,"47":0,"48":1,"49":1,"50":1,"51":0,"52":0,"53":0,"54":1,"55":0,"56":0,"57":0},"f":{"0":1,"1":1},"b":{"0":[1,0],"1":[0,1],"2":[0,1],"3":[0,1],"4":[0,1],"5":[1,0],"6":[1,0],"7":[0,1],"8":[0,1],"9":[0,1],"10":[0,1]},"_coverageSchema":"43e27e138ebf9cfc5966b082cf9a028302ed4184","hash":"7c54645968bce0ff5df455297367776469bb72f3","contentHash":"3538dfd00a65be6e4e00595dfd87a4a9036e38a1215423301dcbc84b67644669"},"/home/admin1/apollo graphql/src/Query/userQuery.js":{"path":"/home/admin1/apollo graphql/src/Query/userQuery.js","statementMap":{"0":{"start":{"line":1,"column":16},"end":{"line":1,"column":48}},"1":{"start":{"line":2,"column":17},"end":{"line":2,"column":50}},"2":{"start":{"line":3,"column":10},"end":{"line":3,"column":33}},"3":{"start":{"line":10,"column":0},"end":{"line":32,"column":1}},"4":{"start":{"line":11,"column":4},"end":{"line":31,"column":5}},"5":{"start":{"line":12,"column":8},"end":{"line":23,"column":9}},"6":{"start":{"line":13,"column":26},"end":{"line":13,"column":81}},"7":{"start":{"line":14,"column":12},"end":{"line":17,"column":13}},"8":{"start":{"line":15,"column":26},"end":{"line":15,"column":72}},"9":{"start":{"line":16,"column":16},"end":{"line":16,"column":27}},"10":{"start":{"line":20,"column":12},"end":{"line":22,"column":13}},"11":{"start":{"line":26,"column":8},"end":{"line":26,"column":24}},"12":{"start":{"line":27,"column":8},"end":{"line":30,"column":9}},"13":{"start":{"line":33,"column":0},"end":{"line":57,"column":1}},"14":{"start":{"line":34,"column":4},"end":{"line":56,"column":5}},"15":{"start":{"line":35,"column":8},"end":{"line":48,"column":9}},"16":{"start":{"line":36,"column":26},"end":{"line":36,"column":81}},"17":{"start":{"line":37,"column":29},"end":{"line":37,"column":55}},"18":{"start":{"line":38,"column":12},"end":{"line":42,"column":13}},"19":{"start":{"line":39,"column":27},"end":{"line":39,"column":94}},"20":{"start":{"line":40,"column":15},"end":{"line":40,"column":33}},"21":{"start":{"line":41,"column":16},"end":{"line":41,"column":28}},"22":{"start":{"line":45,"column":12},"end":{"line":47,"column":13}},"23":{"start":{"line":51,"column":8},"end":{"line":51,"column":24}},"24":{"start":{"line":52,"column":8},"end":{"line":55,"column":9}},"25":{"start":{"line":58,"column":0},"end":{"line":81,"column":1}},"26":{"start":{"line":59,"column":4},"end":{"line":80,"column":5}},"27":{"start":{"line":60,"column":8},"end":{"line":72,"column":9}},"28":{"start":{"line":61,"column":26},"end":{"line":61,"column":81}},"29":{"start":{"line":62,"column":35},"end":{"line":62,"column":67}},"30":{"start":{"line":63,"column":12},"end":{"line":66,"column":13}},"31":{"start":{"line":64,"column":29},"end":{"line":64,"column":108}},"32":{"start":{"line":65,"column":16},"end":{"line":65,"column":28}},"33":{"start":{"line":69,"column":12},"end":{"line":71,"column":13}},"34":{"start":{"line":75,"column":8},"end":{"line":75,"column":24}},"35":{"start":{"line":76,"column":8},"end":{"line":79,"column":9}}},"fnMap":{"0":{"name":"(anonymous_0)","decl":{"start":{"line":10,"column":15},"end":{"line":10,"column":16}},"loc":{"start":{"line":10,"column":46},"end":{"line":32,"column":1}},"line":10},"1":{"name":"(anonymous_1)","decl":{"start":{"line":33,"column":30},"end":{"line":33,"column":31}},"loc":{"start":{"line":33,"column":61},"end":{"line":57,"column":1}},"line":33},"2":{"name":"(anonymous_2)","decl":{"start":{"line":58,"column":35},"end":{"line":58,"column":36}},"loc":{"start":{"line":58,"column":66},"end":{"line":81,"column":1}},"line":58}},"branchMap":{"0":{"loc":{"start":{"line":12,"column":8},"end":{"line":23,"column":9}},"type":"if","locations":[{"start":{"line":12,"column":8},"end":{"line":23,"column":9}},{"start":{"line":12,"column":8},"end":{"line":23,"column":9}}],"line":12},"1":{"loc":{"start":{"line":14,"column":12},"end":{"line":17,"column":13}},"type":"if","locations":[{"start":{"line":14,"column":12},"end":{"line":17,"column":13}},{"start":{"line":14,"column":12},"end":{"line":17,"column":13}}],"line":14},"2":{"loc":{"start":{"line":35,"column":8},"end":{"line":48,"column":9}},"type":"if","locations":[{"start":{"line":35,"column":8},"end":{"line":48,"column":9}},{"start":{"line":35,"column":8},"end":{"line":48,"column":9}}],"line":35},"3":{"loc":{"start":{"line":38,"column":12},"end":{"line":42,"column":13}},"type":"if","locations":[{"start":{"line":38,"column":12},"end":{"line":42,"column":13}},{"start":{"line":38,"column":12},"end":{"line":42,"column":13}}],"line":38},"4":{"loc":{"start":{"line":60,"column":8},"end":{"line":72,"column":9}},"type":"if","locations":[{"start":{"line":60,"column":8},"end":{"line":72,"column":9}},{"start":{"line":60,"column":8},"end":{"line":72,"column":9}}],"line":60},"5":{"loc":{"start":{"line":63,"column":12},"end":{"line":66,"column":13}},"type":"if","locations":[{"start":{"line":63,"column":12},"end":{"line":66,"column":13}},{"start":{"line":63,"column":12},"end":{"line":66,"column":13}}],"line":63}},"s":{"0":1,"1":1,"2":1,"3":1,"4":0,"5":0,"6":0,"7":0,"8":0,"9":0,"10":0,"11":0,"12":0,"13":1,"14":0,"15":0,"16":0,"17":0,"18":0,"19":0,"20":0,"21":0,"22":0,"23":0,"24":0,"25":1,"26":0,"27":0,"28":0,"29":0,"30":0,"31":0,"32":0,"33":0,"34":0,"35":0},"f":{"0":0,"1":0,"2":0},"b":{"0":[0,0],"1":[0,0],"2":[0,0],"3":[0,0],"4":[0,0],"5":[0,0]},"_coverageSchema":"43e27e138ebf9cfc5966b082cf9a028302ed4184","hash":"7fd13bdcc0db142abe46540bbf4c0f9c253a9a93","contentHash":"8990a51242dace698b9e44e26015c5315ed99c923f6d9c6a374acb006cbf7898"},"/home/admin1/apollo graphql/config/mongoDBconnection.js":{"path":"/home/admin1/apollo graphql/config/mongoDBconnection.js","statementMap":{"0":{"start":{"line":16,"column":17},"end":{"line":16,"column":36}},"1":{"start":{"line":20,"column":3},"end":{"line":20,"column":71}},"2":{"start":{"line":22,"column":3},"end":{"line":25,"column":5}},"3":{"start":{"line":23,"column":7},"end":{"line":23,"column":58}},"4":{"start":{"line":24,"column":7},"end":{"line":24,"column":22}},"5":{"start":{"line":27,"column":3},"end":{"line":30,"column":5}},"6":{"start":{"line":28,"column":7},"end":{"line":28,"column":39}},"7":{"start":{"line":29,"column":7},"end":{"line":29,"column":22}},"8":{"start":{"line":31,"column":3},"end":{"line":33,"column":4}},"9":{"start":{"line":32,"column":4},"end":{"line":32,"column":58}},"10":{"start":{"line":35,"column":3},"end":{"line":37,"column":4}}},"fnMap":{"0":{"name":"mongoConnect","decl":{"start":{"line":18,"column":9},"end":{"line":18,"column":21}},"loc":{"start":{"line":18,"column":23},"end":{"line":34,"column":4}},"line":18},"1":{"name":"(anonymous_1)","decl":{"start":{"line":22,"column":41},"end":{"line":22,"column":42}},"loc":{"start":{"line":22,"column":51},"end":{"line":25,"column":4}},"line":22},"2":{"name":"(anonymous_2)","decl":{"start":{"line":27,"column":34},"end":{"line":27,"column":35}},"loc":{"start":{"line":27,"column":47},"end":{"line":30,"column":4}},"line":27},"3":{"name":"(anonymous_3)","decl":{"start":{"line":31,"column":39},"end":{"line":31,"column":40}},"loc":{"start":{"line":31,"column":45},"end":{"line":33,"column":3}},"line":31}},"branchMap":{},"s":{"0":1,"1":1,"2":1,"3":0,"4":0,"5":1,"6":0,"7":0,"8":1,"9":1,"10":1},"f":{"0":1,"1":0,"2":0,"3":1},"b":{},"_coverageSchema":"43e27e138ebf9cfc5966b082cf9a028302ed4184","hash":"120836451009202e60a8026c0aaa4e84da5e4b0a","contentHash":"8158a41c2a615583f3b504faa16ac8e969bcc3924c34893cb9139f3b0d8a180d"},"/home/admin1/apollo graphql/config/redisConnection.js":{"path":"/home/admin1/apollo graphql/config/redisConnection.js","statementMap":{"0":{"start":{"line":16,"column":14},"end":{"line":16,"column":36}},"1":{"start":{"line":17,"column":0},"end":{"line":30,"column":1}},"2":{"start":{"line":18,"column":0},"end":{"line":18,"column":30}},"3":{"start":{"line":19,"column":0},"end":{"line":21,"column":2}},"4":{"start":{"line":20,"column":4},"end":{"line":20,"column":50}},"5":{"start":{"line":22,"column":0},"end":{"line":25,"column":2}},"6":{"start":{"line":23,"column":4},"end":{"line":23,"column":59}},"7":{"start":{"line":24,"column":4},"end":{"line":24,"column":19}},"8":{"start":{"line":26,"column":0},"end":{"line":29,"column":2}},"9":{"start":{"line":27,"column":4},"end":{"line":27,"column":54}},"10":{"start":{"line":28,"column":4},"end":{"line":28,"column":19}}},"fnMap":{"0":{"name":"(anonymous_0)","decl":{"start":{"line":17,"column":26},"end":{"line":17,"column":27}},"loc":{"start":{"line":17,"column":36},"end":{"line":30,"column":1}},"line":17},"1":{"name":"(anonymous_1)","decl":{"start":{"line":19,"column":20},"end":{"line":19,"column":21}},"loc":{"start":{"line":19,"column":30},"end":{"line":21,"column":1}},"line":19},"2":{"name":"(anonymous_2)","decl":{"start":{"line":22,"column":18},"end":{"line":22,"column":19}},"loc":{"start":{"line":22,"column":28},"end":{"line":25,"column":1}},"line":22},"3":{"name":"(anonymous_3)","decl":{"start":{"line":26,"column":23},"end":{"line":26,"column":24}},"loc":{"start":{"line":26,"column":33},"end":{"line":29,"column":1}},"line":26}},"branchMap":{},"s":{"0":1,"1":1,"2":1,"3":1,"4":1,"5":1,"6":0,"7":0,"8":1,"9":0,"10":0},"f":{"0":1,"1":1,"2":0,"3":0},"b":{},"_coverageSchema":"43e27e138ebf9cfc5966b082cf9a028302ed4184","hash":"587e337ea507018b77d7abb1c2b6b68c33682103","contentHash":"4ebc97d353d0405c84d75dcd3993c791f73a935e39ba1e62afce5ebb0b0e7bc6"}}