<?xml version="1.0" ?>
<!DOCTYPE coverage SYSTEM "http://cobertura.sourceforge.net/xml/coverage-04.dtd">
<coverage lines-valid="858" lines-covered="464" line-rate="0.5408" branches-valid="388" branches-covered="123" branch-rate="0.317" timestamp="1561555202762" complexity="0" version="0.1">
  <sources>
    <source>/home/admin1/apollo graphql</source>
  </sources>
  <packages>
    <package name="apollo graphql" line-rate="1" branch-rate="1">
      <classes>
        <class name="server.js" filename="server.js" line-rate="1" branch-rate="1">
          <methods>
            <method name="(anonymous_0)" hits="36" signature="()V">
              <lines>
                <line number="38" hits="36"/>
              </lines>
            </method>
            <method name="(anonymous_1)" hits="1" signature="()V">
              <lines>
                <line number="53" hits="1"/>
              </lines>
            </method>
          </methods>
          <lines>
            <line number="19" hits="1" branch="false"/>
            <line number="20" hits="1" branch="false"/>
            <line number="21" hits="1" branch="false"/>
            <line number="22" hits="1" branch="false"/>
            <line number="24" hits="1" branch="false"/>
            <line number="25" hits="1" branch="false"/>
            <line number="26" hits="1" branch="false"/>
            <line number="27" hits="1" branch="false"/>
            <line number="28" hits="1" branch="false"/>
            <line number="30" hits="1" branch="false"/>
            <line number="33" hits="1" branch="false"/>
            <line number="35" hits="1" branch="false"/>
            <line number="38" hits="36" branch="false"/>
            <line number="47" hits="1" branch="false"/>
            <line number="50" hits="1" branch="false"/>
            <line number="53" hits="1" branch="false"/>
            <line number="54" hits="1" branch="false"/>
          </lines>
        </class>
      </classes>
    </package>
    <package name="apollo graphql.config" line-rate="0.6364" branch-rate="1">
      <classes>
        <class name="mongoDBconnection.js" filename="config/mongoDBconnection.js" line-rate="0.6364" branch-rate="1">
          <methods>
            <method name="mongoConnect" hits="1" signature="()V">
              <lines>
                <line number="18" hits="1"/>
              </lines>
            </method>
            <method name="(anonymous_1)" hits="0" signature="()V">
              <lines>
                <line number="22" hits="0"/>
              </lines>
            </method>
            <method name="(anonymous_2)" hits="0" signature="()V">
              <lines>
                <line number="27" hits="0"/>
              </lines>
            </method>
            <method name="(anonymous_3)" hits="1" signature="()V">
              <lines>
                <line number="31" hits="1"/>
              </lines>
            </method>
          </methods>
          <lines>
            <line number="16" hits="1" branch="false"/>
            <line number="20" hits="1" branch="false"/>
            <line number="22" hits="1" branch="false"/>
            <line number="23" hits="0" branch="false"/>
            <line number="24" hits="0" branch="false"/>
            <line number="27" hits="1" branch="false"/>
            <line number="28" hits="0" branch="false"/>
            <line number="29" hits="0" branch="false"/>
            <line number="31" hits="1" branch="false"/>
            <line number="32" hits="1" branch="false"/>
            <line number="35" hits="1" branch="false"/>
          </lines>
        </class>
        <class name="redisConnection.js" filename="config/redisConnection.js" line-rate="0.6364" branch-rate="1">
          <methods>
            <method name="(anonymous_0)" hits="1" signature="()V">
              <lines>
                <line number="17" hits="1"/>
              </lines>
            </method>
            <method name="(anonymous_1)" hits="1" signature="()V">
              <lines>
                <line number="19" hits="1"/>
              </lines>
            </method>
            <method name="(anonymous_2)" hits="0" signature="()V">
              <lines>
                <line number="22" hits="0"/>
              </lines>
            </method>
            <method name="(anonymous_3)" hits="0" signature="()V">
              <lines>
                <line number="26" hits="0"/>
              </lines>
            </method>
          </methods>
          <lines>
            <line number="16" hits="1" branch="false"/>
            <line number="17" hits="1" branch="false"/>
            <line number="18" hits="1" branch="false"/>
            <line number="19" hits="1" branch="false"/>
            <line number="20" hits="1" branch="false"/>
            <line number="22" hits="1" branch="false"/>
            <line number="23" hits="0" branch="false"/>
            <line number="24" hits="0" branch="false"/>
            <line number="26" hits="1" branch="false"/>
            <line number="27" hits="0" branch="false"/>
            <line number="28" hits="0" branch="false"/>
          </lines>
        </class>
      </classes>
    </package>
    <package name="apollo graphql.model" line-rate="1" branch-rate="1">
      <classes>
        <class name="collaborate.js" filename="model/collaborate.js" line-rate="1" branch-rate="1">
          <methods>
          </methods>
          <lines>
            <line number="16" hits="1" branch="false"/>
            <line number="18" hits="1" branch="false"/>
            <line number="20" hits="1" branch="false"/>
            <line number="38" hits="1" branch="false"/>
            <line number="39" hits="1" branch="false"/>
          </lines>
        </class>
        <class name="issuseModel.js" filename="model/issuseModel.js" line-rate="1" branch-rate="1">
          <methods>
          </methods>
          <lines>
            <line number="16" hits="1" branch="false"/>
            <line number="17" hits="1" branch="false"/>
            <line number="18" hits="1" branch="false"/>
            <line number="36" hits="1" branch="false"/>
          </lines>
        </class>
        <class name="labelModel.js" filename="model/labelModel.js" line-rate="1" branch-rate="1">
          <methods>
          </methods>
          <lines>
            <line number="16" hits="1" branch="false"/>
            <line number="18" hits="1" branch="false"/>
            <line number="20" hits="1" branch="false"/>
            <line number="35" hits="1" branch="false"/>
            <line number="36" hits="1" branch="false"/>
          </lines>
        </class>
        <class name="notesModel.js" filename="model/notesModel.js" line-rate="1" branch-rate="1">
          <methods>
          </methods>
          <lines>
            <line number="15" hits="1" branch="false"/>
            <line number="16" hits="1" branch="false"/>
            <line number="17" hits="1" branch="false"/>
            <line number="18" hits="1" branch="false"/>
            <line number="55" hits="1" branch="false"/>
            <line number="66" hits="1" branch="false"/>
          </lines>
        </class>
        <class name="userModel.js" filename="model/userModel.js" line-rate="1" branch-rate="1">
          <methods>
          </methods>
          <lines>
            <line number="16" hits="1" branch="false"/>
            <line number="17" hits="1" branch="false"/>
            <line number="18" hits="1" branch="false"/>
            <line number="59" hits="1" branch="false"/>
          </lines>
        </class>
      </classes>
    </package>
    <package name="apollo graphql.services" line-rate="0.8286" branch-rate="0.5">
      <classes>
        <class name="authenticationService.js" filename="services/authenticationService.js" line-rate="0.75" branch-rate="0.5">
          <methods>
            <method name="(anonymous_0)" hits="3" signature="()V">
              <lines>
                <line number="4" hits="3"/>
              </lines>
            </method>
            <method name="(anonymous_1)" hits="3" signature="()V">
              <lines>
                <line number="5" hits="3"/>
              </lines>
            </method>
          </methods>
          <lines>
            <line number="1" hits="1" branch="false"/>
            <line number="2" hits="1" branch="false"/>
            <line number="4" hits="1" branch="false"/>
            <line number="5" hits="3" branch="false"/>
            <line number="6" hits="3" branch="false"/>
            <line number="7" hits="3" branch="false"/>
            <line number="8" hits="3" branch="false"/>
            <line number="9" hits="3" branch="true" condition-coverage="50% (1/2)"/>
            <line number="10" hits="3" branch="false"/>
            <line number="13" hits="0" branch="false"/>
            <line number="17" hits="0" branch="false"/>
            <line number="18" hits="0" branch="false"/>
          </lines>
        </class>
        <class name="axiosService.js" filename="services/axiosService.js" line-rate="1" branch-rate="1">
          <methods>
            <method name="(anonymous_0)" hits="4" signature="()V">
              <lines>
                <line number="8" hits="4"/>
              </lines>
            </method>
            <method name="(anonymous_1)" hits="4" signature="()V">
              <lines>
                <line number="9" hits="4"/>
              </lines>
            </method>
            <method name="(anonymous_2)" hits="2" signature="()V">
              <lines>
                <line number="20" hits="2"/>
              </lines>
            </method>
            <method name="(anonymous_3)" hits="2" signature="()V">
              <lines>
                <line number="23" hits="2"/>
              </lines>
            </method>
          </methods>
          <lines>
            <line number="1" hits="1" branch="false"/>
            <line number="8" hits="1" branch="false"/>
            <line number="9" hits="4" branch="false"/>
            <line number="10" hits="4" branch="false"/>
            <line number="21" hits="2" branch="false"/>
            <line number="24" hits="2" branch="false"/>
            <line number="25" hits="2" branch="false"/>
          </lines>
        </class>
        <class name="logger.js" filename="services/logger.js" line-rate="1" branch-rate="1">
          <methods>
          </methods>
          <lines>
            <line number="1" hits="1" branch="false"/>
            <line number="2" hits="1" branch="false"/>
            <line number="18" hits="1" branch="false"/>
            <line number="19" hits="1" branch="false"/>
            <line number="20" hits="1" branch="false"/>
          </lines>
        </class>
        <class name="nodemailer.js" filename="services/nodemailer.js" line-rate="0.7273000000000001" branch-rate="0.5">
          <methods>
            <method name="(anonymous_0)" hits="3" signature="()V">
              <lines>
                <line number="19" hits="3"/>
              </lines>
            </method>
            <method name="(anonymous_1)" hits="2" signature="()V">
              <lines>
                <line number="37" hits="2"/>
              </lines>
            </method>
          </methods>
          <lines>
            <line number="17" hits="1" branch="false"/>
            <line number="19" hits="1" branch="false"/>
            <line number="20" hits="3" branch="false"/>
            <line number="21" hits="3" branch="false"/>
            <line number="29" hits="3" branch="false"/>
            <line number="37" hits="3" branch="false"/>
            <line number="38" hits="2" branch="true" condition-coverage="50% (1/2)"/>
            <line number="39" hits="0" branch="false"/>
            <line number="40" hits="0" branch="false"/>
            <line number="43" hits="2" branch="false"/>
            <line number="47" hits="0" branch="false"/>
          </lines>
        </class>
      </classes>
    </package>
    <package name="apollo graphql.src" line-rate="0.6056" branch-rate="0">
      <classes>
        <class name="resolvers.js" filename="src/resolvers.js" line-rate="0.5882000000000001" branch-rate="0">
          <methods>
            <method name="(anonymous_0)" hits="0" signature="()V">
              <lines>
                <line number="109" hits="0"/>
              </lines>
            </method>
            <method name="(anonymous_1)" hits="0" signature="()V">
              <lines>
                <line number="138" hits="0"/>
              </lines>
            </method>
            <method name="(anonymous_2)" hits="0" signature="()V">
              <lines>
                <line number="155" hits="0"/>
              </lines>
            </method>
          </methods>
          <lines>
            <line number="17" hits="1" branch="false"/>
            <line number="18" hits="1" branch="false"/>
            <line number="19" hits="1" branch="false"/>
            <line number="20" hits="1" branch="false"/>
            <line number="23" hits="1" branch="false"/>
            <line number="24" hits="1" branch="false"/>
            <line number="25" hits="1" branch="false"/>
            <line number="26" hits="1" branch="false"/>
            <line number="27" hits="1" branch="false"/>
            <line number="28" hits="1" branch="false"/>
            <line number="29" hits="1" branch="false"/>
            <line number="30" hits="1" branch="false"/>
            <line number="31" hits="1" branch="false"/>
            <line number="32" hits="1" branch="false"/>
            <line number="33" hits="1" branch="false"/>
            <line number="34" hits="1" branch="false"/>
            <line number="35" hits="1" branch="false"/>
            <line number="36" hits="1" branch="false"/>
            <line number="37" hits="1" branch="false"/>
            <line number="38" hits="1" branch="false"/>
            <line number="39" hits="1" branch="false"/>
            <line number="40" hits="1" branch="false"/>
            <line number="41" hits="1" branch="false"/>
            <line number="42" hits="1" branch="false"/>
            <line number="43" hits="1" branch="false"/>
            <line number="44" hits="1" branch="false"/>
            <line number="45" hits="1" branch="false"/>
            <line number="46" hits="1" branch="false"/>
            <line number="48" hits="1" branch="false"/>
            <line number="49" hits="1" branch="false"/>
            <line number="50" hits="1" branch="false"/>
            <line number="51" hits="1" branch="false"/>
            <line number="52" hits="1" branch="false"/>
            <line number="53" hits="1" branch="false"/>
            <line number="54" hits="1" branch="false"/>
            <line number="55" hits="1" branch="false"/>
            <line number="60" hits="1" branch="false"/>
            <line number="61" hits="1" branch="false"/>
            <line number="62" hits="1" branch="false"/>
            <line number="65" hits="1" branch="false"/>
            <line number="110" hits="0" branch="false"/>
            <line number="112" hits="0" branch="false"/>
            <line number="114" hits="0" branch="true" condition-coverage="0% (0/2)"/>
            <line number="115" hits="0" branch="false"/>
            <line number="116" hits="0" branch="true" condition-coverage="0% (0/2)"/>
            <line number="117" hits="0" branch="true" condition-coverage="0% (0/2)"/>
            <line number="118" hits="0" branch="false"/>
            <line number="122" hits="0" branch="false"/>
            <line number="123" hits="0" branch="false"/>
            <line number="124" hits="0" branch="true" condition-coverage="0% (0/2)"/>
            <line number="125" hits="0" branch="true" condition-coverage="0% (0/2)"/>
            <line number="126" hits="0" branch="false"/>
            <line number="131" hits="0" branch="false"/>
            <line number="132" hits="0" branch="false"/>
            <line number="139" hits="0" branch="false"/>
            <line number="142" hits="0" branch="false"/>
            <line number="143" hits="0" branch="true" condition-coverage="0% (0/2)"/>
            <line number="144" hits="0" branch="true" condition-coverage="0% (0/2)"/>
            <line number="145" hits="0" branch="false"/>
            <line number="148" hits="0" branch="false"/>
            <line number="149" hits="0" branch="false"/>
            <line number="156" hits="0" branch="false"/>
            <line number="159" hits="0" branch="false"/>
            <line number="160" hits="0" branch="true" condition-coverage="0% (0/2)"/>
            <line number="161" hits="0" branch="true" condition-coverage="0% (0/2)"/>
            <line number="163" hits="0" branch="false"/>
            <line number="166" hits="0" branch="false"/>
            <line number="167" hits="0" branch="false"/>
          </lines>
        </class>
        <class name="schema.js" filename="src/schema.js" line-rate="1" branch-rate="1">
          <methods>
          </methods>
          <lines>
            <line number="1" hits="1" branch="false"/>
            <line number="3" hits="1" branch="false"/>
            <line number="109" hits="1" branch="false"/>
          </lines>
        </class>
      </classes>
    </package>
    <package name="apollo graphql.src.Query" line-rate="0.16670000000000001" branch-rate="0">
      <classes>
        <class name="userQuery.js" filename="src/Query/userQuery.js" line-rate="0.16670000000000001" branch-rate="0">
          <methods>
            <method name="(anonymous_0)" hits="0" signature="()V">
              <lines>
                <line number="10" hits="0"/>
              </lines>
            </method>
            <method name="(anonymous_1)" hits="0" signature="()V">
              <lines>
                <line number="33" hits="0"/>
              </lines>
            </method>
            <method name="(anonymous_2)" hits="0" signature="()V">
              <lines>
                <line number="58" hits="0"/>
              </lines>
            </method>
          </methods>
          <lines>
            <line number="1" hits="1" branch="false"/>
            <line number="2" hits="1" branch="false"/>
            <line number="3" hits="1" branch="false"/>
            <line number="10" hits="1" branch="false"/>
            <line number="11" hits="0" branch="false"/>
            <line number="12" hits="0" branch="true" condition-coverage="0% (0/2)"/>
            <line number="13" hits="0" branch="false"/>
            <line number="14" hits="0" branch="true" condition-coverage="0% (0/2)"/>
            <line number="15" hits="0" branch="false"/>
            <line number="16" hits="0" branch="false"/>
            <line number="20" hits="0" branch="false"/>
            <line number="26" hits="0" branch="false"/>
            <line number="27" hits="0" branch="false"/>
            <line number="33" hits="1" branch="false"/>
            <line number="34" hits="0" branch="false"/>
            <line number="35" hits="0" branch="true" condition-coverage="0% (0/2)"/>
            <line number="36" hits="0" branch="false"/>
            <line number="37" hits="0" branch="false"/>
            <line number="38" hits="0" branch="true" condition-coverage="0% (0/2)"/>
            <line number="39" hits="0" branch="false"/>
            <line number="40" hits="0" branch="false"/>
            <line number="41" hits="0" branch="false"/>
            <line number="45" hits="0" branch="false"/>
            <line number="51" hits="0" branch="false"/>
            <line number="52" hits="0" branch="false"/>
            <line number="58" hits="1" branch="false"/>
            <line number="59" hits="0" branch="false"/>
            <line number="60" hits="0" branch="true" condition-coverage="0% (0/2)"/>
            <line number="61" hits="0" branch="false"/>
            <line number="62" hits="0" branch="false"/>
            <line number="63" hits="0" branch="true" condition-coverage="0% (0/2)"/>
            <line number="64" hits="0" branch="false"/>
            <line number="65" hits="0" branch="false"/>
            <line number="69" hits="0" branch="false"/>
            <line number="75" hits="0" branch="false"/>
            <line number="76" hits="0" branch="false"/>
          </lines>
        </class>
      </classes>
    </package>
    <package name="apollo graphql.src.mutations" line-rate="0.5069" branch-rate="0.3418">
      <classes>
        <class name="addCollaborator.js" filename="src/mutations/addCollaborator.js" line-rate="0.7069" branch-rate="0.5">
          <methods>
            <method name="(anonymous_0)" hits="1" signature="()V">
              <lines>
                <line number="32" hits="1"/>
              </lines>
            </method>
            <method name="(anonymous_1)" hits="1" signature="()V">
              <lines>
                <line number="107" hits="1"/>
              </lines>
            </method>
          </methods>
          <lines>
            <line number="18" hits="1" branch="false"/>
            <line number="19" hits="1" branch="false"/>
            <line number="20" hits="1" branch="false"/>
            <line number="21" hits="1" branch="false"/>
            <line number="22" hits="1" branch="false"/>
            <line number="23" hits="1" branch="false"/>
            <line number="32" hits="1" branch="false"/>
            <line number="34" hits="1" branch="false"/>
            <line number="35" hits="1" branch="true" condition-coverage="50% (1/2)"/>
            <line number="36" hits="1" branch="false"/>
            <line number="37" hits="1" branch="false"/>
            <line number="38" hits="1" branch="false"/>
            <line number="39" hits="1" branch="true" condition-coverage="50% (1/2)"/>
            <line number="40" hits="0" branch="false"/>
            <line number="45" hits="1" branch="false"/>
            <line number="46" hits="1" branch="true" condition-coverage="50% (1/2)"/>
            <line number="47" hits="0" branch="false"/>
            <line number="52" hits="1" branch="false"/>
            <line number="53" hits="1" branch="true" condition-coverage="50% (1/2)"/>
            <line number="54" hits="0" branch="false"/>
            <line number="59" hits="1" branch="false"/>
            <line number="60" hits="1" branch="false"/>
            <line number="61" hits="1" branch="true" condition-coverage="50% (1/2)"/>
            <line number="62" hits="0" branch="false"/>
            <line number="67" hits="1" branch="false"/>
            <line number="72" hits="1" branch="false"/>
            <line number="73" hits="1" branch="true" condition-coverage="50% (1/2)"/>
            <line number="74" hits="1" branch="false"/>
            <line number="75" hits="1" branch="false"/>
            <line number="76" hits="1" branch="false"/>
            <line number="82" hits="0" branch="false"/>
            <line number="89" hits="0" branch="false"/>
            <line number="94" hits="0" branch="false"/>
            <line number="95" hits="0" branch="false"/>
            <line number="107" hits="1" branch="false"/>
            <line number="109" hits="1" branch="false"/>
            <line number="110" hits="1" branch="true" condition-coverage="50% (1/2)"/>
            <line number="111" hits="1" branch="false"/>
            <line number="112" hits="1" branch="false"/>
            <line number="113" hits="1" branch="false"/>
            <line number="114" hits="1" branch="true" condition-coverage="50% (1/2)"/>
            <line number="115" hits="0" branch="false"/>
            <line number="120" hits="1" branch="false"/>
            <line number="121" hits="1" branch="true" condition-coverage="50% (1/2)"/>
            <line number="122" hits="0" branch="false"/>
            <line number="127" hits="1" branch="false"/>
            <line number="128" hits="1" branch="true" condition-coverage="50% (1/2)"/>
            <line number="129" hits="0" branch="false"/>
            <line number="134" hits="1" branch="false"/>
            <line number="135" hits="1" branch="false"/>
            <line number="136" hits="1" branch="true" condition-coverage="50% (1/2)"/>
            <line number="137" hits="0" branch="false"/>
            <line number="138" hits="0" branch="false"/>
            <line number="139" hits="0" branch="false"/>
            <line number="146" hits="1" branch="false"/>
            <line number="153" hits="0" branch="false"/>
            <line number="158" hits="0" branch="false"/>
            <line number="159" hits="0" branch="false"/>
          </lines>
        </class>
        <class name="git.js" filename="src/mutations/git.js" line-rate="0.41840000000000005" branch-rate="0.3704">
          <methods>
            <method name="(anonymous_0)" hits="0" signature="()V">
              <lines>
                <line number="32" hits="0"/>
              </lines>
            </method>
            <method name="(anonymous_1)" hits="0" signature="()V">
              <lines>
                <line number="101" hits="0"/>
              </lines>
            </method>
            <method name="(anonymous_2)" hits="1" signature="()V">
              <lines>
                <line number="157" hits="1"/>
              </lines>
            </method>
            <method name="(anonymous_3)" hits="1" signature="()V">
              <lines>
                <line number="211" hits="1"/>
              </lines>
            </method>
            <method name="(anonymous_4)" hits="2" signature="()V">
              <lines>
                <line number="263" hits="2"/>
              </lines>
            </method>
            <method name="(anonymous_5)" hits="2" signature="()V">
              <lines>
                <line number="318" hits="2"/>
              </lines>
            </method>
            <method name="(anonymous_6)" hits="0" signature="()V">
              <lines>
                <line number="373" hits="0"/>
              </lines>
            </method>
            <method name="(anonymous_7)" hits="0" signature="()V">
              <lines>
                <line number="417" hits="0"/>
              </lines>
            </method>
            <method name="(anonymous_8)" hits="0" signature="()V">
              <lines>
                <line number="434" hits="0"/>
              </lines>
            </method>
          </methods>
          <lines>
            <line number="18" hits="1" branch="false"/>
            <line number="19" hits="1" branch="false"/>
            <line number="20" hits="1" branch="false"/>
            <line number="21" hits="1" branch="false"/>
            <line number="22" hits="1" branch="false"/>
            <line number="23" hits="1" branch="false"/>
            <line number="32" hits="1" branch="false"/>
            <line number="33" hits="0" branch="false"/>
            <line number="35" hits="0" branch="true" condition-coverage="0% (0/2)"/>
            <line number="37" hits="0" branch="false"/>
            <line number="38" hits="0" branch="true" condition-coverage="0% (0/2)"/>
            <line number="40" hits="0" branch="false"/>
            <line number="41" hits="0" branch="true" condition-coverage="0% (0/4)"/>
            <line number="42" hits="0" branch="false"/>
            <line number="45" hits="0" branch="false"/>
            <line number="50" hits="0" branch="false"/>
            <line number="52" hits="0" branch="false"/>
            <line number="53" hits="0" branch="false"/>
            <line number="54" hits="0" branch="false"/>
            <line number="55" hits="0" branch="false"/>
            <line number="60" hits="0" branch="false"/>
            <line number="63" hits="0" branch="false"/>
            <line number="64" hits="0" branch="false"/>
            <line number="69" hits="0" branch="false"/>
            <line number="77" hits="0" branch="false"/>
            <line number="86" hits="0" branch="false"/>
            <line number="87" hits="0" branch="false"/>
            <line number="101" hits="1" branch="false"/>
            <line number="102" hits="0" branch="false"/>
            <line number="104" hits="0" branch="true" condition-coverage="0% (0/2)"/>
            <line number="106" hits="0" branch="false"/>
            <line number="107" hits="0" branch="true" condition-coverage="0% (0/2)"/>
            <line number="109" hits="0" branch="false"/>
            <line number="110" hits="0" branch="true" condition-coverage="0% (0/4)"/>
            <line number="111" hits="0" branch="false"/>
            <line number="114" hits="0" branch="false"/>
            <line number="120" hits="0" branch="false"/>
            <line number="121" hits="0" branch="false"/>
            <line number="122" hits="0" branch="false"/>
            <line number="123" hits="0" branch="false"/>
            <line number="129" hits="0" branch="false"/>
            <line number="135" hits="0" branch="false"/>
            <line number="141" hits="0" branch="false"/>
            <line number="142" hits="0" branch="false"/>
            <line number="157" hits="1" branch="false"/>
            <line number="159" hits="1" branch="true" condition-coverage="50% (1/2)"/>
            <line number="161" hits="1" branch="false"/>
            <line number="162" hits="1" branch="true" condition-coverage="50% (1/2)"/>
            <line number="163" hits="1" branch="false"/>
            <line number="165" hits="1" branch="false"/>
            <line number="166" hits="1" branch="true" condition-coverage="75% (3/4)"/>
            <line number="167" hits="1" branch="false"/>
            <line number="168" hits="1" branch="false"/>
            <line number="172" hits="1" branch="false"/>
            <line number="175" hits="1" branch="false"/>
            <line number="181" hits="0" branch="false"/>
            <line number="189" hits="0" branch="false"/>
            <line number="196" hits="0" branch="false"/>
            <line number="211" hits="1" branch="false"/>
            <line number="213" hits="1" branch="true" condition-coverage="50% (1/2)"/>
            <line number="215" hits="1" branch="false"/>
            <line number="216" hits="1" branch="true" condition-coverage="50% (1/2)"/>
            <line number="217" hits="1" branch="false"/>
            <line number="219" hits="1" branch="false"/>
            <line number="220" hits="1" branch="true" condition-coverage="75% (3/4)"/>
            <line number="221" hits="1" branch="false"/>
            <line number="222" hits="1" branch="false"/>
            <line number="226" hits="1" branch="false"/>
            <line number="229" hits="1" branch="false"/>
            <line number="235" hits="0" branch="false"/>
            <line number="243" hits="0" branch="false"/>
            <line number="250" hits="0" branch="false"/>
            <line number="263" hits="1" branch="false"/>
            <line number="264" hits="2" branch="false"/>
            <line number="265" hits="2" branch="true" condition-coverage="50% (1/2)"/>
            <line number="266" hits="2" branch="false"/>
            <line number="267" hits="2" branch="true" condition-coverage="50% (1/2)"/>
            <line number="268" hits="2" branch="false"/>
            <line number="270" hits="2" branch="false"/>
            <line number="271" hits="2" branch="true" condition-coverage="75% (3/4)"/>
            <line number="272" hits="2" branch="false"/>
            <line number="273" hits="2" branch="false"/>
            <line number="274" hits="2" branch="false"/>
            <line number="275" hits="1" branch="false"/>
            <line number="281" hits="0" branch="false"/>
            <line number="288" hits="0" branch="false"/>
            <line number="295" hits="0" branch="false"/>
            <line number="302" hits="1" branch="false"/>
            <line number="303" hits="1" branch="false"/>
            <line number="318" hits="1" branch="false"/>
            <line number="319" hits="2" branch="false"/>
            <line number="320" hits="2" branch="true" condition-coverage="50% (1/2)"/>
            <line number="321" hits="2" branch="false"/>
            <line number="322" hits="2" branch="true" condition-coverage="50% (1/2)"/>
            <line number="324" hits="2" branch="false"/>
            <line number="325" hits="2" branch="true" condition-coverage="75% (3/4)"/>
            <line number="326" hits="2" branch="false"/>
            <line number="327" hits="2" branch="false"/>
            <line number="328" hits="2" branch="false"/>
            <line number="329" hits="1" branch="false"/>
            <line number="335" hits="0" branch="false"/>
            <line number="342" hits="0" branch="false"/>
            <line number="349" hits="0" branch="false"/>
            <line number="356" hits="1" branch="false"/>
            <line number="357" hits="1" branch="false"/>
            <line number="373" hits="1" branch="false"/>
            <line number="374" hits="0" branch="false"/>
            <line number="375" hits="0" branch="true" condition-coverage="0% (0/2)"/>
            <line number="376" hits="0" branch="false"/>
            <line number="378" hits="0" branch="false"/>
            <line number="379" hits="0" branch="false"/>
            <line number="380" hits="0" branch="false"/>
            <line number="384" hits="0" branch="false"/>
            <line number="387" hits="0" branch="false"/>
            <line number="388" hits="0" branch="false"/>
            <line number="391" hits="0" branch="false"/>
            <line number="399" hits="0" branch="false"/>
            <line number="400" hits="0" branch="false"/>
            <line number="417" hits="1" branch="false"/>
            <line number="418" hits="0" branch="false"/>
            <line number="419" hits="0" branch="true" condition-coverage="0% (0/2)"/>
            <line number="420" hits="0" branch="false"/>
            <line number="421" hits="0" branch="false"/>
            <line number="422" hits="0" branch="false"/>
            <line number="423" hits="0" branch="false"/>
            <line number="424" hits="0" branch="false"/>
            <line number="428" hits="0" branch="false"/>
            <line number="431" hits="0" branch="false"/>
            <line number="432" hits="0" branch="false"/>
            <line number="433" hits="0" branch="false"/>
            <line number="434" hits="0" branch="false"/>
            <line number="435" hits="0" branch="false"/>
            <line number="438" hits="0" branch="false"/>
            <line number="439" hits="0" branch="false"/>
            <line number="443" hits="0" branch="false"/>
            <line number="444" hits="0" branch="true" condition-coverage="0% (0/2)"/>
            <line number="445" hits="0" branch="false"/>
            <line number="448" hits="0" branch="false"/>
            <line number="452" hits="0" branch="false"/>
            <line number="459" hits="0" branch="false"/>
            <line number="460" hits="0" branch="false"/>
          </lines>
        </class>
        <class name="labels.js" filename="src/mutations/labels.js" line-rate="0.7619" branch-rate="0.6818000000000001">
          <methods>
            <method name="(anonymous_0)" hits="3" signature="()V">
              <lines>
                <line number="28" hits="3"/>
              </lines>
            </method>
            <method name="(anonymous_1)" hits="2" signature="()V">
              <lines>
                <line number="153" hits="2"/>
              </lines>
            </method>
            <method name="(anonymous_2)" hits="2" signature="()V">
              <lines>
                <line number="225" hits="2"/>
              </lines>
            </method>
          </methods>
          <lines>
            <line number="17" hits="1" branch="false"/>
            <line number="18" hits="1" branch="false"/>
            <line number="19" hits="1" branch="false"/>
            <line number="28" hits="1" branch="false"/>
            <line number="29" hits="3" branch="false"/>
            <line number="33" hits="3" branch="false"/>
            <line number="35" hits="3" branch="true" condition-coverage="50% (1/2)"/>
            <line number="36" hits="3" branch="false"/>
            <line number="37" hits="3" branch="true" condition-coverage="50% (1/2)"/>
            <line number="38" hits="3" branch="true" condition-coverage="100% (2/2)"/>
            <line number="39" hits="1" branch="false"/>
            <line number="42" hits="2" branch="false"/>
            <line number="43" hits="2" branch="true" condition-coverage="50% (1/2)"/>
            <line number="44" hits="0" branch="false"/>
            <line number="47" hits="2" branch="false"/>
            <line number="48" hits="2" branch="false"/>
            <line number="49" hits="2" branch="true" condition-coverage="50% (1/2)"/>
            <line number="51" hits="2" branch="false"/>
            <line number="53" hits="2" branch="false"/>
            <line number="60" hits="0" branch="false"/>
            <line number="65" hits="0" branch="false"/>
            <line number="70" hits="0" branch="false"/>
            <line number="75" hits="1" branch="true" condition-coverage="83.33333333333334% (5/6)"/>
            <line number="79" hits="0" branch="false"/>
            <line number="82" hits="1" branch="false"/>
            <line number="83" hits="1" branch="false"/>
            <line number="153" hits="1" branch="false"/>
            <line number="154" hits="2" branch="false"/>
            <line number="158" hits="2" branch="false"/>
            <line number="160" hits="2" branch="true" condition-coverage="50% (1/2)"/>
            <line number="161" hits="2" branch="false"/>
            <line number="162" hits="2" branch="true" condition-coverage="50% (1/2)"/>
            <line number="163" hits="2" branch="false"/>
            <line number="165" hits="2" branch="false"/>
            <line number="166" hits="2" branch="true" condition-coverage="50% (1/2)"/>
            <line number="168" hits="0" branch="false"/>
            <line number="170" hits="0" branch="false"/>
            <line number="181" hits="2" branch="false"/>
            <line number="190" hits="0" branch="false"/>
            <line number="199" hits="0" branch="false"/>
            <line number="203" hits="2" branch="true" condition-coverage="83.33333333333334% (5/6)"/>
            <line number="207" hits="0" branch="false"/>
            <line number="210" hits="2" branch="false"/>
            <line number="211" hits="2" branch="false"/>
            <line number="225" hits="1" branch="false"/>
            <line number="226" hits="2" branch="false"/>
            <line number="230" hits="2" branch="false"/>
            <line number="231" hits="2" branch="true" condition-coverage="50% (1/2)"/>
            <line number="233" hits="2" branch="true" condition-coverage="75% (3/4)"/>
            <line number="238" hits="0" branch="false"/>
            <line number="240" hits="2" branch="false"/>
            <line number="241" hits="2" branch="true" condition-coverage="50% (1/2)"/>
            <line number="243" hits="2" branch="false"/>
            <line number="244" hits="2" branch="false"/>
            <line number="245" hits="2" branch="true" condition-coverage="50% (1/2)"/>
            <line number="247" hits="0" branch="false"/>
            <line number="249" hits="0" branch="false"/>
            <line number="260" hits="2" branch="false"/>
            <line number="271" hits="0" branch="false"/>
            <line number="276" hits="2" branch="true" condition-coverage="83.33333333333334% (5/6)"/>
            <line number="280" hits="0" branch="false"/>
            <line number="283" hits="2" branch="false"/>
            <line number="284" hits="2" branch="false"/>
          </lines>
        </class>
        <class name="notes.js" filename="src/mutations/notes.js" line-rate="0.467" branch-rate="0.225">
          <methods>
            <method name="(anonymous_0)" hits="2" signature="()V">
              <lines>
                <line number="30" hits="2"/>
              </lines>
            </method>
            <method name="(anonymous_1)" hits="2" signature="()V">
              <lines>
                <line number="99" hits="2"/>
              </lines>
            </method>
            <method name="(anonymous_2)" hits="2" signature="()V">
              <lines>
                <line number="163" hits="2"/>
              </lines>
            </method>
            <method name="(anonymous_3)" hits="2" signature="()V">
              <lines>
                <line number="230" hits="2"/>
              </lines>
            </method>
            <method name="(anonymous_4)" hits="0" signature="()V">
              <lines>
                <line number="299" hits="0"/>
              </lines>
            </method>
            <method name="(anonymous_5)" hits="1" signature="()V">
              <lines>
                <line number="372" hits="1"/>
              </lines>
            </method>
            <method name="(anonymous_6)" hits="1" signature="()V">
              <lines>
                <line number="446" hits="1"/>
              </lines>
            </method>
            <method name="(anonymous_7)" hits="1" signature="()V">
              <lines>
                <line number="520" hits="1"/>
              </lines>
            </method>
            <method name="(anonymous_8)" hits="1" signature="()V">
              <lines>
                <line number="595" hits="1"/>
              </lines>
            </method>
            <method name="(anonymous_9)" hits="0" signature="()V">
              <lines>
                <line number="667" hits="0"/>
              </lines>
            </method>
            <method name="(anonymous_10)" hits="2" signature="()V">
              <lines>
                <line number="766" hits="2"/>
              </lines>
            </method>
          </methods>
          <lines>
            <line number="18" hits="1" branch="false"/>
            <line number="19" hits="1" branch="false"/>
            <line number="20" hits="1" branch="false"/>
            <line number="21" hits="1" branch="false"/>
            <line number="30" hits="1" branch="false"/>
            <line number="31" hits="2" branch="false"/>
            <line number="35" hits="2" branch="false"/>
            <line number="36" hits="2" branch="true" condition-coverage="50% (1/2)"/>
            <line number="37" hits="2" branch="false"/>
            <line number="38" hits="2" branch="true" condition-coverage="50% (1/2)"/>
            <line number="40" hits="2" branch="false"/>
            <line number="41" hits="2" branch="false"/>
            <line number="42" hits="2" branch="true" condition-coverage="50% (1/2)"/>
            <line number="43" hits="2" branch="false"/>
            <line number="49" hits="0" branch="false"/>
            <line number="50" hits="0" branch="false"/>
            <line number="51" hits="0" branch="false"/>
            <line number="52" hits="0" branch="true" condition-coverage="0% (0/2)"/>
            <line number="53" hits="0" branch="false"/>
            <line number="59" hits="0" branch="false"/>
            <line number="66" hits="0" branch="false"/>
            <line number="73" hits="0" branch="false"/>
            <line number="80" hits="0" branch="true" condition-coverage="0% (0/6)"/>
            <line number="84" hits="0" branch="false"/>
            <line number="87" hits="0" branch="false"/>
            <line number="88" hits="0" branch="false"/>
            <line number="99" hits="1" branch="false"/>
            <line number="100" hits="2" branch="false"/>
            <line number="104" hits="2" branch="false"/>
            <line number="106" hits="2" branch="true" condition-coverage="50% (1/2)"/>
            <line number="108" hits="2" branch="false"/>
            <line number="109" hits="2" branch="true" condition-coverage="50% (1/2)"/>
            <line number="110" hits="2" branch="false"/>
            <line number="111" hits="2" branch="true" condition-coverage="50% (1/2)"/>
            <line number="113" hits="0" branch="false"/>
            <line number="120" hits="2" branch="false"/>
            <line number="128" hits="0" branch="false"/>
            <line number="136" hits="0" branch="false"/>
            <line number="143" hits="0" branch="true" condition-coverage="0% (0/6)"/>
            <line number="147" hits="0" branch="false"/>
            <line number="150" hits="0" branch="false"/>
            <line number="151" hits="0" branch="false"/>
            <line number="163" hits="1" branch="false"/>
            <line number="164" hits="2" branch="false"/>
            <line number="168" hits="2" branch="false"/>
            <line number="170" hits="2" branch="true" condition-coverage="50% (1/2)"/>
            <line number="172" hits="2" branch="true" condition-coverage="75% (3/4)"/>
            <line number="173" hits="0" branch="false"/>
            <line number="179" hits="2" branch="false"/>
            <line number="180" hits="2" branch="true" condition-coverage="50% (1/2)"/>
            <line number="182" hits="2" branch="false"/>
            <line number="183" hits="2" branch="false"/>
            <line number="184" hits="2" branch="true" condition-coverage="50% (1/2)"/>
            <line number="186" hits="0" branch="false"/>
            <line number="193" hits="2" branch="false"/>
            <line number="203" hits="0" branch="false"/>
            <line number="211" hits="0" branch="true" condition-coverage="0% (0/6)"/>
            <line number="215" hits="0" branch="false"/>
            <line number="218" hits="0" branch="false"/>
            <line number="219" hits="0" branch="false"/>
            <line number="230" hits="1" branch="false"/>
            <line number="231" hits="2" branch="false"/>
            <line number="235" hits="2" branch="false"/>
            <line number="237" hits="2" branch="true" condition-coverage="50% (1/2)"/>
            <line number="238" hits="2" branch="false"/>
            <line number="239" hits="2" branch="true" condition-coverage="50% (1/2)"/>
            <line number="242" hits="2" branch="false"/>
            <line number="243" hits="2" branch="false"/>
            <line number="245" hits="2" branch="true" condition-coverage="50% (1/2)"/>
            <line number="246" hits="0" branch="false"/>
            <line number="252" hits="2" branch="false"/>
            <line number="253" hits="2" branch="true" condition-coverage="50% (1/2)"/>
            <line number="255" hits="0" branch="false"/>
            <line number="262" hits="2" branch="false"/>
            <line number="271" hits="0" branch="false"/>
            <line number="280" hits="0" branch="true" condition-coverage="0% (0/6)"/>
            <line number="284" hits="0" branch="false"/>
            <line number="287" hits="0" branch="false"/>
            <line number="288" hits="0" branch="false"/>
            <line number="299" hits="1" branch="false"/>
            <line number="300" hits="0" branch="false"/>
            <line number="304" hits="0" branch="false"/>
            <line number="306" hits="0" branch="true" condition-coverage="0% (0/2)"/>
            <line number="308" hits="0" branch="true" condition-coverage="0% (0/4)"/>
            <line number="309" hits="0" branch="false"/>
            <line number="314" hits="0" branch="false"/>
            <line number="315" hits="0" branch="true" condition-coverage="0% (0/2)"/>
            <line number="317" hits="0" branch="false"/>
            <line number="319" hits="0" branch="true" condition-coverage="0% (0/2)"/>
            <line number="320" hits="0" branch="false"/>
            <line number="322" hits="0" branch="false"/>
            <line number="329" hits="0" branch="false"/>
            <line number="337" hits="0" branch="false"/>
            <line number="345" hits="0" branch="false"/>
            <line number="353" hits="0" branch="true" condition-coverage="0% (0/6)"/>
            <line number="357" hits="0" branch="false"/>
            <line number="360" hits="0" branch="false"/>
            <line number="361" hits="0" branch="false"/>
            <line number="372" hits="1" branch="false"/>
            <line number="373" hits="1" branch="false"/>
            <line number="377" hits="1" branch="false"/>
            <line number="379" hits="1" branch="true" condition-coverage="50% (1/2)"/>
            <line number="381" hits="1" branch="false"/>
            <line number="382" hits="1" branch="true" condition-coverage="50% (1/2)"/>
            <line number="384" hits="1" branch="false"/>
            <line number="386" hits="1" branch="true" condition-coverage="50% (1/2)"/>
            <line number="387" hits="0" branch="false"/>
            <line number="393" hits="1" branch="false"/>
            <line number="394" hits="1" branch="true" condition-coverage="50% (1/2)"/>
            <line number="396" hits="1" branch="false"/>
            <line number="403" hits="0" branch="false"/>
            <line number="411" hits="0" branch="false"/>
            <line number="420" hits="0" branch="false"/>
            <line number="427" hits="0" branch="true" condition-coverage="0% (0/6)"/>
            <line number="431" hits="0" branch="false"/>
            <line number="434" hits="0" branch="false"/>
            <line number="435" hits="0" branch="false"/>
            <line number="446" hits="1" branch="false"/>
            <line number="447" hits="1" branch="false"/>
            <line number="451" hits="1" branch="false"/>
            <line number="453" hits="1" branch="true" condition-coverage="50% (1/2)"/>
            <line number="455" hits="1" branch="false"/>
            <line number="456" hits="1" branch="true" condition-coverage="50% (1/2)"/>
            <line number="458" hits="1" branch="false"/>
            <line number="460" hits="1" branch="true" condition-coverage="50% (1/2)"/>
            <line number="462" hits="0" branch="false"/>
            <line number="467" hits="1" branch="false"/>
            <line number="469" hits="1" branch="true" condition-coverage="50% (1/2)"/>
            <line number="470" hits="1" branch="false"/>
            <line number="477" hits="0" branch="false"/>
            <line number="485" hits="0" branch="false"/>
            <line number="494" hits="0" branch="false"/>
            <line number="501" hits="0" branch="true" condition-coverage="0% (0/6)"/>
            <line number="505" hits="0" branch="false"/>
            <line number="508" hits="0" branch="false"/>
            <line number="509" hits="0" branch="false"/>
            <line number="520" hits="1" branch="false"/>
            <line number="521" hits="1" branch="false"/>
            <line number="525" hits="1" branch="false"/>
            <line number="527" hits="1" branch="true" condition-coverage="50% (1/2)"/>
            <line number="529" hits="1" branch="false"/>
            <line number="530" hits="1" branch="true" condition-coverage="50% (1/2)"/>
            <line number="532" hits="1" branch="false"/>
            <line number="534" hits="1" branch="true" condition-coverage="50% (1/2)"/>
            <line number="536" hits="0" branch="false"/>
            <line number="542" hits="1" branch="false"/>
            <line number="543" hits="1" branch="true" condition-coverage="50% (1/2)"/>
            <line number="545" hits="1" branch="false"/>
            <line number="552" hits="0" branch="false"/>
            <line number="560" hits="0" branch="false"/>
            <line number="569" hits="0" branch="false"/>
            <line number="576" hits="0" branch="true" condition-coverage="0% (0/6)"/>
            <line number="580" hits="0" branch="false"/>
            <line number="583" hits="0" branch="false"/>
            <line number="584" hits="0" branch="false"/>
            <line number="595" hits="1" branch="false"/>
            <line number="596" hits="1" branch="false"/>
            <line number="601" hits="1" branch="false"/>
            <line number="602" hits="1" branch="true" condition-coverage="50% (1/2)"/>
            <line number="604" hits="1" branch="false"/>
            <line number="605" hits="1" branch="true" condition-coverage="50% (1/2)"/>
            <line number="606" hits="1" branch="false"/>
            <line number="607" hits="1" branch="true" condition-coverage="50% (1/2)"/>
            <line number="609" hits="0" branch="false"/>
            <line number="614" hits="1" branch="false"/>
            <line number="615" hits="1" branch="true" condition-coverage="50% (1/2)"/>
            <line number="617" hits="1" branch="false"/>
            <line number="624" hits="0" branch="false"/>
            <line number="632" hits="0" branch="false"/>
            <line number="641" hits="0" branch="false"/>
            <line number="647" hits="0" branch="false"/>
            <line number="648" hits="0" branch="true" condition-coverage="0% (0/6)"/>
            <line number="652" hits="0" branch="false"/>
            <line number="655" hits="0" branch="false"/>
            <line number="656" hits="0" branch="false"/>
            <line number="667" hits="1" branch="false"/>
            <line number="668" hits="0" branch="false"/>
            <line number="672" hits="0" branch="false"/>
            <line number="674" hits="0" branch="true" condition-coverage="0% (0/2)"/>
            <line number="676" hits="0" branch="false"/>
            <line number="677" hits="0" branch="true" condition-coverage="0% (0/2)"/>
            <line number="678" hits="0" branch="false"/>
            <line number="680" hits="0" branch="true" condition-coverage="0% (0/2)"/>
            <line number="681" hits="0" branch="false"/>
            <line number="686" hits="0" branch="true" condition-coverage="0% (0/2)"/>
            <line number="688" hits="0" branch="false"/>
            <line number="695" hits="0" branch="false"/>
            <line number="697" hits="0" branch="false"/>
            <line number="701" hits="0" branch="false"/>
            <line number="705" hits="0" branch="false"/>
            <line number="707" hits="0" branch="false"/>
            <line number="708" hits="0" branch="false"/>
            <line number="710" hits="0" branch="false"/>
            <line number="711" hits="0" branch="true" condition-coverage="0% (0/2)"/>
            <line number="712" hits="0" branch="false"/>
            <line number="716" hits="0" branch="true" condition-coverage="0% (0/2)"/>
            <line number="717" hits="0" branch="false"/>
            <line number="722" hits="0" branch="false"/>
            <line number="725" hits="0" branch="false"/>
            <line number="733" hits="0" branch="false"/>
            <line number="741" hits="0" branch="false"/>
            <line number="748" hits="0" branch="true" condition-coverage="0% (0/6)"/>
            <line number="752" hits="0" branch="false"/>
            <line number="755" hits="0" branch="false"/>
            <line number="756" hits="0" branch="false"/>
            <line number="766" hits="1" branch="false"/>
            <line number="767" hits="2" branch="false"/>
            <line number="772" hits="2" branch="false"/>
            <line number="773" hits="2" branch="true" condition-coverage="50% (1/2)"/>
            <line number="775" hits="2" branch="false"/>
            <line number="777" hits="2" branch="false"/>
            <line number="778" hits="2" branch="false"/>
            <line number="779" hits="2" branch="true" condition-coverage="50% (1/2)"/>
            <line number="780" hits="2" branch="false"/>
            <line number="781" hits="2" branch="true" condition-coverage="50% (1/2)"/>
            <line number="783" hits="2" branch="false"/>
            <line number="784" hits="2" branch="true" condition-coverage="50% (1/2)"/>
            <line number="785" hits="2" branch="false"/>
            <line number="787" hits="2" branch="false"/>
            <line number="798" hits="0" branch="false"/>
            <line number="802" hits="0" branch="false"/>
            <line number="812" hits="0" branch="false"/>
            <line number="815" hits="0" branch="false"/>
            <line number="816" hits="0" branch="true" condition-coverage="0% (0/6)"/>
            <line number="820" hits="0" branch="false"/>
            <line number="823" hits="0" branch="false"/>
            <line number="824" hits="0" branch="false"/>
          </lines>
        </class>
        <class name="oAuth.js" filename="src/mutations/oAuth.js" line-rate="0.1628" branch-rate="0">
          <methods>
            <method name="(anonymous_0)" hits="0" signature="()V">
              <lines>
                <line number="32" hits="0"/>
              </lines>
            </method>
            <method name="(anonymous_1)" hits="0" signature="()V">
              <lines>
                <line number="99" hits="0"/>
              </lines>
            </method>
          </methods>
          <lines>
            <line number="15" hits="1" branch="false"/>
            <line number="16" hits="1" branch="false"/>
            <line number="17" hits="1" branch="false"/>
            <line number="18" hits="1" branch="false"/>
            <line number="19" hits="1" branch="false"/>
            <line number="32" hits="1" branch="false"/>
            <line number="33" hits="0" branch="false"/>
            <line number="35" hits="0" branch="true" condition-coverage="0% (0/2)"/>
            <line number="36" hits="0" branch="false"/>
            <line number="39" hits="0" branch="false"/>
            <line number="42" hits="0" branch="false"/>
            <line number="45" hits="0" branch="false"/>
            <line number="48" hits="0" branch="false"/>
            <line number="51" hits="0" branch="false"/>
            <line number="54" hits="0" branch="false"/>
            <line number="56" hits="0" branch="true" condition-coverage="0% (0/2)"/>
            <line number="58" hits="0" branch="false"/>
            <line number="61" hits="0" branch="false"/>
            <line number="62" hits="0" branch="false"/>
            <line number="65" hits="0" branch="false"/>
            <line number="66" hits="0" branch="false"/>
            <line number="69" hits="0" branch="false"/>
            <line number="70" hits="0" branch="false"/>
            <line number="76" hits="0" branch="false"/>
            <line number="83" hits="0" branch="false"/>
            <line number="84" hits="0" branch="false"/>
            <line number="99" hits="1" branch="false"/>
            <line number="100" hits="0" branch="false"/>
            <line number="102" hits="0" branch="true" condition-coverage="0% (0/2)"/>
            <line number="104" hits="0" branch="false"/>
            <line number="105" hits="0" branch="true" condition-coverage="0% (0/2)"/>
            <line number="106" hits="0" branch="false"/>
            <line number="108" hits="0" branch="false"/>
            <line number="109" hits="0" branch="true" condition-coverage="0% (0/2)"/>
            <line number="110" hits="0" branch="false"/>
            <line number="111" hits="0" branch="false"/>
            <line number="113" hits="0" branch="true" condition-coverage="0% (0/2)"/>
            <line number="114" hits="0" branch="false"/>
            <line number="121" hits="0" branch="false"/>
            <line number="130" hits="0" branch="false"/>
            <line number="136" hits="0" branch="false"/>
            <line number="142" hits="0" branch="false"/>
            <line number="143" hits="0" branch="false"/>
          </lines>
        </class>
        <class name="profileUpload.js" filename="src/mutations/profileUpload.js" line-rate="0.3" branch-rate="0">
          <methods>
            <method name="(anonymous_0)" hits="0" signature="()V">
              <lines>
                <line number="17" hits="0"/>
              </lines>
            </method>
          </methods>
          <lines>
            <line number="15" hits="1" branch="false"/>
            <line number="16" hits="1" branch="false"/>
            <line number="17" hits="1" branch="false"/>
            <line number="18" hits="0" branch="true" condition-coverage="0% (0/2)"/>
            <line number="19" hits="0" branch="false"/>
            <line number="20" hits="0" branch="false"/>
            <line number="21" hits="0" branch="false"/>
            <line number="22" hits="0" branch="true" condition-coverage="0% (0/2)"/>
            <line number="23" hits="0" branch="false"/>
            <line number="29" hits="0" branch="false"/>
          </lines>
        </class>
        <class name="user.js" filename="src/mutations/user.js" line-rate="0.6036" branch-rate="0.4138">
          <methods>
            <method name="(anonymous_0)" hits="2" signature="()V">
              <lines>
                <line number="30" hits="2"/>
              </lines>
            </method>
            <method name="(anonymous_1)" hits="0" signature="()V">
              <lines>
                <line number="82" hits="0"/>
              </lines>
            </method>
            <method name="(anonymous_2)" hits="0" signature="()V">
              <lines>
                <line number="131" hits="0"/>
              </lines>
            </method>
            <method name="(anonymous_3)" hits="2" signature="()V">
              <lines>
                <line number="196" hits="2"/>
              </lines>
            </method>
            <method name="(anonymous_4)" hits="3" signature="()V">
              <lines>
                <line number="279" hits="3"/>
              </lines>
            </method>
          </methods>
          <lines>
            <line number="16" hits="1" branch="false"/>
            <line number="17" hits="1" branch="false"/>
            <line number="18" hits="1" branch="false"/>
            <line number="19" hits="1" branch="false"/>
            <line number="20" hits="1" branch="false"/>
            <line number="21" hits="1" branch="false"/>
            <line number="30" hits="1" branch="false"/>
            <line number="31" hits="2" branch="false"/>
            <line number="35" hits="2" branch="false"/>
            <line number="37" hits="2" branch="false"/>
            <line number="38" hits="2" branch="false"/>
            <line number="39" hits="2" branch="true" condition-coverage="100% (2/2)"/>
            <line number="41" hits="1" branch="false"/>
            <line number="42" hits="1" branch="false"/>
            <line number="43" hits="1" branch="false"/>
            <line number="45" hits="1" branch="false"/>
            <line number="47" hits="1" branch="false"/>
            <line number="57" hits="1" branch="false"/>
            <line number="60" hits="1" branch="false"/>
            <line number="61" hits="1" branch="true" condition-coverage="83.33333333333334% (5/6)"/>
            <line number="65" hits="0" branch="false"/>
            <line number="68" hits="1" branch="false"/>
            <line number="69" hits="1" branch="false"/>
            <line number="82" hits="1" branch="false"/>
            <line number="83" hits="0" branch="false"/>
            <line number="87" hits="0" branch="false"/>
            <line number="88" hits="0" branch="false"/>
            <line number="90" hits="0" branch="false"/>
            <line number="92" hits="0" branch="false"/>
            <line number="93" hits="0" branch="true" condition-coverage="0% (0/2)"/>
            <line number="95" hits="0" branch="false"/>
            <line number="106" hits="0" branch="false"/>
            <line number="110" hits="0" branch="true" condition-coverage="0% (0/6)"/>
            <line number="114" hits="0" branch="false"/>
            <line number="117" hits="0" branch="false"/>
            <line number="118" hits="0" branch="false"/>
            <line number="131" hits="1" branch="false"/>
            <line number="132" hits="0" branch="false"/>
            <line number="136" hits="0" branch="false"/>
            <line number="138" hits="0" branch="true" condition-coverage="0% (0/2)"/>
            <line number="143" hits="0" branch="false"/>
            <line number="146" hits="0" branch="true" condition-coverage="0% (0/2)"/>
            <line number="151" hits="0" branch="false"/>
            <line number="153" hits="0" branch="false"/>
            <line number="155" hits="0" branch="false"/>
            <line number="157" hits="0" branch="false"/>
            <line number="159" hits="0" branch="false"/>
            <line number="160" hits="0" branch="true" condition-coverage="0% (0/2)"/>
            <line number="161" hits="0" branch="false"/>
            <line number="170" hits="0" branch="false"/>
            <line number="174" hits="0" branch="true" condition-coverage="0% (0/6)"/>
            <line number="178" hits="0" branch="false"/>
            <line number="181" hits="0" branch="false"/>
            <line number="182" hits="0" branch="false"/>
            <line number="196" hits="1" branch="false"/>
            <line number="197" hits="2" branch="false"/>
            <line number="201" hits="2" branch="false"/>
            <line number="203" hits="2" branch="false"/>
            <line number="204" hits="2" branch="true" condition-coverage="50% (1/2)"/>
            <line number="205" hits="0" branch="false"/>
            <line number="211" hits="2" branch="true" condition-coverage="50% (1/2)"/>
            <line number="212" hits="0" branch="false"/>
            <line number="218" hits="2" branch="false"/>
            <line number="220" hits="2" branch="true" condition-coverage="100% (2/2)"/>
            <line number="221" hits="1" branch="false"/>
            <line number="227" hits="1" branch="false"/>
            <line number="229" hits="1" branch="false"/>
            <line number="237" hits="1" branch="false"/>
            <line number="238" hits="1" branch="false"/>
            <line number="239" hits="1" branch="false"/>
            <line number="240" hits="1" branch="false"/>
            <line number="241" hits="1" branch="false"/>
            <line number="242" hits="1" branch="true" condition-coverage="50% (1/2)"/>
            <line number="244" hits="1" branch="false"/>
            <line number="245" hits="1" branch="false"/>
            <line number="251" hits="0" branch="false"/>
            <line number="258" hits="0" branch="true" condition-coverage="0% (0/6)"/>
            <line number="262" hits="0" branch="false"/>
            <line number="265" hits="0" branch="false"/>
            <line number="266" hits="0" branch="false"/>
            <line number="279" hits="1" branch="false"/>
            <line number="280" hits="3" branch="false"/>
            <line number="284" hits="3" branch="false"/>
            <line number="286" hits="3" branch="false"/>
            <line number="287" hits="3" branch="true" condition-coverage="50% (1/2)"/>
            <line number="288" hits="0" branch="false"/>
            <line number="289" hits="0" branch="false"/>
            <line number="292" hits="3" branch="true" condition-coverage="100% (2/2)"/>
            <line number="297" hits="1" branch="false"/>
            <line number="298" hits="1" branch="false"/>
            <line number="301" hits="2" branch="false"/>
            <line number="302" hits="2" branch="true" condition-coverage="50% (1/2)"/>
            <line number="303" hits="2" branch="true" condition-coverage="100% (2/2)"/>
            <line number="308" hits="1" branch="false"/>
            <line number="309" hits="1" branch="false"/>
            <line number="312" hits="1" branch="false"/>
            <line number="313" hits="1" branch="true" condition-coverage="50% (1/2)"/>
            <line number="315" hits="1" branch="false"/>
            <line number="317" hits="1" branch="false"/>
            <line number="320" hits="1" branch="false"/>
            <line number="321" hits="1" branch="false"/>
            <line number="322" hits="1" branch="false"/>
            <line number="333" hits="0" branch="false"/>
            <line number="334" hits="0" branch="false"/>
            <line number="338" hits="0" branch="false"/>
            <line number="339" hits="0" branch="false"/>
            <line number="343" hits="2" branch="false"/>
            <line number="344" hits="2" branch="true" condition-coverage="83.33333333333334% (5/6)"/>
            <line number="348" hits="0" branch="false"/>
            <line number="351" hits="2" branch="false"/>
            <line number="352" hits="2" branch="false"/>
          </lines>
        </class>
      </classes>
    </package>
  </packages>
</coverage>
