TN:
SF:/home/admin1/apollo graphql/server.js
FN:38,(anonymous_0)
FN:53,(anonymous_1)
FNF:2
FNH:2
FNDA:36,(anonymous_0)
FNDA:1,(anonymous_1)
DA:19,1
DA:20,1
DA:21,1
DA:22,1
DA:24,1
DA:25,1
DA:26,1
DA:27,1
DA:28,1
DA:30,1
DA:33,1
DA:35,1
DA:38,36
DA:47,1
DA:50,1
DA:53,1
DA:54,1
LF:17
LH:17
BRF:0
BRH:0
end_of_record
TN:
SF:/home/admin1/apollo graphql/config/mongoDBconnection.js
FN:18,mongoConnect
FN:22,(anonymous_1)
FN:27,(anonymous_2)
FN:31,(anonymous_3)
FNF:4
FNH:2
FNDA:1,mongoConnect
FNDA:0,(anonymous_1)
FNDA:0,(anonymous_2)
FNDA:1,(anonymous_3)
DA:16,1
DA:20,1
DA:22,1
DA:23,0
DA:24,0
DA:27,1
DA:28,0
DA:29,0
DA:31,1
DA:32,1
DA:35,1
LF:11
LH:7
BRF:0
BRH:0
end_of_record
TN:
SF:/home/admin1/apollo graphql/config/redisConnection.js
FN:17,(anonymous_0)
FN:19,(anonymous_1)
FN:22,(anonymous_2)
FN:26,(anonymous_3)
FNF:4
FNH:2
FNDA:1,(anonymous_0)
FNDA:1,(anonymous_1)
FNDA:0,(anonymous_2)
FNDA:0,(anonymous_3)
DA:16,1
DA:17,1
DA:18,1
DA:19,1
DA:20,1
DA:22,1
DA:23,0
DA:24,0
DA:26,1
DA:27,0
DA:28,0
LF:11
LH:7
BRF:0
BRH:0
end_of_record
TN:
SF:/home/admin1/apollo graphql/model/collaborate.js
FNF:0
FNH:0
DA:16,1
DA:18,1
DA:20,1
DA:38,1
DA:39,1
LF:5
LH:5
BRF:0
BRH:0
end_of_record
TN:
SF:/home/admin1/apollo graphql/model/issuseModel.js
FNF:0
FNH:0
DA:16,1
DA:17,1
DA:18,1
DA:36,1
LF:4
LH:4
BRF:0
BRH:0
end_of_record
TN:
SF:/home/admin1/apollo graphql/model/labelModel.js
FNF:0
FNH:0
DA:16,1
DA:18,1
DA:20,1
DA:35,1
DA:36,1
LF:5
LH:5
BRF:0
BRH:0
end_of_record
TN:
SF:/home/admin1/apollo graphql/model/notesModel.js
FNF:0
FNH:0
DA:15,1
DA:16,1
DA:17,1
DA:18,1
DA:55,1
DA:66,1
LF:6
LH:6
BRF:0
BRH:0
end_of_record
TN:
SF:/home/admin1/apollo graphql/model/userModel.js
FNF:0
FNH:0
DA:16,1
DA:17,1
DA:18,1
DA:59,1
LF:4
LH:4
BRF:0
BRH:0
end_of_record
TN:
SF:/home/admin1/apollo graphql/services/authenticationService.js
FN:4,(anonymous_0)
FN:5,(anonymous_1)
FNF:2
FNH:2
FNDA:3,(anonymous_0)
FNDA:3,(anonymous_1)
DA:1,1
DA:2,1
DA:4,1
DA:5,3
DA:6,3
DA:7,3
DA:8,3
DA:9,3
DA:10,3
DA:13,0
DA:17,0
DA:18,0
LF:12
LH:9
BRDA:9,0,0,3
BRDA:9,0,1,0
BRF:2
BRH:1
end_of_record
TN:
SF:/home/admin1/apollo graphql/services/axiosService.js
FN:8,(anonymous_0)
FN:9,(anonymous_1)
FN:20,(anonymous_2)
FN:23,(anonymous_3)
FNF:4
FNH:4
FNDA:4,(anonymous_0)
FNDA:4,(anonymous_1)
FNDA:2,(anonymous_2)
FNDA:2,(anonymous_3)
DA:1,1
DA:8,1
DA:9,4
DA:10,4
DA:21,2
DA:24,2
DA:25,2
LF:7
LH:7
BRF:0
BRH:0
end_of_record
TN:
SF:/home/admin1/apollo graphql/services/logger.js
FNF:0
FNH:0
DA:1,1
DA:2,1
DA:18,1
DA:19,1
DA:20,1
LF:5
LH:5
BRF:0
BRH:0
end_of_record
TN:
SF:/home/admin1/apollo graphql/services/nodemailer.js
FN:19,(anonymous_0)
FN:37,(anonymous_1)
FNF:2
FNH:2
FNDA:3,(anonymous_0)
FNDA:2,(anonymous_1)
DA:17,1
DA:19,1
DA:20,3
DA:21,3
DA:29,3
DA:37,3
DA:38,2
DA:39,0
DA:40,0
DA:43,2
DA:47,0
LF:11
LH:8
BRDA:38,0,0,0
BRDA:38,0,1,2
BRF:2
BRH:1
end_of_record
TN:
SF:/home/admin1/apollo graphql/src/resolvers.js
FN:109,(anonymous_0)
FN:138,(anonymous_1)
FN:155,(anonymous_2)
FNF:3
FNH:0
FNDA:0,(anonymous_0)
FNDA:0,(anonymous_1)
FNDA:0,(anonymous_2)
DA:17,1
DA:18,1
DA:19,1
DA:20,1
DA:23,1
DA:24,1
DA:25,1
DA:26,1
DA:27,1
DA:28,1
DA:29,1
DA:30,1
DA:31,1
DA:32,1
DA:33,1
DA:34,1
DA:35,1
DA:36,1
DA:37,1
DA:38,1
DA:39,1
DA:40,1
DA:41,1
DA:42,1
DA:43,1
DA:44,1
DA:45,1
DA:46,1
DA:48,1
DA:49,1
DA:50,1
DA:51,1
DA:52,1
DA:53,1
DA:54,1
DA:55,1
DA:60,1
DA:61,1
DA:62,1
DA:65,1
DA:110,0
DA:112,0
DA:114,0
DA:115,0
DA:116,0
DA:117,0
DA:118,0
DA:122,0
DA:123,0
DA:124,0
DA:125,0
DA:126,0
DA:131,0
DA:132,0
DA:139,0
DA:142,0
DA:143,0
DA:144,0
DA:145,0
DA:148,0
DA:149,0
DA:156,0
DA:159,0
DA:160,0
DA:161,0
DA:163,0
DA:166,0
DA:167,0
LF:68
LH:40
BRDA:114,0,0,0
BRDA:114,0,1,0
BRDA:116,1,0,0
BRDA:116,1,1,0
BRDA:117,2,0,0
BRDA:117,2,1,0
BRDA:124,3,0,0
BRDA:124,3,1,0
BRDA:125,4,0,0
BRDA:125,4,1,0
BRDA:143,5,0,0
BRDA:143,5,1,0
BRDA:144,6,0,0
BRDA:144,6,1,0
BRDA:160,7,0,0
BRDA:160,7,1,0
BRDA:161,8,0,0
BRDA:161,8,1,0
BRF:18
BRH:0
end_of_record
TN:
SF:/home/admin1/apollo graphql/src/schema.js
FNF:0
FNH:0
DA:1,1
DA:3,1
DA:109,1
LF:3
LH:3
BRF:0
BRH:0
end_of_record
TN:
SF:/home/admin1/apollo graphql/src/Query/userQuery.js
FN:10,(anonymous_0)
FN:33,(anonymous_1)
FN:58,(anonymous_2)
FNF:3
FNH:0
FNDA:0,(anonymous_0)
FNDA:0,(anonymous_1)
FNDA:0,(anonymous_2)
DA:1,1
DA:2,1
DA:3,1
DA:10,1
DA:11,0
DA:12,0
DA:13,0
DA:14,0
DA:15,0
DA:16,0
DA:20,0
DA:26,0
DA:27,0
DA:33,1
DA:34,0
DA:35,0
DA:36,0
DA:37,0
DA:38,0
DA:39,0
DA:40,0
DA:41,0
DA:45,0
DA:51,0
DA:52,0
DA:58,1
DA:59,0
DA:60,0
DA:61,0
DA:62,0
DA:63,0
DA:64,0
DA:65,0
DA:69,0
DA:75,0
DA:76,0
LF:36
LH:6
BRDA:12,0,0,0
BRDA:12,0,1,0
BRDA:14,1,0,0
BRDA:14,1,1,0
BRDA:35,2,0,0
BRDA:35,2,1,0
BRDA:38,3,0,0
BRDA:38,3,1,0
BRDA:60,4,0,0
BRDA:60,4,1,0
BRDA:63,5,0,0
BRDA:63,5,1,0
BRF:12
BRH:0
end_of_record
TN:
SF:/home/admin1/apollo graphql/src/mutations/addCollaborator.js
FN:32,(anonymous_0)
FN:107,(anonymous_1)
FNF:2
FNH:2
FNDA:1,(anonymous_0)
FNDA:1,(anonymous_1)
DA:18,1
DA:19,1
DA:20,1
DA:21,1
DA:22,1
DA:23,1
DA:32,1
DA:34,1
DA:35,1
DA:36,1
DA:37,1
DA:38,1
DA:39,1
DA:40,0
DA:45,1
DA:46,1
DA:47,0
DA:52,1
DA:53,1
DA:54,0
DA:59,1
DA:60,1
DA:61,1
DA:62,0
DA:67,1
DA:72,1
DA:73,1
DA:74,1
DA:75,1
DA:76,1
DA:82,0
DA:89,0
DA:94,0
DA:95,0
DA:107,1
DA:109,1
DA:110,1
DA:111,1
DA:112,1
DA:113,1
DA:114,1
DA:115,0
DA:120,1
DA:121,1
DA:122,0
DA:127,1
DA:128,1
DA:129,0
DA:134,1
DA:135,1
DA:136,1
DA:137,0
DA:138,0
DA:139,0
DA:146,1
DA:153,0
DA:158,0
DA:159,0
LF:58
LH:41
BRDA:35,0,0,1
BRDA:35,0,1,0
BRDA:39,1,0,0
BRDA:39,1,1,1
BRDA:46,2,0,0
BRDA:46,2,1,1
BRDA:53,3,0,0
BRDA:53,3,1,1
BRDA:61,4,0,0
BRDA:61,4,1,1
BRDA:73,5,0,1
BRDA:73,5,1,0
BRDA:110,6,0,1
BRDA:110,6,1,0
BRDA:114,7,0,0
BRDA:114,7,1,1
BRDA:121,8,0,0
BRDA:121,8,1,1
BRDA:128,9,0,0
BRDA:128,9,1,1
BRDA:136,10,0,0
BRDA:136,10,1,1
BRF:22
BRH:11
end_of_record
TN:
SF:/home/admin1/apollo graphql/src/mutations/git.js
FN:32,(anonymous_0)
FN:101,(anonymous_1)
FN:157,(anonymous_2)
FN:211,(anonymous_3)
FN:263,(anonymous_4)
FN:318,(anonymous_5)
FN:373,(anonymous_6)
FN:417,(anonymous_7)
FN:434,(anonymous_8)
FNF:9
FNH:4
FNDA:0,(anonymous_0)
FNDA:0,(anonymous_1)
FNDA:1,(anonymous_2)
FNDA:1,(anonymous_3)
FNDA:2,(anonymous_4)
FNDA:2,(anonymous_5)
FNDA:0,(anonymous_6)
FNDA:0,(anonymous_7)
FNDA:0,(anonymous_8)
DA:18,1
DA:19,1
DA:20,1
DA:21,1
DA:22,1
DA:23,1
DA:32,1
DA:33,0
DA:35,0
DA:37,0
DA:38,0
DA:40,0
DA:41,0
DA:42,0
DA:45,0
DA:50,0
DA:52,0
DA:53,0
DA:54,0
DA:55,0
DA:60,0
DA:63,0
DA:64,0
DA:69,0
DA:77,0
DA:86,0
DA:87,0
DA:101,1
DA:102,0
DA:104,0
DA:106,0
DA:107,0
DA:109,0
DA:110,0
DA:111,0
DA:114,0
DA:120,0
DA:121,0
DA:122,0
DA:123,0
DA:129,0
DA:135,0
DA:141,0
DA:142,0
DA:157,1
DA:159,1
DA:161,1
DA:162,1
DA:163,1
DA:165,1
DA:166,1
DA:167,1
DA:168,1
DA:172,1
DA:175,1
DA:181,0
DA:189,0
DA:196,0
DA:211,1
DA:213,1
DA:215,1
DA:216,1
DA:217,1
DA:219,1
DA:220,1
DA:221,1
DA:222,1
DA:226,1
DA:229,1
DA:235,0
DA:243,0
DA:250,0
DA:263,1
DA:264,2
DA:265,2
DA:266,2
DA:267,2
DA:268,2
DA:270,2
DA:271,2
DA:272,2
DA:273,2
DA:274,2
DA:275,1
DA:281,0
DA:288,0
DA:295,0
DA:302,1
DA:303,1
DA:318,1
DA:319,2
DA:320,2
DA:321,2
DA:322,2
DA:324,2
DA:325,2
DA:326,2
DA:327,2
DA:328,2
DA:329,1
DA:335,0
DA:342,0
DA:349,0
DA:356,1
DA:357,1
DA:373,1
DA:374,0
DA:375,0
DA:376,0
DA:378,0
DA:379,0
DA:380,0
DA:384,0
DA:387,0
DA:388,0
DA:391,0
DA:399,0
DA:400,0
DA:417,1
DA:418,0
DA:419,0
DA:420,0
DA:421,0
DA:422,0
DA:423,0
DA:424,0
DA:428,0
DA:431,0
DA:432,0
DA:433,0
DA:434,0
DA:435,0
DA:438,0
DA:439,0
DA:443,0
DA:444,0
DA:445,0
DA:448,0
DA:452,0
DA:459,0
DA:460,0
LF:141
LH:59
BRDA:35,0,0,0
BRDA:35,0,1,0
BRDA:38,1,0,0
BRDA:38,1,1,0
BRDA:41,2,0,0
BRDA:41,2,1,0
BRDA:41,3,0,0
BRDA:41,3,1,0
BRDA:104,4,0,0
BRDA:104,4,1,0
BRDA:107,5,0,0
BRDA:107,5,1,0
BRDA:110,6,0,0
BRDA:110,6,1,0
BRDA:110,7,0,0
BRDA:110,7,1,0
BRDA:159,8,0,1
BRDA:159,8,1,0
BRDA:162,9,0,1
BRDA:162,9,1,0
BRDA:166,10,0,1
BRDA:166,10,1,0
BRDA:166,11,0,1
BRDA:166,11,1,1
BRDA:213,12,0,1
BRDA:213,12,1,0
BRDA:216,13,0,1
BRDA:216,13,1,0
BRDA:220,14,0,1
BRDA:220,14,1,0
BRDA:220,15,0,1
BRDA:220,15,1,1
BRDA:265,16,0,2
BRDA:265,16,1,0
BRDA:267,17,0,2
BRDA:267,17,1,0
BRDA:271,18,0,2
BRDA:271,18,1,0
BRDA:271,19,0,2
BRDA:271,19,1,2
BRDA:320,20,0,2
BRDA:320,20,1,0
BRDA:322,21,0,2
BRDA:322,21,1,0
BRDA:325,22,0,2
BRDA:325,22,1,0
BRDA:325,23,0,2
BRDA:325,23,1,2
BRDA:375,24,0,0
BRDA:375,24,1,0
BRDA:419,25,0,0
BRDA:419,25,1,0
BRDA:444,26,0,0
BRDA:444,26,1,0
BRF:54
BRH:20
end_of_record
TN:
SF:/home/admin1/apollo graphql/src/mutations/labels.js
FN:28,(anonymous_0)
FN:153,(anonymous_1)
FN:225,(anonymous_2)
FNF:3
FNH:3
FNDA:3,(anonymous_0)
FNDA:2,(anonymous_1)
FNDA:2,(anonymous_2)
DA:17,1
DA:18,1
DA:19,1
DA:28,1
DA:29,3
DA:33,3
DA:35,3
DA:36,3
DA:37,3
DA:38,3
DA:39,1
DA:42,2
DA:43,2
DA:44,0
DA:47,2
DA:48,2
DA:49,2
DA:51,2
DA:53,2
DA:60,0
DA:65,0
DA:70,0
DA:75,1
DA:79,0
DA:82,1
DA:83,1
DA:153,1
DA:154,2
DA:158,2
DA:160,2
DA:161,2
DA:162,2
DA:163,2
DA:165,2
DA:166,2
DA:168,0
DA:170,0
DA:181,2
DA:190,0
DA:199,0
DA:203,2
DA:207,0
DA:210,2
DA:211,2
DA:225,1
DA:226,2
DA:230,2
DA:231,2
DA:233,2
DA:238,0
DA:240,2
DA:241,2
DA:243,2
DA:244,2
DA:245,2
DA:247,0
DA:249,0
DA:260,2
DA:271,0
DA:276,2
DA:280,0
DA:283,2
DA:284,2
LF:63
LH:48
BRDA:35,0,0,3
BRDA:35,0,1,0
BRDA:37,1,0,3
BRDA:37,1,1,0
BRDA:38,2,0,1
BRDA:38,2,1,2
BRDA:43,3,0,0
BRDA:43,3,1,2
BRDA:49,4,0,2
BRDA:49,4,1,0
BRDA:75,5,0,0
BRDA:75,5,1,1
BRDA:75,6,0,1
BRDA:75,6,1,1
BRDA:75,6,2,1
BRDA:75,6,3,1
BRDA:160,7,0,2
BRDA:160,7,1,0
BRDA:162,8,0,2
BRDA:162,8,1,0
BRDA:166,9,0,0
BRDA:166,9,1,2
BRDA:203,10,0,0
BRDA:203,10,1,2
BRDA:203,11,0,2
BRDA:203,11,1,2
BRDA:203,11,2,2
BRDA:203,11,3,2
BRDA:231,12,0,2
BRDA:231,12,1,0
BRDA:233,13,0,0
BRDA:233,13,1,2
BRDA:233,14,0,2
BRDA:233,14,1,2
BRDA:241,15,0,2
BRDA:241,15,1,0
BRDA:245,16,0,0
BRDA:245,16,1,2
BRDA:276,17,0,0
BRDA:276,17,1,2
BRDA:276,18,0,2
BRDA:276,18,1,2
BRDA:276,18,2,2
BRDA:276,18,3,2
BRF:44
BRH:30
end_of_record
TN:
SF:/home/admin1/apollo graphql/src/mutations/notes.js
FN:30,(anonymous_0)
FN:99,(anonymous_1)
FN:163,(anonymous_2)
FN:230,(anonymous_3)
FN:299,(anonymous_4)
FN:372,(anonymous_5)
FN:446,(anonymous_6)
FN:520,(anonymous_7)
FN:595,(anonymous_8)
FN:667,(anonymous_9)
FN:766,(anonymous_10)
FNF:11
FNH:9
FNDA:2,(anonymous_0)
FNDA:2,(anonymous_1)
FNDA:2,(anonymous_2)
FNDA:2,(anonymous_3)
FNDA:0,(anonymous_4)
FNDA:1,(anonymous_5)
FNDA:1,(anonymous_6)
FNDA:1,(anonymous_7)
FNDA:1,(anonymous_8)
FNDA:0,(anonymous_9)
FNDA:2,(anonymous_10)
DA:18,1
DA:19,1
DA:20,1
DA:21,1
DA:30,1
DA:31,2
DA:35,2
DA:36,2
DA:37,2
DA:38,2
DA:40,2
DA:41,2
DA:42,2
DA:43,2
DA:49,0
DA:50,0
DA:51,0
DA:52,0
DA:53,0
DA:59,0
DA:66,0
DA:73,0
DA:80,0
DA:84,0
DA:87,0
DA:88,0
DA:99,1
DA:100,2
DA:104,2
DA:106,2
DA:108,2
DA:109,2
DA:110,2
DA:111,2
DA:113,0
DA:120,2
DA:128,0
DA:136,0
DA:143,0
DA:147,0
DA:150,0
DA:151,0
DA:163,1
DA:164,2
DA:168,2
DA:170,2
DA:172,2
DA:173,0
DA:179,2
DA:180,2
DA:182,2
DA:183,2
DA:184,2
DA:186,0
DA:193,2
DA:203,0
DA:211,0
DA:215,0
DA:218,0
DA:219,0
DA:230,1
DA:231,2
DA:235,2
DA:237,2
DA:238,2
DA:239,2
DA:242,2
DA:243,2
DA:245,2
DA:246,0
DA:252,2
DA:253,2
DA:255,0
DA:262,2
DA:271,0
DA:280,0
DA:284,0
DA:287,0
DA:288,0
DA:299,1
DA:300,0
DA:304,0
DA:306,0
DA:308,0
DA:309,0
DA:314,0
DA:315,0
DA:317,0
DA:319,0
DA:320,0
DA:322,0
DA:329,0
DA:337,0
DA:345,0
DA:353,0
DA:357,0
DA:360,0
DA:361,0
DA:372,1
DA:373,1
DA:377,1
DA:379,1
DA:381,1
DA:382,1
DA:384,1
DA:386,1
DA:387,0
DA:393,1
DA:394,1
DA:396,1
DA:403,0
DA:411,0
DA:420,0
DA:427,0
DA:431,0
DA:434,0
DA:435,0
DA:446,1
DA:447,1
DA:451,1
DA:453,1
DA:455,1
DA:456,1
DA:458,1
DA:460,1
DA:462,0
DA:467,1
DA:469,1
DA:470,1
DA:477,0
DA:485,0
DA:494,0
DA:501,0
DA:505,0
DA:508,0
DA:509,0
DA:520,1
DA:521,1
DA:525,1
DA:527,1
DA:529,1
DA:530,1
DA:532,1
DA:534,1
DA:536,0
DA:542,1
DA:543,1
DA:545,1
DA:552,0
DA:560,0
DA:569,0
DA:576,0
DA:580,0
DA:583,0
DA:584,0
DA:595,1
DA:596,1
DA:601,1
DA:602,1
DA:604,1
DA:605,1
DA:606,1
DA:607,1
DA:609,0
DA:614,1
DA:615,1
DA:617,1
DA:624,0
DA:632,0
DA:641,0
DA:647,0
DA:648,0
DA:652,0
DA:655,0
DA:656,0
DA:667,1
DA:668,0
DA:672,0
DA:674,0
DA:676,0
DA:677,0
DA:678,0
DA:680,0
DA:681,0
DA:686,0
DA:688,0
DA:695,0
DA:697,0
DA:701,0
DA:705,0
DA:707,0
DA:708,0
DA:710,0
DA:711,0
DA:712,0
DA:716,0
DA:717,0
DA:722,0
DA:725,0
DA:733,0
DA:741,0
DA:748,0
DA:752,0
DA:755,0
DA:756,0
DA:766,1
DA:767,2
DA:772,2
DA:773,2
DA:775,2
DA:777,2
DA:778,2
DA:779,2
DA:780,2
DA:781,2
DA:783,2
DA:784,2
DA:785,2
DA:787,2
DA:798,0
DA:802,0
DA:812,0
DA:815,0
DA:816,0
DA:820,0
DA:823,0
DA:824,0
LF:227
LH:106
BRDA:36,0,0,2
BRDA:36,0,1,0
BRDA:38,1,0,2
BRDA:38,1,1,0
BRDA:42,2,0,2
BRDA:42,2,1,0
BRDA:52,3,0,0
BRDA:52,3,1,0
BRDA:80,4,0,0
BRDA:80,4,1,0
BRDA:80,5,0,0
BRDA:80,5,1,0
BRDA:80,5,2,0
BRDA:80,5,3,0
BRDA:106,6,0,2
BRDA:106,6,1,0
BRDA:109,7,0,2
BRDA:109,7,1,0
BRDA:111,8,0,0
BRDA:111,8,1,2
BRDA:143,9,0,0
BRDA:143,9,1,0
BRDA:143,10,0,0
BRDA:143,10,1,0
BRDA:143,10,2,0
BRDA:143,10,3,0
BRDA:170,11,0,2
BRDA:170,11,1,0
BRDA:172,12,0,0
BRDA:172,12,1,2
BRDA:172,13,0,2
BRDA:172,13,1,2
BRDA:180,14,0,2
BRDA:180,14,1,0
BRDA:184,15,0,0
BRDA:184,15,1,2
BRDA:211,16,0,0
BRDA:211,16,1,0
BRDA:211,17,0,0
BRDA:211,17,1,0
BRDA:211,17,2,0
BRDA:211,17,3,0
BRDA:237,18,0,2
BRDA:237,18,1,0
BRDA:239,19,0,2
BRDA:239,19,1,0
BRDA:245,20,0,0
BRDA:245,20,1,2
BRDA:253,21,0,0
BRDA:253,21,1,2
BRDA:280,22,0,0
BRDA:280,22,1,0
BRDA:280,23,0,0
BRDA:280,23,1,0
BRDA:280,23,2,0
BRDA:280,23,3,0
BRDA:306,24,0,0
BRDA:306,24,1,0
BRDA:308,25,0,0
BRDA:308,25,1,0
BRDA:308,26,0,0
BRDA:308,26,1,0
BRDA:315,27,0,0
BRDA:315,27,1,0
BRDA:319,28,0,0
BRDA:319,28,1,0
BRDA:353,29,0,0
BRDA:353,29,1,0
BRDA:353,30,0,0
BRDA:353,30,1,0
BRDA:353,30,2,0
BRDA:353,30,3,0
BRDA:379,31,0,1
BRDA:379,31,1,0
BRDA:382,32,0,1
BRDA:382,32,1,0
BRDA:386,33,0,0
BRDA:386,33,1,1
BRDA:394,34,0,1
BRDA:394,34,1,0
BRDA:427,35,0,0
BRDA:427,35,1,0
BRDA:427,36,0,0
BRDA:427,36,1,0
BRDA:427,36,2,0
BRDA:427,36,3,0
BRDA:453,37,0,1
BRDA:453,37,1,0
BRDA:456,38,0,1
BRDA:456,38,1,0
BRDA:460,39,0,0
BRDA:460,39,1,1
BRDA:469,40,0,1
BRDA:469,40,1,0
BRDA:501,41,0,0
BRDA:501,41,1,0
BRDA:501,42,0,0
BRDA:501,42,1,0
BRDA:501,42,2,0
BRDA:501,42,3,0
BRDA:527,43,0,1
BRDA:527,43,1,0
BRDA:530,44,0,1
BRDA:530,44,1,0
BRDA:534,45,0,0
BRDA:534,45,1,1
BRDA:543,46,0,1
BRDA:543,46,1,0
BRDA:576,47,0,0
BRDA:576,47,1,0
BRDA:576,48,0,0
BRDA:576,48,1,0
BRDA:576,48,2,0
BRDA:576,48,3,0
BRDA:602,49,0,1
BRDA:602,49,1,0
BRDA:605,50,0,1
BRDA:605,50,1,0
BRDA:607,51,0,0
BRDA:607,51,1,1
BRDA:615,52,0,1
BRDA:615,52,1,0
BRDA:648,53,0,0
BRDA:648,53,1,0
BRDA:648,54,0,0
BRDA:648,54,1,0
BRDA:648,54,2,0
BRDA:648,54,3,0
BRDA:674,55,0,0
BRDA:674,55,1,0
BRDA:677,56,0,0
BRDA:677,56,1,0
BRDA:680,57,0,0
BRDA:680,57,1,0
BRDA:686,58,0,0
BRDA:686,58,1,0
BRDA:711,59,0,0
BRDA:711,59,1,0
BRDA:716,60,0,0
BRDA:716,60,1,0
BRDA:748,61,0,0
BRDA:748,61,1,0
BRDA:748,62,0,0
BRDA:748,62,1,0
BRDA:748,62,2,0
BRDA:748,62,3,0
BRDA:773,63,0,2
BRDA:773,63,1,0
BRDA:779,64,0,2
BRDA:779,64,1,0
BRDA:781,65,0,2
BRDA:781,65,1,0
BRDA:784,66,0,2
BRDA:784,66,1,0
BRDA:816,67,0,0
BRDA:816,67,1,0
BRDA:816,68,0,0
BRDA:816,68,1,0
BRDA:816,68,2,0
BRDA:816,68,3,0
BRF:160
BRH:36
end_of_record
TN:
SF:/home/admin1/apollo graphql/src/mutations/oAuth.js
FN:32,(anonymous_0)
FN:99,(anonymous_1)
FNF:2
FNH:0
FNDA:0,(anonymous_0)
FNDA:0,(anonymous_1)
DA:15,1
DA:16,1
DA:17,1
DA:18,1
DA:19,1
DA:32,1
DA:33,0
DA:35,0
DA:36,0
DA:39,0
DA:42,0
DA:45,0
DA:48,0
DA:51,0
DA:54,0
DA:56,0
DA:58,0
DA:61,0
DA:62,0
DA:65,0
DA:66,0
DA:69,0
DA:70,0
DA:76,0
DA:83,0
DA:84,0
DA:99,1
DA:100,0
DA:102,0
DA:104,0
DA:105,0
DA:106,0
DA:108,0
DA:109,0
DA:110,0
DA:111,0
DA:113,0
DA:114,0
DA:121,0
DA:130,0
DA:136,0
DA:142,0
DA:143,0
LF:43
LH:7
BRDA:35,0,0,0
BRDA:35,0,1,0
BRDA:56,1,0,0
BRDA:56,1,1,0
BRDA:102,2,0,0
BRDA:102,2,1,0
BRDA:105,3,0,0
BRDA:105,3,1,0
BRDA:109,4,0,0
BRDA:109,4,1,0
BRDA:113,5,0,0
BRDA:113,5,1,0
BRF:12
BRH:0
end_of_record
TN:
SF:/home/admin1/apollo graphql/src/mutations/profileUpload.js
FN:17,(anonymous_0)
FNF:1
FNH:0
FNDA:0,(anonymous_0)
DA:15,1
DA:16,1
DA:17,1
DA:18,0
DA:19,0
DA:20,0
DA:21,0
DA:22,0
DA:23,0
DA:29,0
LF:10
LH:3
BRDA:18,0,0,0
BRDA:18,0,1,0
BRDA:22,1,0,0
BRDA:22,1,1,0
BRF:4
BRH:0
end_of_record
TN:
SF:/home/admin1/apollo graphql/src/mutations/user.js
FN:30,(anonymous_0)
FN:82,(anonymous_1)
FN:131,(anonymous_2)
FN:196,(anonymous_3)
FN:279,(anonymous_4)
FNF:5
FNH:3
FNDA:2,(anonymous_0)
FNDA:0,(anonymous_1)
FNDA:0,(anonymous_2)
FNDA:2,(anonymous_3)
FNDA:3,(anonymous_4)
DA:16,1
DA:17,1
DA:18,1
DA:19,1
DA:20,1
DA:21,1
DA:30,1
DA:31,2
DA:35,2
DA:37,2
DA:38,2
DA:39,2
DA:41,1
DA:42,1
DA:43,1
DA:45,1
DA:47,1
DA:57,1
DA:60,1
DA:61,1
DA:65,0
DA:68,1
DA:69,1
DA:82,1
DA:83,0
DA:87,0
DA:88,0
DA:90,0
DA:92,0
DA:93,0
DA:95,0
DA:106,0
DA:110,0
DA:114,0
DA:117,0
DA:118,0
DA:131,1
DA:132,0
DA:136,0
DA:138,0
DA:143,0
DA:146,0
DA:151,0
DA:153,0
DA:155,0
DA:157,0
DA:159,0
DA:160,0
DA:161,0
DA:170,0
DA:174,0
DA:178,0
DA:181,0
DA:182,0
DA:196,1
DA:197,2
DA:201,2
DA:203,2
DA:204,2
DA:205,0
DA:211,2
DA:212,0
DA:218,2
DA:220,2
DA:221,1
DA:227,1
DA:229,1
DA:237,1
DA:238,1
DA:239,1
DA:240,1
DA:241,1
DA:242,1
DA:244,1
DA:245,1
DA:251,0
DA:258,0
DA:262,0
DA:265,0
DA:266,0
DA:279,1
DA:280,3
DA:284,3
DA:286,3
DA:287,3
DA:288,0
DA:289,0
DA:292,3
DA:297,1
DA:298,1
DA:301,2
DA:302,2
DA:303,2
DA:308,1
DA:309,1
DA:312,1
DA:313,1
DA:315,1
DA:317,1
DA:320,1
DA:321,1
DA:322,1
DA:333,0
DA:334,0
DA:338,0
DA:339,0
DA:343,2
DA:344,2
DA:348,0
DA:351,2
DA:352,2
LF:111
LH:67
BRDA:39,0,0,1
BRDA:39,0,1,1
BRDA:61,1,0,0
BRDA:61,1,1,1
BRDA:61,2,0,1
BRDA:61,2,1,1
BRDA:61,2,2,1
BRDA:61,2,3,1
BRDA:93,3,0,0
BRDA:93,3,1,0
BRDA:110,4,0,0
BRDA:110,4,1,0
BRDA:110,5,0,0
BRDA:110,5,1,0
BRDA:110,5,2,0
BRDA:110,5,3,0
BRDA:138,6,0,0
BRDA:138,6,1,0
BRDA:146,7,0,0
BRDA:146,7,1,0
BRDA:160,8,0,0
BRDA:160,8,1,0
BRDA:174,9,0,0
BRDA:174,9,1,0
BRDA:174,10,0,0
BRDA:174,10,1,0
BRDA:174,10,2,0
BRDA:174,10,3,0
BRDA:204,11,0,0
BRDA:204,11,1,2
BRDA:211,12,0,0
BRDA:211,12,1,2
BRDA:220,13,0,1
BRDA:220,13,1,1
BRDA:242,14,0,1
BRDA:242,14,1,0
BRDA:258,15,0,0
BRDA:258,15,1,0
BRDA:258,16,0,0
BRDA:258,16,1,0
BRDA:258,16,2,0
BRDA:258,16,3,0
BRDA:287,17,0,0
BRDA:287,17,1,3
BRDA:292,18,0,1
BRDA:292,18,1,2
BRDA:302,19,0,2
BRDA:302,19,1,0
BRDA:303,20,0,1
BRDA:303,20,1,1
BRDA:313,21,0,1
BRDA:313,21,1,0
BRDA:344,22,0,0
BRDA:344,22,1,2
BRDA:344,23,0,2
BRDA:344,23,1,2
BRDA:344,23,2,2
BRDA:344,23,3,2
BRF:58
BRH:24
end_of_record
